[2023-08-04T19:32:36.659+0000] {taskinstance.py:1083} INFO - Dependencies all met for <TaskInstance: basic_etl_dag.extract_task manual__2023-08-04T19:32:32.958313+00:00 [queued]>
[2023-08-04T19:32:36.668+0000] {taskinstance.py:1083} INFO - Dependencies all met for <TaskInstance: basic_etl_dag.extract_task manual__2023-08-04T19:32:32.958313+00:00 [queued]>
[2023-08-04T19:32:36.669+0000] {taskinstance.py:1279} INFO - 
--------------------------------------------------------------------------------
[2023-08-04T19:32:36.669+0000] {taskinstance.py:1280} INFO - Starting attempt 1 of 1
[2023-08-04T19:32:36.669+0000] {taskinstance.py:1281} INFO - 
--------------------------------------------------------------------------------
[2023-08-04T19:32:36.712+0000] {taskinstance.py:1300} INFO - Executing <Task(BashOperator): extract_task> on 2023-08-04 19:32:32.958313+00:00
[2023-08-04T19:32:36.716+0000] {standard_task_runner.py:55} INFO - Started process 61784 to run task
[2023-08-04T19:32:36.721+0000] {standard_task_runner.py:82} INFO - Running: ['airflow', 'tasks', 'run', 'basic_etl_dag', 'extract_task', 'manual__2023-08-04T19:32:32.958313+00:00', '--job-id', '2', '--raw', '--subdir', 'DAGS_FOLDER/basic_etl_dag.py', '--cfg-path', '/tmp/tmplfktzf54']
[2023-08-04T19:32:36.722+0000] {standard_task_runner.py:83} INFO - Job 2: Subtask extract_task
[2023-08-04T19:32:36.794+0000] {task_command.py:388} INFO - Running <TaskInstance: basic_etl_dag.extract_task manual__2023-08-04T19:32:32.958313+00:00 [running]> on host codespaces-657b09
[2023-08-04T19:32:37.001+0000] {taskinstance.py:1507} INFO - Exporting the following env vars:
AIRFLOW_CTX_DAG_OWNER=airflow
AIRFLOW_CTX_DAG_ID=basic_etl_dag
AIRFLOW_CTX_TASK_ID=extract_task
AIRFLOW_CTX_EXECUTION_DATE=2023-08-04T19:32:32.958313+00:00
AIRFLOW_CTX_TRY_NUMBER=1
AIRFLOW_CTX_DAG_RUN_ID=manual__2023-08-04T19:32:32.958313+00:00
[2023-08-04T19:32:37.003+0000] {subprocess.py:63} INFO - Tmp dir root location: 
 /tmp
[2023-08-04T19:32:37.003+0000] {subprocess.py:75} INFO - Running command: ['/usr/bin/bash', '-c', 'wget -c https://datahub.io/core/top-level-domain-names/r/top-level-domain-names.csv.csv -O /workspaces/hands-on-introduction-data-engineering-4395021/lab/end-to-end/basic-etl-extract-data.csv']
[2023-08-04T19:32:37.010+0000] {subprocess.py:86} INFO - Output:
[2023-08-04T19:32:37.129+0000] {subprocess.py:93} INFO - --2023-08-04 19:32:37--  https://datahub.io/core/top-level-domain-names/r/top-level-domain-names.csv.csv
[2023-08-04T19:32:37.186+0000] {subprocess.py:93} INFO - Resolving datahub.io (datahub.io)... 172.67.157.38, 104.21.40.221, 2606:4700:3033::6815:28dd, ...
[2023-08-04T19:32:37.187+0000] {subprocess.py:93} INFO - Connecting to datahub.io (datahub.io)|172.67.157.38|:443... connected.
[2023-08-04T19:32:38.777+0000] {subprocess.py:93} INFO - HTTP request sent, awaiting response... 302 Found
[2023-08-04T19:32:38.778+0000] {subprocess.py:93} INFO - Location: https://pkgstore.datahub.io/core/top-level-domain-names/top-level-domain-names.csv_csv/data/667f4464088f3ca10522e0e2e39c8ae4/top-level-domain-names.csv_csv.csv [following]
[2023-08-04T19:32:38.779+0000] {subprocess.py:93} INFO - --2023-08-04 19:32:38--  https://pkgstore.datahub.io/core/top-level-domain-names/top-level-domain-names.csv_csv/data/667f4464088f3ca10522e0e2e39c8ae4/top-level-domain-names.csv_csv.csv
[2023-08-04T19:32:38.784+0000] {subprocess.py:93} INFO - Resolving pkgstore.datahub.io (pkgstore.datahub.io)... 172.67.157.38, 104.21.40.221, 2606:4700:3033::6815:28dd, ...
[2023-08-04T19:32:38.785+0000] {subprocess.py:93} INFO - Connecting to pkgstore.datahub.io (pkgstore.datahub.io)|172.67.157.38|:443... connected.
[2023-08-04T19:32:39.122+0000] {subprocess.py:93} INFO - HTTP request sent, awaiting response... 200 OK
[2023-08-04T19:32:39.123+0000] {subprocess.py:93} INFO - Length: unspecified [text/plain]
[2023-08-04T19:32:39.124+0000] {subprocess.py:93} INFO - Saving to: ‘/workspaces/hands-on-introduction-data-engineering-4395021/lab/end-to-end/basic-etl-extract-data.csv’
[2023-08-04T19:32:39.125+0000] {subprocess.py:93} INFO - 
[2023-08-04T19:32:39.126+0000] {subprocess.py:93} INFO -      0K .......... .......... .......... .......... ..         8.78M=0.005s
[2023-08-04T19:32:39.127+0000] {subprocess.py:93} INFO - 
[2023-08-04T19:32:39.128+0000] {subprocess.py:93} INFO - 2023-08-04 19:32:39 (8.78 MB/s) - ‘/workspaces/hands-on-introduction-data-engineering-4395021/lab/end-to-end/basic-etl-extract-data.csv’ saved [43709]
[2023-08-04T19:32:39.128+0000] {subprocess.py:93} INFO - 
[2023-08-04T19:32:39.129+0000] {subprocess.py:97} INFO - Command exited with return code 0
[2023-08-04T19:32:39.221+0000] {taskinstance.py:1318} INFO - Marking task as SUCCESS. dag_id=basic_etl_dag, task_id=extract_task, execution_date=20230804T193232, start_date=20230804T193236, end_date=20230804T193239
[2023-08-04T19:32:39.341+0000] {local_task_job.py:208} INFO - Task exited with return code 0
[2023-08-04T19:32:39.596+0000] {taskinstance.py:2578} INFO - 1 downstream tasks scheduled from follow-on schedule check
