[2023-08-04T19:23:35.201+0000] {processor.py:153} INFO - Started process (PID=58968) to work on /workspaces/hands-on-introduction-data-engineering-4395021/airflow/dags/basic_etl_dag.py
[2023-08-04T19:23:35.202+0000] {processor.py:743} INFO - Processing file /workspaces/hands-on-introduction-data-engineering-4395021/airflow/dags/basic_etl_dag.py for tasks to queue
[2023-08-04T19:23:35.203+0000] {logging_mixin.py:137} INFO - [2023-08-04T19:23:35.202+0000] {dagbag.py:538} INFO - Filling up the DagBag from /workspaces/hands-on-introduction-data-engineering-4395021/airflow/dags/basic_etl_dag.py
[2023-08-04T19:23:37.354+0000] {processor.py:753} INFO - DAG(s) dict_keys(['basic_etl_dag']) retrieved from /workspaces/hands-on-introduction-data-engineering-4395021/airflow/dags/basic_etl_dag.py
[2023-08-04T19:23:37.594+0000] {logging_mixin.py:137} INFO - [2023-08-04T19:23:37.593+0000] {manager.py:504} INFO - Created Permission View: can delete on DAG:basic_etl_dag
[2023-08-04T19:23:37.641+0000] {logging_mixin.py:137} INFO - [2023-08-04T19:23:37.640+0000] {manager.py:504} INFO - Created Permission View: can read on DAG:basic_etl_dag
[2023-08-04T19:23:37.688+0000] {logging_mixin.py:137} INFO - [2023-08-04T19:23:37.688+0000] {manager.py:504} INFO - Created Permission View: can edit on DAG:basic_etl_dag
[2023-08-04T19:23:37.689+0000] {logging_mixin.py:137} INFO - [2023-08-04T19:23:37.689+0000] {dag.py:2690} INFO - Sync 1 DAGs
[2023-08-04T19:23:37.707+0000] {logging_mixin.py:137} INFO - [2023-08-04T19:23:37.707+0000] {dag.py:2711} INFO - Creating ORM DAG for basic_etl_dag
[2023-08-04T19:23:37.721+0000] {logging_mixin.py:137} INFO - [2023-08-04T19:23:37.721+0000] {dag.py:3437} INFO - Setting next_dagrun for basic_etl_dag to None, run_after=None
[2023-08-04T19:23:37.786+0000] {processor.py:175} INFO - Processing /workspaces/hands-on-introduction-data-engineering-4395021/airflow/dags/basic_etl_dag.py took 2.590 seconds
[2023-08-04T19:23:40.007+0000] {processor.py:153} INFO - Started process (PID=59005) to work on /workspaces/hands-on-introduction-data-engineering-4395021/airflow/dags/basic_etl_dag.py
[2023-08-04T19:23:40.013+0000] {processor.py:743} INFO - Processing file /workspaces/hands-on-introduction-data-engineering-4395021/airflow/dags/basic_etl_dag.py for tasks to queue
[2023-08-04T19:23:40.018+0000] {logging_mixin.py:137} INFO - [2023-08-04T19:23:40.018+0000] {dagbag.py:538} INFO - Filling up the DagBag from /workspaces/hands-on-introduction-data-engineering-4395021/airflow/dags/basic_etl_dag.py
[2023-08-04T19:23:40.738+0000] {processor.py:753} INFO - DAG(s) dict_keys(['basic_etl_dag']) retrieved from /workspaces/hands-on-introduction-data-engineering-4395021/airflow/dags/basic_etl_dag.py
[2023-08-04T19:23:40.764+0000] {logging_mixin.py:137} INFO - [2023-08-04T19:23:40.763+0000] {dag.py:2690} INFO - Sync 1 DAGs
[2023-08-04T19:23:40.831+0000] {logging_mixin.py:137} INFO - [2023-08-04T19:23:40.831+0000] {dag.py:3437} INFO - Setting next_dagrun for basic_etl_dag to None, run_after=None
[2023-08-04T19:23:40.917+0000] {processor.py:175} INFO - Processing /workspaces/hands-on-introduction-data-engineering-4395021/airflow/dags/basic_etl_dag.py took 0.915 seconds
[2023-08-04T19:24:11.962+0000] {processor.py:153} INFO - Started process (PID=59167) to work on /workspaces/hands-on-introduction-data-engineering-4395021/airflow/dags/basic_etl_dag.py
[2023-08-04T19:24:11.963+0000] {processor.py:743} INFO - Processing file /workspaces/hands-on-introduction-data-engineering-4395021/airflow/dags/basic_etl_dag.py for tasks to queue
[2023-08-04T19:24:11.964+0000] {logging_mixin.py:137} INFO - [2023-08-04T19:24:11.964+0000] {dagbag.py:538} INFO - Filling up the DagBag from /workspaces/hands-on-introduction-data-engineering-4395021/airflow/dags/basic_etl_dag.py
[2023-08-04T19:24:12.168+0000] {processor.py:753} INFO - DAG(s) dict_keys(['basic_etl_dag']) retrieved from /workspaces/hands-on-introduction-data-engineering-4395021/airflow/dags/basic_etl_dag.py
[2023-08-04T19:24:12.186+0000] {logging_mixin.py:137} INFO - [2023-08-04T19:24:12.185+0000] {dag.py:2690} INFO - Sync 1 DAGs
[2023-08-04T19:24:12.207+0000] {logging_mixin.py:137} INFO - [2023-08-04T19:24:12.207+0000] {dag.py:3437} INFO - Setting next_dagrun for basic_etl_dag to None, run_after=None
[2023-08-04T19:24:12.257+0000] {processor.py:175} INFO - Processing /workspaces/hands-on-introduction-data-engineering-4395021/airflow/dags/basic_etl_dag.py took 0.299 seconds
[2023-08-04T19:24:42.386+0000] {processor.py:153} INFO - Started process (PID=59316) to work on /workspaces/hands-on-introduction-data-engineering-4395021/airflow/dags/basic_etl_dag.py
[2023-08-04T19:24:42.387+0000] {processor.py:743} INFO - Processing file /workspaces/hands-on-introduction-data-engineering-4395021/airflow/dags/basic_etl_dag.py for tasks to queue
[2023-08-04T19:24:42.388+0000] {logging_mixin.py:137} INFO - [2023-08-04T19:24:42.388+0000] {dagbag.py:538} INFO - Filling up the DagBag from /workspaces/hands-on-introduction-data-engineering-4395021/airflow/dags/basic_etl_dag.py
[2023-08-04T19:24:42.602+0000] {processor.py:753} INFO - DAG(s) dict_keys(['basic_etl_dag']) retrieved from /workspaces/hands-on-introduction-data-engineering-4395021/airflow/dags/basic_etl_dag.py
[2023-08-04T19:24:42.620+0000] {logging_mixin.py:137} INFO - [2023-08-04T19:24:42.620+0000] {dag.py:2690} INFO - Sync 1 DAGs
[2023-08-04T19:24:42.640+0000] {logging_mixin.py:137} INFO - [2023-08-04T19:24:42.640+0000] {dag.py:3437} INFO - Setting next_dagrun for basic_etl_dag to None, run_after=None
[2023-08-04T19:24:42.693+0000] {processor.py:175} INFO - Processing /workspaces/hands-on-introduction-data-engineering-4395021/airflow/dags/basic_etl_dag.py took 0.310 seconds
[2023-08-04T19:25:12.899+0000] {processor.py:153} INFO - Started process (PID=59462) to work on /workspaces/hands-on-introduction-data-engineering-4395021/airflow/dags/basic_etl_dag.py
[2023-08-04T19:25:12.900+0000] {processor.py:743} INFO - Processing file /workspaces/hands-on-introduction-data-engineering-4395021/airflow/dags/basic_etl_dag.py for tasks to queue
[2023-08-04T19:25:12.901+0000] {logging_mixin.py:137} INFO - [2023-08-04T19:25:12.901+0000] {dagbag.py:538} INFO - Filling up the DagBag from /workspaces/hands-on-introduction-data-engineering-4395021/airflow/dags/basic_etl_dag.py
[2023-08-04T19:25:13.117+0000] {processor.py:753} INFO - DAG(s) dict_keys(['basic_etl_dag']) retrieved from /workspaces/hands-on-introduction-data-engineering-4395021/airflow/dags/basic_etl_dag.py
[2023-08-04T19:25:13.136+0000] {logging_mixin.py:137} INFO - [2023-08-04T19:25:13.136+0000] {dag.py:2690} INFO - Sync 1 DAGs
[2023-08-04T19:25:13.156+0000] {logging_mixin.py:137} INFO - [2023-08-04T19:25:13.156+0000] {dag.py:3437} INFO - Setting next_dagrun for basic_etl_dag to None, run_after=None
[2023-08-04T19:25:13.211+0000] {processor.py:175} INFO - Processing /workspaces/hands-on-introduction-data-engineering-4395021/airflow/dags/basic_etl_dag.py took 0.315 seconds
[2023-08-04T19:25:43.405+0000] {processor.py:153} INFO - Started process (PID=59617) to work on /workspaces/hands-on-introduction-data-engineering-4395021/airflow/dags/basic_etl_dag.py
[2023-08-04T19:25:43.406+0000] {processor.py:743} INFO - Processing file /workspaces/hands-on-introduction-data-engineering-4395021/airflow/dags/basic_etl_dag.py for tasks to queue
[2023-08-04T19:25:43.407+0000] {logging_mixin.py:137} INFO - [2023-08-04T19:25:43.407+0000] {dagbag.py:538} INFO - Filling up the DagBag from /workspaces/hands-on-introduction-data-engineering-4395021/airflow/dags/basic_etl_dag.py
[2023-08-04T19:25:43.613+0000] {processor.py:753} INFO - DAG(s) dict_keys(['basic_etl_dag']) retrieved from /workspaces/hands-on-introduction-data-engineering-4395021/airflow/dags/basic_etl_dag.py
[2023-08-04T19:25:43.631+0000] {logging_mixin.py:137} INFO - [2023-08-04T19:25:43.631+0000] {dag.py:2690} INFO - Sync 1 DAGs
[2023-08-04T19:25:43.650+0000] {logging_mixin.py:137} INFO - [2023-08-04T19:25:43.649+0000] {dag.py:3437} INFO - Setting next_dagrun for basic_etl_dag to None, run_after=None
[2023-08-04T19:25:43.703+0000] {processor.py:175} INFO - Processing /workspaces/hands-on-introduction-data-engineering-4395021/airflow/dags/basic_etl_dag.py took 0.302 seconds
[2023-08-04T19:26:13.913+0000] {processor.py:153} INFO - Started process (PID=59760) to work on /workspaces/hands-on-introduction-data-engineering-4395021/airflow/dags/basic_etl_dag.py
[2023-08-04T19:26:13.915+0000] {processor.py:743} INFO - Processing file /workspaces/hands-on-introduction-data-engineering-4395021/airflow/dags/basic_etl_dag.py for tasks to queue
[2023-08-04T19:26:13.916+0000] {logging_mixin.py:137} INFO - [2023-08-04T19:26:13.915+0000] {dagbag.py:538} INFO - Filling up the DagBag from /workspaces/hands-on-introduction-data-engineering-4395021/airflow/dags/basic_etl_dag.py
[2023-08-04T19:26:14.127+0000] {processor.py:753} INFO - DAG(s) dict_keys(['basic_etl_dag']) retrieved from /workspaces/hands-on-introduction-data-engineering-4395021/airflow/dags/basic_etl_dag.py
[2023-08-04T19:26:14.144+0000] {logging_mixin.py:137} INFO - [2023-08-04T19:26:14.144+0000] {dag.py:2690} INFO - Sync 1 DAGs
[2023-08-04T19:26:14.165+0000] {logging_mixin.py:137} INFO - [2023-08-04T19:26:14.164+0000] {dag.py:3437} INFO - Setting next_dagrun for basic_etl_dag to None, run_after=None
[2023-08-04T19:26:14.216+0000] {processor.py:175} INFO - Processing /workspaces/hands-on-introduction-data-engineering-4395021/airflow/dags/basic_etl_dag.py took 0.307 seconds
[2023-08-04T19:26:44.420+0000] {processor.py:153} INFO - Started process (PID=59913) to work on /workspaces/hands-on-introduction-data-engineering-4395021/airflow/dags/basic_etl_dag.py
[2023-08-04T19:26:44.421+0000] {processor.py:743} INFO - Processing file /workspaces/hands-on-introduction-data-engineering-4395021/airflow/dags/basic_etl_dag.py for tasks to queue
[2023-08-04T19:26:44.422+0000] {logging_mixin.py:137} INFO - [2023-08-04T19:26:44.422+0000] {dagbag.py:538} INFO - Filling up the DagBag from /workspaces/hands-on-introduction-data-engineering-4395021/airflow/dags/basic_etl_dag.py
[2023-08-04T19:26:44.630+0000] {processor.py:753} INFO - DAG(s) dict_keys(['basic_etl_dag']) retrieved from /workspaces/hands-on-introduction-data-engineering-4395021/airflow/dags/basic_etl_dag.py
[2023-08-04T19:26:44.648+0000] {logging_mixin.py:137} INFO - [2023-08-04T19:26:44.648+0000] {dag.py:2690} INFO - Sync 1 DAGs
[2023-08-04T19:26:44.667+0000] {logging_mixin.py:137} INFO - [2023-08-04T19:26:44.667+0000] {dag.py:3437} INFO - Setting next_dagrun for basic_etl_dag to None, run_after=None
[2023-08-04T19:26:44.716+0000] {processor.py:175} INFO - Processing /workspaces/hands-on-introduction-data-engineering-4395021/airflow/dags/basic_etl_dag.py took 0.300 seconds
[2023-08-04T19:27:14.931+0000] {processor.py:153} INFO - Started process (PID=60060) to work on /workspaces/hands-on-introduction-data-engineering-4395021/airflow/dags/basic_etl_dag.py
[2023-08-04T19:27:14.932+0000] {processor.py:743} INFO - Processing file /workspaces/hands-on-introduction-data-engineering-4395021/airflow/dags/basic_etl_dag.py for tasks to queue
[2023-08-04T19:27:14.934+0000] {logging_mixin.py:137} INFO - [2023-08-04T19:27:14.933+0000] {dagbag.py:538} INFO - Filling up the DagBag from /workspaces/hands-on-introduction-data-engineering-4395021/airflow/dags/basic_etl_dag.py
[2023-08-04T19:27:15.168+0000] {processor.py:753} INFO - DAG(s) dict_keys(['basic_etl_dag']) retrieved from /workspaces/hands-on-introduction-data-engineering-4395021/airflow/dags/basic_etl_dag.py
[2023-08-04T19:27:15.187+0000] {logging_mixin.py:137} INFO - [2023-08-04T19:27:15.187+0000] {dag.py:2690} INFO - Sync 1 DAGs
[2023-08-04T19:27:15.208+0000] {logging_mixin.py:137} INFO - [2023-08-04T19:27:15.208+0000] {dag.py:3437} INFO - Setting next_dagrun for basic_etl_dag to None, run_after=None
[2023-08-04T19:27:15.261+0000] {processor.py:175} INFO - Processing /workspaces/hands-on-introduction-data-engineering-4395021/airflow/dags/basic_etl_dag.py took 0.336 seconds
[2023-08-04T19:27:45.437+0000] {processor.py:153} INFO - Started process (PID=60207) to work on /workspaces/hands-on-introduction-data-engineering-4395021/airflow/dags/basic_etl_dag.py
[2023-08-04T19:27:45.438+0000] {processor.py:743} INFO - Processing file /workspaces/hands-on-introduction-data-engineering-4395021/airflow/dags/basic_etl_dag.py for tasks to queue
[2023-08-04T19:27:45.439+0000] {logging_mixin.py:137} INFO - [2023-08-04T19:27:45.439+0000] {dagbag.py:538} INFO - Filling up the DagBag from /workspaces/hands-on-introduction-data-engineering-4395021/airflow/dags/basic_etl_dag.py
[2023-08-04T19:27:45.675+0000] {processor.py:753} INFO - DAG(s) dict_keys(['basic_etl_dag']) retrieved from /workspaces/hands-on-introduction-data-engineering-4395021/airflow/dags/basic_etl_dag.py
[2023-08-04T19:27:45.699+0000] {logging_mixin.py:137} INFO - [2023-08-04T19:27:45.698+0000] {dag.py:2690} INFO - Sync 1 DAGs
[2023-08-04T19:27:45.718+0000] {logging_mixin.py:137} INFO - [2023-08-04T19:27:45.718+0000] {dag.py:3437} INFO - Setting next_dagrun for basic_etl_dag to None, run_after=None
[2023-08-04T19:27:45.770+0000] {processor.py:175} INFO - Processing /workspaces/hands-on-introduction-data-engineering-4395021/airflow/dags/basic_etl_dag.py took 0.337 seconds
[2023-08-04T19:28:15.916+0000] {processor.py:153} INFO - Started process (PID=60370) to work on /workspaces/hands-on-introduction-data-engineering-4395021/airflow/dags/basic_etl_dag.py
[2023-08-04T19:28:15.917+0000] {processor.py:743} INFO - Processing file /workspaces/hands-on-introduction-data-engineering-4395021/airflow/dags/basic_etl_dag.py for tasks to queue
[2023-08-04T19:28:15.918+0000] {logging_mixin.py:137} INFO - [2023-08-04T19:28:15.918+0000] {dagbag.py:538} INFO - Filling up the DagBag from /workspaces/hands-on-introduction-data-engineering-4395021/airflow/dags/basic_etl_dag.py
[2023-08-04T19:28:16.132+0000] {processor.py:753} INFO - DAG(s) dict_keys(['basic_etl_dag']) retrieved from /workspaces/hands-on-introduction-data-engineering-4395021/airflow/dags/basic_etl_dag.py
[2023-08-04T19:28:16.150+0000] {logging_mixin.py:137} INFO - [2023-08-04T19:28:16.150+0000] {dag.py:2690} INFO - Sync 1 DAGs
[2023-08-04T19:28:16.169+0000] {logging_mixin.py:137} INFO - [2023-08-04T19:28:16.168+0000] {dag.py:3437} INFO - Setting next_dagrun for basic_etl_dag to None, run_after=None
[2023-08-04T19:28:16.219+0000] {processor.py:175} INFO - Processing /workspaces/hands-on-introduction-data-engineering-4395021/airflow/dags/basic_etl_dag.py took 0.306 seconds
[2023-08-04T19:28:46.420+0000] {processor.py:153} INFO - Started process (PID=60546) to work on /workspaces/hands-on-introduction-data-engineering-4395021/airflow/dags/basic_etl_dag.py
[2023-08-04T19:28:46.422+0000] {processor.py:743} INFO - Processing file /workspaces/hands-on-introduction-data-engineering-4395021/airflow/dags/basic_etl_dag.py for tasks to queue
[2023-08-04T19:28:46.423+0000] {logging_mixin.py:137} INFO - [2023-08-04T19:28:46.422+0000] {dagbag.py:538} INFO - Filling up the DagBag from /workspaces/hands-on-introduction-data-engineering-4395021/airflow/dags/basic_etl_dag.py
[2023-08-04T19:28:46.643+0000] {processor.py:753} INFO - DAG(s) dict_keys(['basic_etl_dag']) retrieved from /workspaces/hands-on-introduction-data-engineering-4395021/airflow/dags/basic_etl_dag.py
[2023-08-04T19:28:46.662+0000] {logging_mixin.py:137} INFO - [2023-08-04T19:28:46.662+0000] {dag.py:2690} INFO - Sync 1 DAGs
[2023-08-04T19:28:46.682+0000] {logging_mixin.py:137} INFO - [2023-08-04T19:28:46.681+0000] {dag.py:3437} INFO - Setting next_dagrun for basic_etl_dag to None, run_after=None
[2023-08-04T19:28:46.734+0000] {processor.py:175} INFO - Processing /workspaces/hands-on-introduction-data-engineering-4395021/airflow/dags/basic_etl_dag.py took 0.318 seconds
[2023-08-04T19:29:16.924+0000] {processor.py:153} INFO - Started process (PID=60717) to work on /workspaces/hands-on-introduction-data-engineering-4395021/airflow/dags/basic_etl_dag.py
[2023-08-04T19:29:16.925+0000] {processor.py:743} INFO - Processing file /workspaces/hands-on-introduction-data-engineering-4395021/airflow/dags/basic_etl_dag.py for tasks to queue
[2023-08-04T19:29:16.926+0000] {logging_mixin.py:137} INFO - [2023-08-04T19:29:16.926+0000] {dagbag.py:538} INFO - Filling up the DagBag from /workspaces/hands-on-introduction-data-engineering-4395021/airflow/dags/basic_etl_dag.py
[2023-08-04T19:29:17.137+0000] {processor.py:753} INFO - DAG(s) dict_keys(['basic_etl_dag']) retrieved from /workspaces/hands-on-introduction-data-engineering-4395021/airflow/dags/basic_etl_dag.py
[2023-08-04T19:29:17.155+0000] {logging_mixin.py:137} INFO - [2023-08-04T19:29:17.155+0000] {dag.py:2690} INFO - Sync 1 DAGs
[2023-08-04T19:29:17.175+0000] {logging_mixin.py:137} INFO - [2023-08-04T19:29:17.175+0000] {dag.py:3437} INFO - Setting next_dagrun for basic_etl_dag to None, run_after=None
[2023-08-04T19:29:17.225+0000] {processor.py:175} INFO - Processing /workspaces/hands-on-introduction-data-engineering-4395021/airflow/dags/basic_etl_dag.py took 0.305 seconds
[2023-08-04T19:29:47.429+0000] {processor.py:153} INFO - Started process (PID=60882) to work on /workspaces/hands-on-introduction-data-engineering-4395021/airflow/dags/basic_etl_dag.py
[2023-08-04T19:29:47.430+0000] {processor.py:743} INFO - Processing file /workspaces/hands-on-introduction-data-engineering-4395021/airflow/dags/basic_etl_dag.py for tasks to queue
[2023-08-04T19:29:47.431+0000] {logging_mixin.py:137} INFO - [2023-08-04T19:29:47.431+0000] {dagbag.py:538} INFO - Filling up the DagBag from /workspaces/hands-on-introduction-data-engineering-4395021/airflow/dags/basic_etl_dag.py
[2023-08-04T19:29:47.640+0000] {processor.py:753} INFO - DAG(s) dict_keys(['basic_etl_dag']) retrieved from /workspaces/hands-on-introduction-data-engineering-4395021/airflow/dags/basic_etl_dag.py
[2023-08-04T19:29:47.658+0000] {logging_mixin.py:137} INFO - [2023-08-04T19:29:47.658+0000] {dag.py:2690} INFO - Sync 1 DAGs
[2023-08-04T19:29:47.676+0000] {logging_mixin.py:137} INFO - [2023-08-04T19:29:47.676+0000] {dag.py:3437} INFO - Setting next_dagrun for basic_etl_dag to None, run_after=None
[2023-08-04T19:29:47.727+0000] {processor.py:175} INFO - Processing /workspaces/hands-on-introduction-data-engineering-4395021/airflow/dags/basic_etl_dag.py took 0.302 seconds
[2023-08-04T19:30:17.903+0000] {processor.py:153} INFO - Started process (PID=61052) to work on /workspaces/hands-on-introduction-data-engineering-4395021/airflow/dags/basic_etl_dag.py
[2023-08-04T19:30:17.905+0000] {processor.py:743} INFO - Processing file /workspaces/hands-on-introduction-data-engineering-4395021/airflow/dags/basic_etl_dag.py for tasks to queue
[2023-08-04T19:30:17.906+0000] {logging_mixin.py:137} INFO - [2023-08-04T19:30:17.905+0000] {dagbag.py:538} INFO - Filling up the DagBag from /workspaces/hands-on-introduction-data-engineering-4395021/airflow/dags/basic_etl_dag.py
[2023-08-04T19:30:18.137+0000] {processor.py:753} INFO - DAG(s) dict_keys(['basic_etl_dag']) retrieved from /workspaces/hands-on-introduction-data-engineering-4395021/airflow/dags/basic_etl_dag.py
[2023-08-04T19:30:18.155+0000] {logging_mixin.py:137} INFO - [2023-08-04T19:30:18.155+0000] {dag.py:2690} INFO - Sync 1 DAGs
[2023-08-04T19:30:18.175+0000] {logging_mixin.py:137} INFO - [2023-08-04T19:30:18.175+0000] {dag.py:3437} INFO - Setting next_dagrun for basic_etl_dag to None, run_after=None
[2023-08-04T19:30:18.225+0000] {processor.py:175} INFO - Processing /workspaces/hands-on-introduction-data-engineering-4395021/airflow/dags/basic_etl_dag.py took 0.326 seconds
[2023-08-04T19:30:48.386+0000] {processor.py:153} INFO - Started process (PID=61223) to work on /workspaces/hands-on-introduction-data-engineering-4395021/airflow/dags/basic_etl_dag.py
[2023-08-04T19:30:48.387+0000] {processor.py:743} INFO - Processing file /workspaces/hands-on-introduction-data-engineering-4395021/airflow/dags/basic_etl_dag.py for tasks to queue
[2023-08-04T19:30:48.388+0000] {logging_mixin.py:137} INFO - [2023-08-04T19:30:48.388+0000] {dagbag.py:538} INFO - Filling up the DagBag from /workspaces/hands-on-introduction-data-engineering-4395021/airflow/dags/basic_etl_dag.py
[2023-08-04T19:30:48.615+0000] {processor.py:753} INFO - DAG(s) dict_keys(['basic_etl_dag']) retrieved from /workspaces/hands-on-introduction-data-engineering-4395021/airflow/dags/basic_etl_dag.py
[2023-08-04T19:30:48.635+0000] {logging_mixin.py:137} INFO - [2023-08-04T19:30:48.635+0000] {dag.py:2690} INFO - Sync 1 DAGs
[2023-08-04T19:30:48.658+0000] {logging_mixin.py:137} INFO - [2023-08-04T19:30:48.658+0000] {dag.py:3437} INFO - Setting next_dagrun for basic_etl_dag to None, run_after=None
[2023-08-04T19:30:48.712+0000] {processor.py:175} INFO - Processing /workspaces/hands-on-introduction-data-engineering-4395021/airflow/dags/basic_etl_dag.py took 0.330 seconds
[2023-08-04T19:31:18.861+0000] {processor.py:153} INFO - Started process (PID=61383) to work on /workspaces/hands-on-introduction-data-engineering-4395021/airflow/dags/basic_etl_dag.py
[2023-08-04T19:31:18.862+0000] {processor.py:743} INFO - Processing file /workspaces/hands-on-introduction-data-engineering-4395021/airflow/dags/basic_etl_dag.py for tasks to queue
[2023-08-04T19:31:18.863+0000] {logging_mixin.py:137} INFO - [2023-08-04T19:31:18.863+0000] {dagbag.py:538} INFO - Filling up the DagBag from /workspaces/hands-on-introduction-data-engineering-4395021/airflow/dags/basic_etl_dag.py
[2023-08-04T19:31:19.091+0000] {processor.py:753} INFO - DAG(s) dict_keys(['basic_etl_dag']) retrieved from /workspaces/hands-on-introduction-data-engineering-4395021/airflow/dags/basic_etl_dag.py
[2023-08-04T19:31:19.126+0000] {logging_mixin.py:137} INFO - [2023-08-04T19:31:19.126+0000] {dag.py:2690} INFO - Sync 1 DAGs
[2023-08-04T19:31:19.160+0000] {logging_mixin.py:137} INFO - [2023-08-04T19:31:19.160+0000] {dag.py:3437} INFO - Setting next_dagrun for basic_etl_dag to None, run_after=None
[2023-08-04T19:31:19.217+0000] {processor.py:175} INFO - Processing /workspaces/hands-on-introduction-data-engineering-4395021/airflow/dags/basic_etl_dag.py took 0.360 seconds
[2023-08-04T19:31:49.350+0000] {processor.py:153} INFO - Started process (PID=61559) to work on /workspaces/hands-on-introduction-data-engineering-4395021/airflow/dags/basic_etl_dag.py
[2023-08-04T19:31:49.351+0000] {processor.py:743} INFO - Processing file /workspaces/hands-on-introduction-data-engineering-4395021/airflow/dags/basic_etl_dag.py for tasks to queue
[2023-08-04T19:31:49.352+0000] {logging_mixin.py:137} INFO - [2023-08-04T19:31:49.352+0000] {dagbag.py:538} INFO - Filling up the DagBag from /workspaces/hands-on-introduction-data-engineering-4395021/airflow/dags/basic_etl_dag.py
[2023-08-04T19:31:49.558+0000] {processor.py:753} INFO - DAG(s) dict_keys(['basic_etl_dag']) retrieved from /workspaces/hands-on-introduction-data-engineering-4395021/airflow/dags/basic_etl_dag.py
[2023-08-04T19:31:49.576+0000] {logging_mixin.py:137} INFO - [2023-08-04T19:31:49.575+0000] {dag.py:2690} INFO - Sync 1 DAGs
[2023-08-04T19:31:49.598+0000] {logging_mixin.py:137} INFO - [2023-08-04T19:31:49.598+0000] {dag.py:3437} INFO - Setting next_dagrun for basic_etl_dag to None, run_after=None
[2023-08-04T19:31:49.651+0000] {processor.py:175} INFO - Processing /workspaces/hands-on-introduction-data-engineering-4395021/airflow/dags/basic_etl_dag.py took 0.305 seconds
[2023-08-04T19:32:19.826+0000] {processor.py:153} INFO - Started process (PID=61714) to work on /workspaces/hands-on-introduction-data-engineering-4395021/airflow/dags/basic_etl_dag.py
[2023-08-04T19:32:19.827+0000] {processor.py:743} INFO - Processing file /workspaces/hands-on-introduction-data-engineering-4395021/airflow/dags/basic_etl_dag.py for tasks to queue
[2023-08-04T19:32:19.828+0000] {logging_mixin.py:137} INFO - [2023-08-04T19:32:19.828+0000] {dagbag.py:538} INFO - Filling up the DagBag from /workspaces/hands-on-introduction-data-engineering-4395021/airflow/dags/basic_etl_dag.py
[2023-08-04T19:32:20.040+0000] {processor.py:753} INFO - DAG(s) dict_keys(['basic_etl_dag']) retrieved from /workspaces/hands-on-introduction-data-engineering-4395021/airflow/dags/basic_etl_dag.py
[2023-08-04T19:32:20.059+0000] {logging_mixin.py:137} INFO - [2023-08-04T19:32:20.059+0000] {dag.py:2690} INFO - Sync 1 DAGs
[2023-08-04T19:32:20.079+0000] {logging_mixin.py:137} INFO - [2023-08-04T19:32:20.079+0000] {dag.py:3437} INFO - Setting next_dagrun for basic_etl_dag to None, run_after=None
[2023-08-04T19:32:20.128+0000] {processor.py:175} INFO - Processing /workspaces/hands-on-introduction-data-engineering-4395021/airflow/dags/basic_etl_dag.py took 0.306 seconds
[2023-08-04T19:32:50.402+0000] {processor.py:153} INFO - Started process (PID=61873) to work on /workspaces/hands-on-introduction-data-engineering-4395021/airflow/dags/basic_etl_dag.py
[2023-08-04T19:32:50.403+0000] {processor.py:743} INFO - Processing file /workspaces/hands-on-introduction-data-engineering-4395021/airflow/dags/basic_etl_dag.py for tasks to queue
[2023-08-04T19:32:50.404+0000] {logging_mixin.py:137} INFO - [2023-08-04T19:32:50.404+0000] {dagbag.py:538} INFO - Filling up the DagBag from /workspaces/hands-on-introduction-data-engineering-4395021/airflow/dags/basic_etl_dag.py
[2023-08-04T19:32:50.644+0000] {processor.py:753} INFO - DAG(s) dict_keys(['basic_etl_dag']) retrieved from /workspaces/hands-on-introduction-data-engineering-4395021/airflow/dags/basic_etl_dag.py
[2023-08-04T19:32:50.663+0000] {logging_mixin.py:137} INFO - [2023-08-04T19:32:50.663+0000] {dag.py:2690} INFO - Sync 1 DAGs
[2023-08-04T19:32:50.683+0000] {logging_mixin.py:137} INFO - [2023-08-04T19:32:50.683+0000] {dag.py:3437} INFO - Setting next_dagrun for basic_etl_dag to None, run_after=None
[2023-08-04T19:32:50.734+0000] {processor.py:175} INFO - Processing /workspaces/hands-on-introduction-data-engineering-4395021/airflow/dags/basic_etl_dag.py took 0.335 seconds
[2023-08-04T19:33:20.905+0000] {processor.py:153} INFO - Started process (PID=62038) to work on /workspaces/hands-on-introduction-data-engineering-4395021/airflow/dags/basic_etl_dag.py
[2023-08-04T19:33:20.906+0000] {processor.py:743} INFO - Processing file /workspaces/hands-on-introduction-data-engineering-4395021/airflow/dags/basic_etl_dag.py for tasks to queue
[2023-08-04T19:33:20.907+0000] {logging_mixin.py:137} INFO - [2023-08-04T19:33:20.907+0000] {dagbag.py:538} INFO - Filling up the DagBag from /workspaces/hands-on-introduction-data-engineering-4395021/airflow/dags/basic_etl_dag.py
[2023-08-04T19:33:21.116+0000] {processor.py:753} INFO - DAG(s) dict_keys(['basic_etl_dag']) retrieved from /workspaces/hands-on-introduction-data-engineering-4395021/airflow/dags/basic_etl_dag.py
[2023-08-04T19:33:21.134+0000] {logging_mixin.py:137} INFO - [2023-08-04T19:33:21.134+0000] {dag.py:2690} INFO - Sync 1 DAGs
[2023-08-04T19:33:21.154+0000] {logging_mixin.py:137} INFO - [2023-08-04T19:33:21.154+0000] {dag.py:3437} INFO - Setting next_dagrun for basic_etl_dag to None, run_after=None
[2023-08-04T19:33:21.208+0000] {processor.py:175} INFO - Processing /workspaces/hands-on-introduction-data-engineering-4395021/airflow/dags/basic_etl_dag.py took 0.306 seconds
[2023-08-04T19:33:51.413+0000] {processor.py:153} INFO - Started process (PID=62207) to work on /workspaces/hands-on-introduction-data-engineering-4395021/airflow/dags/basic_etl_dag.py
[2023-08-04T19:33:51.414+0000] {processor.py:743} INFO - Processing file /workspaces/hands-on-introduction-data-engineering-4395021/airflow/dags/basic_etl_dag.py for tasks to queue
[2023-08-04T19:33:51.415+0000] {logging_mixin.py:137} INFO - [2023-08-04T19:33:51.415+0000] {dagbag.py:538} INFO - Filling up the DagBag from /workspaces/hands-on-introduction-data-engineering-4395021/airflow/dags/basic_etl_dag.py
[2023-08-04T19:33:51.626+0000] {processor.py:753} INFO - DAG(s) dict_keys(['basic_etl_dag']) retrieved from /workspaces/hands-on-introduction-data-engineering-4395021/airflow/dags/basic_etl_dag.py
[2023-08-04T19:33:51.644+0000] {logging_mixin.py:137} INFO - [2023-08-04T19:33:51.644+0000] {dag.py:2690} INFO - Sync 1 DAGs
[2023-08-04T19:33:51.663+0000] {logging_mixin.py:137} INFO - [2023-08-04T19:33:51.662+0000] {dag.py:3437} INFO - Setting next_dagrun for basic_etl_dag to None, run_after=None
[2023-08-04T19:33:51.718+0000] {processor.py:175} INFO - Processing /workspaces/hands-on-introduction-data-engineering-4395021/airflow/dags/basic_etl_dag.py took 0.309 seconds
[2023-08-04T19:34:21.921+0000] {processor.py:153} INFO - Started process (PID=62369) to work on /workspaces/hands-on-introduction-data-engineering-4395021/airflow/dags/basic_etl_dag.py
[2023-08-04T19:34:21.922+0000] {processor.py:743} INFO - Processing file /workspaces/hands-on-introduction-data-engineering-4395021/airflow/dags/basic_etl_dag.py for tasks to queue
[2023-08-04T19:34:21.923+0000] {logging_mixin.py:137} INFO - [2023-08-04T19:34:21.923+0000] {dagbag.py:538} INFO - Filling up the DagBag from /workspaces/hands-on-introduction-data-engineering-4395021/airflow/dags/basic_etl_dag.py
[2023-08-04T19:34:22.154+0000] {processor.py:753} INFO - DAG(s) dict_keys(['basic_etl_dag']) retrieved from /workspaces/hands-on-introduction-data-engineering-4395021/airflow/dags/basic_etl_dag.py
[2023-08-04T19:34:22.175+0000] {logging_mixin.py:137} INFO - [2023-08-04T19:34:22.175+0000] {dag.py:2690} INFO - Sync 1 DAGs
[2023-08-04T19:34:22.208+0000] {logging_mixin.py:137} INFO - [2023-08-04T19:34:22.207+0000] {dag.py:3437} INFO - Setting next_dagrun for basic_etl_dag to None, run_after=None
[2023-08-04T19:34:22.265+0000] {processor.py:175} INFO - Processing /workspaces/hands-on-introduction-data-engineering-4395021/airflow/dags/basic_etl_dag.py took 0.348 seconds
[2023-08-04T19:34:52.445+0000] {processor.py:153} INFO - Started process (PID=62544) to work on /workspaces/hands-on-introduction-data-engineering-4395021/airflow/dags/basic_etl_dag.py
[2023-08-04T19:34:52.446+0000] {processor.py:743} INFO - Processing file /workspaces/hands-on-introduction-data-engineering-4395021/airflow/dags/basic_etl_dag.py for tasks to queue
[2023-08-04T19:34:52.447+0000] {logging_mixin.py:137} INFO - [2023-08-04T19:34:52.446+0000] {dagbag.py:538} INFO - Filling up the DagBag from /workspaces/hands-on-introduction-data-engineering-4395021/airflow/dags/basic_etl_dag.py
[2023-08-04T19:34:52.674+0000] {processor.py:753} INFO - DAG(s) dict_keys(['basic_etl_dag']) retrieved from /workspaces/hands-on-introduction-data-engineering-4395021/airflow/dags/basic_etl_dag.py
[2023-08-04T19:34:52.693+0000] {logging_mixin.py:137} INFO - [2023-08-04T19:34:52.693+0000] {dag.py:2690} INFO - Sync 1 DAGs
[2023-08-04T19:34:52.715+0000] {logging_mixin.py:137} INFO - [2023-08-04T19:34:52.715+0000] {dag.py:3437} INFO - Setting next_dagrun for basic_etl_dag to None, run_after=None
[2023-08-04T19:34:52.765+0000] {processor.py:175} INFO - Processing /workspaces/hands-on-introduction-data-engineering-4395021/airflow/dags/basic_etl_dag.py took 0.324 seconds
[2023-08-04T19:35:22.949+0000] {processor.py:153} INFO - Started process (PID=62711) to work on /workspaces/hands-on-introduction-data-engineering-4395021/airflow/dags/basic_etl_dag.py
[2023-08-04T19:35:22.950+0000] {processor.py:743} INFO - Processing file /workspaces/hands-on-introduction-data-engineering-4395021/airflow/dags/basic_etl_dag.py for tasks to queue
[2023-08-04T19:35:22.951+0000] {logging_mixin.py:137} INFO - [2023-08-04T19:35:22.951+0000] {dagbag.py:538} INFO - Filling up the DagBag from /workspaces/hands-on-introduction-data-engineering-4395021/airflow/dags/basic_etl_dag.py
[2023-08-04T19:35:23.179+0000] {processor.py:753} INFO - DAG(s) dict_keys(['basic_etl_dag']) retrieved from /workspaces/hands-on-introduction-data-engineering-4395021/airflow/dags/basic_etl_dag.py
[2023-08-04T19:35:23.196+0000] {logging_mixin.py:137} INFO - [2023-08-04T19:35:23.196+0000] {dag.py:2690} INFO - Sync 1 DAGs
[2023-08-04T19:35:23.214+0000] {logging_mixin.py:137} INFO - [2023-08-04T19:35:23.214+0000] {dag.py:3437} INFO - Setting next_dagrun for basic_etl_dag to None, run_after=None
[2023-08-04T19:35:23.267+0000] {processor.py:175} INFO - Processing /workspaces/hands-on-introduction-data-engineering-4395021/airflow/dags/basic_etl_dag.py took 0.322 seconds
[2023-08-04T19:35:53.461+0000] {processor.py:153} INFO - Started process (PID=62882) to work on /workspaces/hands-on-introduction-data-engineering-4395021/airflow/dags/basic_etl_dag.py
[2023-08-04T19:35:53.462+0000] {processor.py:743} INFO - Processing file /workspaces/hands-on-introduction-data-engineering-4395021/airflow/dags/basic_etl_dag.py for tasks to queue
[2023-08-04T19:35:53.463+0000] {logging_mixin.py:137} INFO - [2023-08-04T19:35:53.463+0000] {dagbag.py:538} INFO - Filling up the DagBag from /workspaces/hands-on-introduction-data-engineering-4395021/airflow/dags/basic_etl_dag.py
[2023-08-04T19:35:53.675+0000] {processor.py:753} INFO - DAG(s) dict_keys(['basic_etl_dag']) retrieved from /workspaces/hands-on-introduction-data-engineering-4395021/airflow/dags/basic_etl_dag.py
[2023-08-04T19:35:53.693+0000] {logging_mixin.py:137} INFO - [2023-08-04T19:35:53.692+0000] {dag.py:2690} INFO - Sync 1 DAGs
[2023-08-04T19:35:53.712+0000] {logging_mixin.py:137} INFO - [2023-08-04T19:35:53.712+0000] {dag.py:3437} INFO - Setting next_dagrun for basic_etl_dag to None, run_after=None
[2023-08-04T19:35:53.780+0000] {processor.py:175} INFO - Processing /workspaces/hands-on-introduction-data-engineering-4395021/airflow/dags/basic_etl_dag.py took 0.323 seconds
[2023-08-04T19:36:23.984+0000] {processor.py:153} INFO - Started process (PID=63041) to work on /workspaces/hands-on-introduction-data-engineering-4395021/airflow/dags/basic_etl_dag.py
[2023-08-04T19:36:23.985+0000] {processor.py:743} INFO - Processing file /workspaces/hands-on-introduction-data-engineering-4395021/airflow/dags/basic_etl_dag.py for tasks to queue
[2023-08-04T19:36:23.986+0000] {logging_mixin.py:137} INFO - [2023-08-04T19:36:23.986+0000] {dagbag.py:538} INFO - Filling up the DagBag from /workspaces/hands-on-introduction-data-engineering-4395021/airflow/dags/basic_etl_dag.py
[2023-08-04T19:36:24.203+0000] {processor.py:753} INFO - DAG(s) dict_keys(['basic_etl_dag']) retrieved from /workspaces/hands-on-introduction-data-engineering-4395021/airflow/dags/basic_etl_dag.py
[2023-08-04T19:36:24.221+0000] {logging_mixin.py:137} INFO - [2023-08-04T19:36:24.221+0000] {dag.py:2690} INFO - Sync 1 DAGs
[2023-08-04T19:36:24.240+0000] {logging_mixin.py:137} INFO - [2023-08-04T19:36:24.240+0000] {dag.py:3437} INFO - Setting next_dagrun for basic_etl_dag to None, run_after=None
[2023-08-04T19:36:24.291+0000] {processor.py:175} INFO - Processing /workspaces/hands-on-introduction-data-engineering-4395021/airflow/dags/basic_etl_dag.py took 0.311 seconds
[2023-08-04T19:36:54.490+0000] {processor.py:153} INFO - Started process (PID=63211) to work on /workspaces/hands-on-introduction-data-engineering-4395021/airflow/dags/basic_etl_dag.py
[2023-08-04T19:36:54.491+0000] {processor.py:743} INFO - Processing file /workspaces/hands-on-introduction-data-engineering-4395021/airflow/dags/basic_etl_dag.py for tasks to queue
[2023-08-04T19:36:54.492+0000] {logging_mixin.py:137} INFO - [2023-08-04T19:36:54.492+0000] {dagbag.py:538} INFO - Filling up the DagBag from /workspaces/hands-on-introduction-data-engineering-4395021/airflow/dags/basic_etl_dag.py
[2023-08-04T19:36:54.699+0000] {processor.py:753} INFO - DAG(s) dict_keys(['basic_etl_dag']) retrieved from /workspaces/hands-on-introduction-data-engineering-4395021/airflow/dags/basic_etl_dag.py
[2023-08-04T19:36:54.717+0000] {logging_mixin.py:137} INFO - [2023-08-04T19:36:54.717+0000] {dag.py:2690} INFO - Sync 1 DAGs
[2023-08-04T19:36:54.735+0000] {logging_mixin.py:137} INFO - [2023-08-04T19:36:54.735+0000] {dag.py:3437} INFO - Setting next_dagrun for basic_etl_dag to None, run_after=None
[2023-08-04T19:36:54.800+0000] {processor.py:175} INFO - Processing /workspaces/hands-on-introduction-data-engineering-4395021/airflow/dags/basic_etl_dag.py took 0.314 seconds
[2023-08-04T19:37:25.002+0000] {processor.py:153} INFO - Started process (PID=63377) to work on /workspaces/hands-on-introduction-data-engineering-4395021/airflow/dags/basic_etl_dag.py
[2023-08-04T19:37:25.004+0000] {processor.py:743} INFO - Processing file /workspaces/hands-on-introduction-data-engineering-4395021/airflow/dags/basic_etl_dag.py for tasks to queue
[2023-08-04T19:37:25.005+0000] {logging_mixin.py:137} INFO - [2023-08-04T19:37:25.004+0000] {dagbag.py:538} INFO - Filling up the DagBag from /workspaces/hands-on-introduction-data-engineering-4395021/airflow/dags/basic_etl_dag.py
[2023-08-04T19:37:25.245+0000] {processor.py:753} INFO - DAG(s) dict_keys(['basic_etl_dag']) retrieved from /workspaces/hands-on-introduction-data-engineering-4395021/airflow/dags/basic_etl_dag.py
[2023-08-04T19:37:25.264+0000] {logging_mixin.py:137} INFO - [2023-08-04T19:37:25.264+0000] {dag.py:2690} INFO - Sync 1 DAGs
[2023-08-04T19:37:25.285+0000] {logging_mixin.py:137} INFO - [2023-08-04T19:37:25.285+0000] {dag.py:3437} INFO - Setting next_dagrun for basic_etl_dag to None, run_after=None
[2023-08-04T19:37:25.335+0000] {processor.py:175} INFO - Processing /workspaces/hands-on-introduction-data-engineering-4395021/airflow/dags/basic_etl_dag.py took 0.337 seconds
[2023-08-04T19:37:55.509+0000] {processor.py:153} INFO - Started process (PID=63543) to work on /workspaces/hands-on-introduction-data-engineering-4395021/airflow/dags/basic_etl_dag.py
[2023-08-04T19:37:55.510+0000] {processor.py:743} INFO - Processing file /workspaces/hands-on-introduction-data-engineering-4395021/airflow/dags/basic_etl_dag.py for tasks to queue
[2023-08-04T19:37:55.511+0000] {logging_mixin.py:137} INFO - [2023-08-04T19:37:55.511+0000] {dagbag.py:538} INFO - Filling up the DagBag from /workspaces/hands-on-introduction-data-engineering-4395021/airflow/dags/basic_etl_dag.py
[2023-08-04T19:37:55.750+0000] {processor.py:753} INFO - DAG(s) dict_keys(['basic_etl_dag']) retrieved from /workspaces/hands-on-introduction-data-engineering-4395021/airflow/dags/basic_etl_dag.py
[2023-08-04T19:37:55.771+0000] {logging_mixin.py:137} INFO - [2023-08-04T19:37:55.771+0000] {dag.py:2690} INFO - Sync 1 DAGs
[2023-08-04T19:37:55.795+0000] {logging_mixin.py:137} INFO - [2023-08-04T19:37:55.794+0000] {dag.py:3437} INFO - Setting next_dagrun for basic_etl_dag to None, run_after=None
[2023-08-04T19:37:55.850+0000] {processor.py:175} INFO - Processing /workspaces/hands-on-introduction-data-engineering-4395021/airflow/dags/basic_etl_dag.py took 0.344 seconds
[2023-08-04T19:38:26.018+0000] {processor.py:153} INFO - Started process (PID=63710) to work on /workspaces/hands-on-introduction-data-engineering-4395021/airflow/dags/basic_etl_dag.py
[2023-08-04T19:38:26.019+0000] {processor.py:743} INFO - Processing file /workspaces/hands-on-introduction-data-engineering-4395021/airflow/dags/basic_etl_dag.py for tasks to queue
[2023-08-04T19:38:26.020+0000] {logging_mixin.py:137} INFO - [2023-08-04T19:38:26.020+0000] {dagbag.py:538} INFO - Filling up the DagBag from /workspaces/hands-on-introduction-data-engineering-4395021/airflow/dags/basic_etl_dag.py
[2023-08-04T19:38:26.241+0000] {processor.py:753} INFO - DAG(s) dict_keys(['basic_etl_dag']) retrieved from /workspaces/hands-on-introduction-data-engineering-4395021/airflow/dags/basic_etl_dag.py
[2023-08-04T19:38:26.259+0000] {logging_mixin.py:137} INFO - [2023-08-04T19:38:26.259+0000] {dag.py:2690} INFO - Sync 1 DAGs
[2023-08-04T19:38:26.281+0000] {logging_mixin.py:137} INFO - [2023-08-04T19:38:26.280+0000] {dag.py:3437} INFO - Setting next_dagrun for basic_etl_dag to None, run_after=None
[2023-08-04T19:38:26.331+0000] {processor.py:175} INFO - Processing /workspaces/hands-on-introduction-data-engineering-4395021/airflow/dags/basic_etl_dag.py took 0.317 seconds
[2023-08-04T19:38:56.530+0000] {processor.py:153} INFO - Started process (PID=63880) to work on /workspaces/hands-on-introduction-data-engineering-4395021/airflow/dags/basic_etl_dag.py
[2023-08-04T19:38:56.531+0000] {processor.py:743} INFO - Processing file /workspaces/hands-on-introduction-data-engineering-4395021/airflow/dags/basic_etl_dag.py for tasks to queue
[2023-08-04T19:38:56.531+0000] {logging_mixin.py:137} INFO - [2023-08-04T19:38:56.531+0000] {dagbag.py:538} INFO - Filling up the DagBag from /workspaces/hands-on-introduction-data-engineering-4395021/airflow/dags/basic_etl_dag.py
[2023-08-04T19:38:56.748+0000] {processor.py:753} INFO - DAG(s) dict_keys(['basic_etl_dag']) retrieved from /workspaces/hands-on-introduction-data-engineering-4395021/airflow/dags/basic_etl_dag.py
[2023-08-04T19:38:56.766+0000] {logging_mixin.py:137} INFO - [2023-08-04T19:38:56.765+0000] {dag.py:2690} INFO - Sync 1 DAGs
[2023-08-04T19:38:56.786+0000] {logging_mixin.py:137} INFO - [2023-08-04T19:38:56.785+0000] {dag.py:3437} INFO - Setting next_dagrun for basic_etl_dag to None, run_after=None
[2023-08-04T19:38:56.851+0000] {processor.py:175} INFO - Processing /workspaces/hands-on-introduction-data-engineering-4395021/airflow/dags/basic_etl_dag.py took 0.325 seconds
[2023-08-04T19:39:27.074+0000] {processor.py:153} INFO - Started process (PID=64045) to work on /workspaces/hands-on-introduction-data-engineering-4395021/airflow/dags/basic_etl_dag.py
[2023-08-04T19:39:27.080+0000] {processor.py:743} INFO - Processing file /workspaces/hands-on-introduction-data-engineering-4395021/airflow/dags/basic_etl_dag.py for tasks to queue
[2023-08-04T19:39:27.083+0000] {logging_mixin.py:137} INFO - [2023-08-04T19:39:27.083+0000] {dagbag.py:538} INFO - Filling up the DagBag from /workspaces/hands-on-introduction-data-engineering-4395021/airflow/dags/basic_etl_dag.py
[2023-08-04T19:39:27.423+0000] {processor.py:753} INFO - DAG(s) dict_keys(['basic_etl_dag']) retrieved from /workspaces/hands-on-introduction-data-engineering-4395021/airflow/dags/basic_etl_dag.py
[2023-08-04T19:39:27.441+0000] {logging_mixin.py:137} INFO - [2023-08-04T19:39:27.441+0000] {dag.py:2690} INFO - Sync 1 DAGs
[2023-08-04T19:39:27.460+0000] {logging_mixin.py:137} INFO - [2023-08-04T19:39:27.460+0000] {dag.py:3437} INFO - Setting next_dagrun for basic_etl_dag to None, run_after=None
[2023-08-04T19:39:27.513+0000] {processor.py:175} INFO - Processing /workspaces/hands-on-introduction-data-engineering-4395021/airflow/dags/basic_etl_dag.py took 0.453 seconds
[2023-08-04T19:39:57.650+0000] {processor.py:153} INFO - Started process (PID=64214) to work on /workspaces/hands-on-introduction-data-engineering-4395021/airflow/dags/basic_etl_dag.py
[2023-08-04T19:39:57.651+0000] {processor.py:743} INFO - Processing file /workspaces/hands-on-introduction-data-engineering-4395021/airflow/dags/basic_etl_dag.py for tasks to queue
[2023-08-04T19:39:57.652+0000] {logging_mixin.py:137} INFO - [2023-08-04T19:39:57.652+0000] {dagbag.py:538} INFO - Filling up the DagBag from /workspaces/hands-on-introduction-data-engineering-4395021/airflow/dags/basic_etl_dag.py
[2023-08-04T19:39:57.858+0000] {processor.py:753} INFO - DAG(s) dict_keys(['basic_etl_dag']) retrieved from /workspaces/hands-on-introduction-data-engineering-4395021/airflow/dags/basic_etl_dag.py
[2023-08-04T19:39:57.876+0000] {logging_mixin.py:137} INFO - [2023-08-04T19:39:57.876+0000] {dag.py:2690} INFO - Sync 1 DAGs
[2023-08-04T19:39:57.896+0000] {logging_mixin.py:137} INFO - [2023-08-04T19:39:57.896+0000] {dag.py:3437} INFO - Setting next_dagrun for basic_etl_dag to None, run_after=None
[2023-08-04T19:39:57.949+0000] {processor.py:175} INFO - Processing /workspaces/hands-on-introduction-data-engineering-4395021/airflow/dags/basic_etl_dag.py took 0.302 seconds
[2023-08-04T19:40:28.136+0000] {processor.py:153} INFO - Started process (PID=64378) to work on /workspaces/hands-on-introduction-data-engineering-4395021/airflow/dags/basic_etl_dag.py
[2023-08-04T19:40:28.137+0000] {processor.py:743} INFO - Processing file /workspaces/hands-on-introduction-data-engineering-4395021/airflow/dags/basic_etl_dag.py for tasks to queue
[2023-08-04T19:40:28.138+0000] {logging_mixin.py:137} INFO - [2023-08-04T19:40:28.138+0000] {dagbag.py:538} INFO - Filling up the DagBag from /workspaces/hands-on-introduction-data-engineering-4395021/airflow/dags/basic_etl_dag.py
[2023-08-04T19:40:28.358+0000] {processor.py:753} INFO - DAG(s) dict_keys(['basic_etl_dag']) retrieved from /workspaces/hands-on-introduction-data-engineering-4395021/airflow/dags/basic_etl_dag.py
[2023-08-04T19:40:28.383+0000] {logging_mixin.py:137} INFO - [2023-08-04T19:40:28.383+0000] {dag.py:2690} INFO - Sync 1 DAGs
[2023-08-04T19:40:28.411+0000] {logging_mixin.py:137} INFO - [2023-08-04T19:40:28.411+0000] {dag.py:3437} INFO - Setting next_dagrun for basic_etl_dag to None, run_after=None
[2023-08-04T19:40:28.461+0000] {processor.py:175} INFO - Processing /workspaces/hands-on-introduction-data-engineering-4395021/airflow/dags/basic_etl_dag.py took 0.328 seconds
[2023-08-04T19:40:58.609+0000] {processor.py:153} INFO - Started process (PID=64549) to work on /workspaces/hands-on-introduction-data-engineering-4395021/airflow/dags/basic_etl_dag.py
[2023-08-04T19:40:58.610+0000] {processor.py:743} INFO - Processing file /workspaces/hands-on-introduction-data-engineering-4395021/airflow/dags/basic_etl_dag.py for tasks to queue
[2023-08-04T19:40:58.611+0000] {logging_mixin.py:137} INFO - [2023-08-04T19:40:58.611+0000] {dagbag.py:538} INFO - Filling up the DagBag from /workspaces/hands-on-introduction-data-engineering-4395021/airflow/dags/basic_etl_dag.py
[2023-08-04T19:40:58.843+0000] {processor.py:753} INFO - DAG(s) dict_keys(['basic_etl_dag']) retrieved from /workspaces/hands-on-introduction-data-engineering-4395021/airflow/dags/basic_etl_dag.py
[2023-08-04T19:40:58.862+0000] {logging_mixin.py:137} INFO - [2023-08-04T19:40:58.862+0000] {dag.py:2690} INFO - Sync 1 DAGs
[2023-08-04T19:40:58.882+0000] {logging_mixin.py:137} INFO - [2023-08-04T19:40:58.882+0000] {dag.py:3437} INFO - Setting next_dagrun for basic_etl_dag to None, run_after=None
[2023-08-04T19:40:58.933+0000] {processor.py:175} INFO - Processing /workspaces/hands-on-introduction-data-engineering-4395021/airflow/dags/basic_etl_dag.py took 0.327 seconds
[2023-08-04T19:41:29.094+0000] {processor.py:153} INFO - Started process (PID=64709) to work on /workspaces/hands-on-introduction-data-engineering-4395021/airflow/dags/basic_etl_dag.py
[2023-08-04T19:41:29.096+0000] {processor.py:743} INFO - Processing file /workspaces/hands-on-introduction-data-engineering-4395021/airflow/dags/basic_etl_dag.py for tasks to queue
[2023-08-04T19:41:29.097+0000] {logging_mixin.py:137} INFO - [2023-08-04T19:41:29.096+0000] {dagbag.py:538} INFO - Filling up the DagBag from /workspaces/hands-on-introduction-data-engineering-4395021/airflow/dags/basic_etl_dag.py
[2023-08-04T19:41:29.320+0000] {processor.py:753} INFO - DAG(s) dict_keys(['basic_etl_dag']) retrieved from /workspaces/hands-on-introduction-data-engineering-4395021/airflow/dags/basic_etl_dag.py
[2023-08-04T19:41:29.338+0000] {logging_mixin.py:137} INFO - [2023-08-04T19:41:29.338+0000] {dag.py:2690} INFO - Sync 1 DAGs
[2023-08-04T19:41:29.359+0000] {logging_mixin.py:137} INFO - [2023-08-04T19:41:29.359+0000] {dag.py:3437} INFO - Setting next_dagrun for basic_etl_dag to None, run_after=None
[2023-08-04T19:41:29.428+0000] {processor.py:175} INFO - Processing /workspaces/hands-on-introduction-data-engineering-4395021/airflow/dags/basic_etl_dag.py took 0.337 seconds
[2023-08-04T19:41:59.685+0000] {processor.py:153} INFO - Started process (PID=64868) to work on /workspaces/hands-on-introduction-data-engineering-4395021/airflow/dags/basic_etl_dag.py
[2023-08-04T19:41:59.686+0000] {processor.py:743} INFO - Processing file /workspaces/hands-on-introduction-data-engineering-4395021/airflow/dags/basic_etl_dag.py for tasks to queue
[2023-08-04T19:41:59.688+0000] {logging_mixin.py:137} INFO - [2023-08-04T19:41:59.688+0000] {dagbag.py:538} INFO - Filling up the DagBag from /workspaces/hands-on-introduction-data-engineering-4395021/airflow/dags/basic_etl_dag.py
[2023-08-04T19:42:00.006+0000] {processor.py:753} INFO - DAG(s) dict_keys(['basic_etl_dag']) retrieved from /workspaces/hands-on-introduction-data-engineering-4395021/airflow/dags/basic_etl_dag.py
[2023-08-04T19:42:00.024+0000] {logging_mixin.py:137} INFO - [2023-08-04T19:42:00.024+0000] {dag.py:2690} INFO - Sync 1 DAGs
[2023-08-04T19:42:00.045+0000] {logging_mixin.py:137} INFO - [2023-08-04T19:42:00.045+0000] {dag.py:3437} INFO - Setting next_dagrun for basic_etl_dag to None, run_after=None
[2023-08-04T19:42:00.097+0000] {processor.py:175} INFO - Processing /workspaces/hands-on-introduction-data-engineering-4395021/airflow/dags/basic_etl_dag.py took 0.416 seconds
