[2023-08-04T14:59:49.851+0000] {processor.py:153} INFO - Started process (PID=39826) to work on /workspaces/hands-on-introduction-data-engineering-4395021/airflow/dags/extract_dag.py
[2023-08-04T14:59:49.855+0000] {processor.py:743} INFO - Processing file /workspaces/hands-on-introduction-data-engineering-4395021/airflow/dags/extract_dag.py for tasks to queue
[2023-08-04T14:59:49.856+0000] {logging_mixin.py:137} INFO - [2023-08-04T14:59:49.856+0000] {dagbag.py:538} INFO - Filling up the DagBag from /workspaces/hands-on-introduction-data-engineering-4395021/airflow/dags/extract_dag.py
[2023-08-04T14:59:49.932+0000] {processor.py:753} INFO - DAG(s) dict_keys(['extract_dag']) retrieved from /workspaces/hands-on-introduction-data-engineering-4395021/airflow/dags/extract_dag.py
[2023-08-04T14:59:50.284+0000] {logging_mixin.py:137} INFO - [2023-08-04T14:59:50.283+0000] {manager.py:504} INFO - Created Permission View: can read on DAG:extract_dag
[2023-08-04T14:59:50.340+0000] {logging_mixin.py:137} INFO - [2023-08-04T14:59:50.340+0000] {manager.py:504} INFO - Created Permission View: can edit on DAG:extract_dag
[2023-08-04T14:59:50.388+0000] {logging_mixin.py:137} INFO - [2023-08-04T14:59:50.388+0000] {manager.py:504} INFO - Created Permission View: can delete on DAG:extract_dag
[2023-08-04T14:59:50.389+0000] {logging_mixin.py:137} INFO - [2023-08-04T14:59:50.389+0000] {dag.py:2690} INFO - Sync 1 DAGs
[2023-08-04T14:59:50.424+0000] {logging_mixin.py:137} INFO - [2023-08-04T14:59:50.424+0000] {dag.py:2711} INFO - Creating ORM DAG for extract_dag
[2023-08-04T14:59:50.455+0000] {logging_mixin.py:137} INFO - [2023-08-04T14:59:50.455+0000] {dag.py:3437} INFO - Setting next_dagrun for extract_dag to None, run_after=None
[2023-08-04T14:59:50.535+0000] {processor.py:175} INFO - Processing /workspaces/hands-on-introduction-data-engineering-4395021/airflow/dags/extract_dag.py took 0.700 seconds
[2023-08-04T15:00:20.727+0000] {processor.py:153} INFO - Started process (PID=40027) to work on /workspaces/hands-on-introduction-data-engineering-4395021/airflow/dags/extract_dag.py
[2023-08-04T15:00:20.728+0000] {processor.py:743} INFO - Processing file /workspaces/hands-on-introduction-data-engineering-4395021/airflow/dags/extract_dag.py for tasks to queue
[2023-08-04T15:00:20.729+0000] {logging_mixin.py:137} INFO - [2023-08-04T15:00:20.729+0000] {dagbag.py:538} INFO - Filling up the DagBag from /workspaces/hands-on-introduction-data-engineering-4395021/airflow/dags/extract_dag.py
[2023-08-04T15:00:20.745+0000] {processor.py:753} INFO - DAG(s) dict_keys(['extract_dag']) retrieved from /workspaces/hands-on-introduction-data-engineering-4395021/airflow/dags/extract_dag.py
[2023-08-04T15:00:20.762+0000] {logging_mixin.py:137} INFO - [2023-08-04T15:00:20.762+0000] {dag.py:2690} INFO - Sync 1 DAGs
[2023-08-04T15:00:20.780+0000] {logging_mixin.py:137} INFO - [2023-08-04T15:00:20.780+0000] {dag.py:3437} INFO - Setting next_dagrun for extract_dag to None, run_after=None
[2023-08-04T15:00:20.828+0000] {processor.py:175} INFO - Processing /workspaces/hands-on-introduction-data-engineering-4395021/airflow/dags/extract_dag.py took 0.104 seconds
[2023-08-04T15:00:33.428+0000] {processor.py:153} INFO - Started process (PID=40113) to work on /workspaces/hands-on-introduction-data-engineering-4395021/airflow/dags/extract_dag.py
[2023-08-04T15:00:33.429+0000] {processor.py:743} INFO - Processing file /workspaces/hands-on-introduction-data-engineering-4395021/airflow/dags/extract_dag.py for tasks to queue
[2023-08-04T15:00:33.430+0000] {logging_mixin.py:137} INFO - [2023-08-04T15:00:33.430+0000] {dagbag.py:538} INFO - Filling up the DagBag from /workspaces/hands-on-introduction-data-engineering-4395021/airflow/dags/extract_dag.py
[2023-08-04T15:00:33.453+0000] {processor.py:753} INFO - DAG(s) dict_keys(['extract_dag']) retrieved from /workspaces/hands-on-introduction-data-engineering-4395021/airflow/dags/extract_dag.py
[2023-08-04T15:00:33.477+0000] {logging_mixin.py:137} INFO - [2023-08-04T15:00:33.477+0000] {dag.py:2690} INFO - Sync 1 DAGs
[2023-08-04T15:00:33.503+0000] {logging_mixin.py:137} INFO - [2023-08-04T15:00:33.503+0000] {dag.py:3437} INFO - Setting next_dagrun for extract_dag to None, run_after=None
[2023-08-04T15:00:33.563+0000] {processor.py:175} INFO - Processing /workspaces/hands-on-introduction-data-engineering-4395021/airflow/dags/extract_dag.py took 0.140 seconds
[2023-08-04T15:01:04.388+0000] {processor.py:153} INFO - Started process (PID=40300) to work on /workspaces/hands-on-introduction-data-engineering-4395021/airflow/dags/extract_dag.py
[2023-08-04T15:01:04.396+0000] {processor.py:743} INFO - Processing file /workspaces/hands-on-introduction-data-engineering-4395021/airflow/dags/extract_dag.py for tasks to queue
[2023-08-04T15:01:04.397+0000] {logging_mixin.py:137} INFO - [2023-08-04T15:01:04.397+0000] {dagbag.py:538} INFO - Filling up the DagBag from /workspaces/hands-on-introduction-data-engineering-4395021/airflow/dags/extract_dag.py
[2023-08-04T15:01:04.435+0000] {processor.py:753} INFO - DAG(s) dict_keys(['extract_dag']) retrieved from /workspaces/hands-on-introduction-data-engineering-4395021/airflow/dags/extract_dag.py
[2023-08-04T15:01:04.463+0000] {logging_mixin.py:137} INFO - [2023-08-04T15:01:04.463+0000] {dag.py:2690} INFO - Sync 1 DAGs
[2023-08-04T15:01:04.491+0000] {logging_mixin.py:137} INFO - [2023-08-04T15:01:04.491+0000] {dag.py:3437} INFO - Setting next_dagrun for extract_dag to None, run_after=None
[2023-08-04T15:01:04.544+0000] {processor.py:175} INFO - Processing /workspaces/hands-on-introduction-data-engineering-4395021/airflow/dags/extract_dag.py took 0.173 seconds
[2023-08-04T15:01:34.713+0000] {processor.py:153} INFO - Started process (PID=40477) to work on /workspaces/hands-on-introduction-data-engineering-4395021/airflow/dags/extract_dag.py
[2023-08-04T15:01:34.713+0000] {processor.py:743} INFO - Processing file /workspaces/hands-on-introduction-data-engineering-4395021/airflow/dags/extract_dag.py for tasks to queue
[2023-08-04T15:01:34.714+0000] {logging_mixin.py:137} INFO - [2023-08-04T15:01:34.714+0000] {dagbag.py:538} INFO - Filling up the DagBag from /workspaces/hands-on-introduction-data-engineering-4395021/airflow/dags/extract_dag.py
[2023-08-04T15:01:34.729+0000] {processor.py:753} INFO - DAG(s) dict_keys(['extract_dag']) retrieved from /workspaces/hands-on-introduction-data-engineering-4395021/airflow/dags/extract_dag.py
[2023-08-04T15:01:34.749+0000] {logging_mixin.py:137} INFO - [2023-08-04T15:01:34.748+0000] {dag.py:2690} INFO - Sync 1 DAGs
[2023-08-04T15:01:34.767+0000] {logging_mixin.py:137} INFO - [2023-08-04T15:01:34.767+0000] {dag.py:3437} INFO - Setting next_dagrun for extract_dag to None, run_after=None
[2023-08-04T15:01:34.816+0000] {processor.py:175} INFO - Processing /workspaces/hands-on-introduction-data-engineering-4395021/airflow/dags/extract_dag.py took 0.107 seconds
[2023-08-04T15:02:05.377+0000] {processor.py:153} INFO - Started process (PID=40660) to work on /workspaces/hands-on-introduction-data-engineering-4395021/airflow/dags/extract_dag.py
[2023-08-04T15:02:05.378+0000] {processor.py:743} INFO - Processing file /workspaces/hands-on-introduction-data-engineering-4395021/airflow/dags/extract_dag.py for tasks to queue
[2023-08-04T15:02:05.379+0000] {logging_mixin.py:137} INFO - [2023-08-04T15:02:05.379+0000] {dagbag.py:538} INFO - Filling up the DagBag from /workspaces/hands-on-introduction-data-engineering-4395021/airflow/dags/extract_dag.py
[2023-08-04T15:02:05.396+0000] {processor.py:753} INFO - DAG(s) dict_keys(['extract_dag']) retrieved from /workspaces/hands-on-introduction-data-engineering-4395021/airflow/dags/extract_dag.py
[2023-08-04T15:02:05.417+0000] {logging_mixin.py:137} INFO - [2023-08-04T15:02:05.417+0000] {dag.py:2690} INFO - Sync 1 DAGs
[2023-08-04T15:02:05.436+0000] {logging_mixin.py:137} INFO - [2023-08-04T15:02:05.436+0000] {dag.py:3437} INFO - Setting next_dagrun for extract_dag to None, run_after=None
[2023-08-04T15:02:05.483+0000] {processor.py:175} INFO - Processing /workspaces/hands-on-introduction-data-engineering-4395021/airflow/dags/extract_dag.py took 0.109 seconds
[2023-08-04T15:02:35.788+0000] {processor.py:153} INFO - Started process (PID=40863) to work on /workspaces/hands-on-introduction-data-engineering-4395021/airflow/dags/extract_dag.py
[2023-08-04T15:02:35.789+0000] {processor.py:743} INFO - Processing file /workspaces/hands-on-introduction-data-engineering-4395021/airflow/dags/extract_dag.py for tasks to queue
[2023-08-04T15:02:35.790+0000] {logging_mixin.py:137} INFO - [2023-08-04T15:02:35.789+0000] {dagbag.py:538} INFO - Filling up the DagBag from /workspaces/hands-on-introduction-data-engineering-4395021/airflow/dags/extract_dag.py
[2023-08-04T15:02:35.805+0000] {processor.py:753} INFO - DAG(s) dict_keys(['extract_dag']) retrieved from /workspaces/hands-on-introduction-data-engineering-4395021/airflow/dags/extract_dag.py
[2023-08-04T15:02:35.821+0000] {logging_mixin.py:137} INFO - [2023-08-04T15:02:35.821+0000] {dag.py:2690} INFO - Sync 1 DAGs
[2023-08-04T15:02:35.841+0000] {logging_mixin.py:137} INFO - [2023-08-04T15:02:35.841+0000] {dag.py:3437} INFO - Setting next_dagrun for extract_dag to None, run_after=None
[2023-08-04T15:02:35.891+0000] {processor.py:175} INFO - Processing /workspaces/hands-on-introduction-data-engineering-4395021/airflow/dags/extract_dag.py took 0.106 seconds
[2023-08-04T15:03:06.397+0000] {processor.py:153} INFO - Started process (PID=41062) to work on /workspaces/hands-on-introduction-data-engineering-4395021/airflow/dags/extract_dag.py
[2023-08-04T15:03:06.398+0000] {processor.py:743} INFO - Processing file /workspaces/hands-on-introduction-data-engineering-4395021/airflow/dags/extract_dag.py for tasks to queue
[2023-08-04T15:03:06.399+0000] {logging_mixin.py:137} INFO - [2023-08-04T15:03:06.398+0000] {dagbag.py:538} INFO - Filling up the DagBag from /workspaces/hands-on-introduction-data-engineering-4395021/airflow/dags/extract_dag.py
[2023-08-04T15:03:06.413+0000] {processor.py:753} INFO - DAG(s) dict_keys(['extract_dag']) retrieved from /workspaces/hands-on-introduction-data-engineering-4395021/airflow/dags/extract_dag.py
[2023-08-04T15:03:06.431+0000] {logging_mixin.py:137} INFO - [2023-08-04T15:03:06.430+0000] {dag.py:2690} INFO - Sync 1 DAGs
[2023-08-04T15:03:06.449+0000] {logging_mixin.py:137} INFO - [2023-08-04T15:03:06.449+0000] {dag.py:3437} INFO - Setting next_dagrun for extract_dag to None, run_after=None
[2023-08-04T15:03:06.498+0000] {processor.py:175} INFO - Processing /workspaces/hands-on-introduction-data-engineering-4395021/airflow/dags/extract_dag.py took 0.105 seconds
[2023-08-04T15:03:36.672+0000] {processor.py:153} INFO - Started process (PID=41256) to work on /workspaces/hands-on-introduction-data-engineering-4395021/airflow/dags/extract_dag.py
[2023-08-04T15:03:36.673+0000] {processor.py:743} INFO - Processing file /workspaces/hands-on-introduction-data-engineering-4395021/airflow/dags/extract_dag.py for tasks to queue
[2023-08-04T15:03:36.674+0000] {logging_mixin.py:137} INFO - [2023-08-04T15:03:36.673+0000] {dagbag.py:538} INFO - Filling up the DagBag from /workspaces/hands-on-introduction-data-engineering-4395021/airflow/dags/extract_dag.py
[2023-08-04T15:03:36.689+0000] {processor.py:753} INFO - DAG(s) dict_keys(['extract_dag']) retrieved from /workspaces/hands-on-introduction-data-engineering-4395021/airflow/dags/extract_dag.py
[2023-08-04T15:03:36.706+0000] {logging_mixin.py:137} INFO - [2023-08-04T15:03:36.706+0000] {dag.py:2690} INFO - Sync 1 DAGs
[2023-08-04T15:03:36.725+0000] {logging_mixin.py:137} INFO - [2023-08-04T15:03:36.725+0000] {dag.py:3437} INFO - Setting next_dagrun for extract_dag to None, run_after=None
[2023-08-04T15:03:36.772+0000] {processor.py:175} INFO - Processing /workspaces/hands-on-introduction-data-engineering-4395021/airflow/dags/extract_dag.py took 0.104 seconds
[2023-08-04T15:04:06.950+0000] {processor.py:153} INFO - Started process (PID=41441) to work on /workspaces/hands-on-introduction-data-engineering-4395021/airflow/dags/extract_dag.py
[2023-08-04T15:04:06.951+0000] {processor.py:743} INFO - Processing file /workspaces/hands-on-introduction-data-engineering-4395021/airflow/dags/extract_dag.py for tasks to queue
[2023-08-04T15:04:06.951+0000] {logging_mixin.py:137} INFO - [2023-08-04T15:04:06.951+0000] {dagbag.py:538} INFO - Filling up the DagBag from /workspaces/hands-on-introduction-data-engineering-4395021/airflow/dags/extract_dag.py
[2023-08-04T15:04:06.967+0000] {processor.py:753} INFO - DAG(s) dict_keys(['extract_dag']) retrieved from /workspaces/hands-on-introduction-data-engineering-4395021/airflow/dags/extract_dag.py
[2023-08-04T15:04:06.986+0000] {logging_mixin.py:137} INFO - [2023-08-04T15:04:06.986+0000] {dag.py:2690} INFO - Sync 1 DAGs
[2023-08-04T15:04:07.006+0000] {logging_mixin.py:137} INFO - [2023-08-04T15:04:07.006+0000] {dag.py:3437} INFO - Setting next_dagrun for extract_dag to None, run_after=None
[2023-08-04T15:04:07.054+0000] {processor.py:175} INFO - Processing /workspaces/hands-on-introduction-data-engineering-4395021/airflow/dags/extract_dag.py took 0.109 seconds
[2023-08-04T15:04:37.230+0000] {processor.py:153} INFO - Started process (PID=41621) to work on /workspaces/hands-on-introduction-data-engineering-4395021/airflow/dags/extract_dag.py
[2023-08-04T15:04:37.231+0000] {processor.py:743} INFO - Processing file /workspaces/hands-on-introduction-data-engineering-4395021/airflow/dags/extract_dag.py for tasks to queue
[2023-08-04T15:04:37.232+0000] {logging_mixin.py:137} INFO - [2023-08-04T15:04:37.232+0000] {dagbag.py:538} INFO - Filling up the DagBag from /workspaces/hands-on-introduction-data-engineering-4395021/airflow/dags/extract_dag.py
[2023-08-04T15:04:37.248+0000] {processor.py:753} INFO - DAG(s) dict_keys(['extract_dag']) retrieved from /workspaces/hands-on-introduction-data-engineering-4395021/airflow/dags/extract_dag.py
[2023-08-04T15:04:37.266+0000] {logging_mixin.py:137} INFO - [2023-08-04T15:04:37.266+0000] {dag.py:2690} INFO - Sync 1 DAGs
[2023-08-04T15:04:37.285+0000] {logging_mixin.py:137} INFO - [2023-08-04T15:04:37.285+0000] {dag.py:3437} INFO - Setting next_dagrun for extract_dag to None, run_after=None
[2023-08-04T15:04:37.333+0000] {processor.py:175} INFO - Processing /workspaces/hands-on-introduction-data-engineering-4395021/airflow/dags/extract_dag.py took 0.106 seconds
[2023-08-04T15:05:07.522+0000] {processor.py:153} INFO - Started process (PID=41818) to work on /workspaces/hands-on-introduction-data-engineering-4395021/airflow/dags/extract_dag.py
[2023-08-04T15:05:07.523+0000] {processor.py:743} INFO - Processing file /workspaces/hands-on-introduction-data-engineering-4395021/airflow/dags/extract_dag.py for tasks to queue
[2023-08-04T15:05:07.524+0000] {logging_mixin.py:137} INFO - [2023-08-04T15:05:07.524+0000] {dagbag.py:538} INFO - Filling up the DagBag from /workspaces/hands-on-introduction-data-engineering-4395021/airflow/dags/extract_dag.py
[2023-08-04T15:05:07.539+0000] {processor.py:753} INFO - DAG(s) dict_keys(['extract_dag']) retrieved from /workspaces/hands-on-introduction-data-engineering-4395021/airflow/dags/extract_dag.py
[2023-08-04T15:05:07.556+0000] {logging_mixin.py:137} INFO - [2023-08-04T15:05:07.556+0000] {dag.py:2690} INFO - Sync 1 DAGs
[2023-08-04T15:05:07.577+0000] {logging_mixin.py:137} INFO - [2023-08-04T15:05:07.577+0000] {dag.py:3437} INFO - Setting next_dagrun for extract_dag to None, run_after=None
[2023-08-04T15:05:07.624+0000] {processor.py:175} INFO - Processing /workspaces/hands-on-introduction-data-engineering-4395021/airflow/dags/extract_dag.py took 0.105 seconds
[2023-08-04T15:05:37.805+0000] {processor.py:153} INFO - Started process (PID=42013) to work on /workspaces/hands-on-introduction-data-engineering-4395021/airflow/dags/extract_dag.py
[2023-08-04T15:05:37.806+0000] {processor.py:743} INFO - Processing file /workspaces/hands-on-introduction-data-engineering-4395021/airflow/dags/extract_dag.py for tasks to queue
[2023-08-04T15:05:37.806+0000] {logging_mixin.py:137} INFO - [2023-08-04T15:05:37.806+0000] {dagbag.py:538} INFO - Filling up the DagBag from /workspaces/hands-on-introduction-data-engineering-4395021/airflow/dags/extract_dag.py
[2023-08-04T15:05:37.821+0000] {processor.py:753} INFO - DAG(s) dict_keys(['extract_dag']) retrieved from /workspaces/hands-on-introduction-data-engineering-4395021/airflow/dags/extract_dag.py
[2023-08-04T15:05:37.838+0000] {logging_mixin.py:137} INFO - [2023-08-04T15:05:37.838+0000] {dag.py:2690} INFO - Sync 1 DAGs
[2023-08-04T15:05:37.856+0000] {logging_mixin.py:137} INFO - [2023-08-04T15:05:37.856+0000] {dag.py:3437} INFO - Setting next_dagrun for extract_dag to None, run_after=None
[2023-08-04T15:05:37.902+0000] {processor.py:175} INFO - Processing /workspaces/hands-on-introduction-data-engineering-4395021/airflow/dags/extract_dag.py took 0.100 seconds
[2023-08-04T15:06:08.059+0000] {processor.py:153} INFO - Started process (PID=42212) to work on /workspaces/hands-on-introduction-data-engineering-4395021/airflow/dags/extract_dag.py
[2023-08-04T15:06:08.060+0000] {processor.py:743} INFO - Processing file /workspaces/hands-on-introduction-data-engineering-4395021/airflow/dags/extract_dag.py for tasks to queue
[2023-08-04T15:06:08.061+0000] {logging_mixin.py:137} INFO - [2023-08-04T15:06:08.061+0000] {dagbag.py:538} INFO - Filling up the DagBag from /workspaces/hands-on-introduction-data-engineering-4395021/airflow/dags/extract_dag.py
[2023-08-04T15:06:08.078+0000] {processor.py:753} INFO - DAG(s) dict_keys(['extract_dag']) retrieved from /workspaces/hands-on-introduction-data-engineering-4395021/airflow/dags/extract_dag.py
[2023-08-04T15:06:08.096+0000] {logging_mixin.py:137} INFO - [2023-08-04T15:06:08.096+0000] {dag.py:2690} INFO - Sync 1 DAGs
[2023-08-04T15:06:08.115+0000] {logging_mixin.py:137} INFO - [2023-08-04T15:06:08.115+0000] {dag.py:3437} INFO - Setting next_dagrun for extract_dag to None, run_after=None
[2023-08-04T15:06:08.160+0000] {processor.py:175} INFO - Processing /workspaces/hands-on-introduction-data-engineering-4395021/airflow/dags/extract_dag.py took 0.105 seconds
[2023-08-04T15:06:38.374+0000] {processor.py:153} INFO - Started process (PID=42415) to work on /workspaces/hands-on-introduction-data-engineering-4395021/airflow/dags/extract_dag.py
[2023-08-04T15:06:38.375+0000] {processor.py:743} INFO - Processing file /workspaces/hands-on-introduction-data-engineering-4395021/airflow/dags/extract_dag.py for tasks to queue
[2023-08-04T15:06:38.375+0000] {logging_mixin.py:137} INFO - [2023-08-04T15:06:38.375+0000] {dagbag.py:538} INFO - Filling up the DagBag from /workspaces/hands-on-introduction-data-engineering-4395021/airflow/dags/extract_dag.py
[2023-08-04T15:06:38.390+0000] {processor.py:753} INFO - DAG(s) dict_keys(['extract_dag']) retrieved from /workspaces/hands-on-introduction-data-engineering-4395021/airflow/dags/extract_dag.py
[2023-08-04T15:06:38.410+0000] {logging_mixin.py:137} INFO - [2023-08-04T15:06:38.410+0000] {dag.py:2690} INFO - Sync 1 DAGs
[2023-08-04T15:06:38.429+0000] {logging_mixin.py:137} INFO - [2023-08-04T15:06:38.429+0000] {dag.py:3437} INFO - Setting next_dagrun for extract_dag to None, run_after=None
[2023-08-04T15:06:38.479+0000] {processor.py:175} INFO - Processing /workspaces/hands-on-introduction-data-engineering-4395021/airflow/dags/extract_dag.py took 0.108 seconds
