[2023-08-04T19:12:29.112+0000] {processor.py:153} INFO - Started process (PID=54904) to work on /workspaces/hands-on-introduction-data-engineering-4395021/airflow/dags/load_dag_backup.py
[2023-08-04T19:12:29.114+0000] {processor.py:743} INFO - Processing file /workspaces/hands-on-introduction-data-engineering-4395021/airflow/dags/load_dag_backup.py for tasks to queue
[2023-08-04T19:12:29.115+0000] {logging_mixin.py:137} INFO - [2023-08-04T19:12:29.115+0000] {dagbag.py:538} INFO - Filling up the DagBag from /workspaces/hands-on-introduction-data-engineering-4395021/airflow/dags/load_dag_backup.py
[2023-08-04T19:12:29.198+0000] {processor.py:753} INFO - DAG(s) dict_keys(['load_dag']) retrieved from /workspaces/hands-on-introduction-data-engineering-4395021/airflow/dags/load_dag_backup.py
[2023-08-04T19:12:29.862+0000] {logging_mixin.py:137} INFO - [2023-08-04T19:12:29.862+0000] {manager.py:504} INFO - Created Permission View: can delete on DAG:load_dag
[2023-08-04T19:12:29.972+0000] {logging_mixin.py:137} INFO - [2023-08-04T19:12:29.971+0000] {manager.py:504} INFO - Created Permission View: can read on DAG:load_dag
[2023-08-04T19:12:30.067+0000] {logging_mixin.py:137} INFO - [2023-08-04T19:12:30.066+0000] {manager.py:504} INFO - Created Permission View: can edit on DAG:load_dag
[2023-08-04T19:12:30.067+0000] {logging_mixin.py:137} INFO - [2023-08-04T19:12:30.067+0000] {dag.py:2690} INFO - Sync 1 DAGs
[2023-08-04T19:12:30.152+0000] {logging_mixin.py:137} INFO - [2023-08-04T19:12:30.152+0000] {dag.py:2711} INFO - Creating ORM DAG for load_dag
[2023-08-04T19:12:30.230+0000] {logging_mixin.py:137} INFO - [2023-08-04T19:12:30.230+0000] {dag.py:3437} INFO - Setting next_dagrun for load_dag to None, run_after=None
[2023-08-04T19:12:30.411+0000] {processor.py:175} INFO - Processing /workspaces/hands-on-introduction-data-engineering-4395021/airflow/dags/load_dag_backup.py took 1.295 seconds
[2023-08-04T19:13:01.337+0000] {processor.py:153} INFO - Started process (PID=55122) to work on /workspaces/hands-on-introduction-data-engineering-4395021/airflow/dags/load_dag_backup.py
[2023-08-04T19:13:01.338+0000] {processor.py:743} INFO - Processing file /workspaces/hands-on-introduction-data-engineering-4395021/airflow/dags/load_dag_backup.py for tasks to queue
[2023-08-04T19:13:01.339+0000] {logging_mixin.py:137} INFO - [2023-08-04T19:13:01.339+0000] {dagbag.py:538} INFO - Filling up the DagBag from /workspaces/hands-on-introduction-data-engineering-4395021/airflow/dags/load_dag_backup.py
[2023-08-04T19:13:01.354+0000] {processor.py:753} INFO - DAG(s) dict_keys(['load_dag']) retrieved from /workspaces/hands-on-introduction-data-engineering-4395021/airflow/dags/load_dag_backup.py
[2023-08-04T19:13:01.372+0000] {logging_mixin.py:137} INFO - [2023-08-04T19:13:01.372+0000] {dag.py:2690} INFO - Sync 1 DAGs
[2023-08-04T19:13:01.399+0000] {logging_mixin.py:137} INFO - [2023-08-04T19:13:01.399+0000] {dag.py:3437} INFO - Setting next_dagrun for load_dag to None, run_after=None
[2023-08-04T19:13:01.452+0000] {processor.py:175} INFO - Processing /workspaces/hands-on-introduction-data-engineering-4395021/airflow/dags/load_dag_backup.py took 0.118 seconds
[2023-08-04T19:13:31.864+0000] {processor.py:153} INFO - Started process (PID=55308) to work on /workspaces/hands-on-introduction-data-engineering-4395021/airflow/dags/load_dag_backup.py
[2023-08-04T19:13:31.865+0000] {processor.py:743} INFO - Processing file /workspaces/hands-on-introduction-data-engineering-4395021/airflow/dags/load_dag_backup.py for tasks to queue
[2023-08-04T19:13:31.866+0000] {logging_mixin.py:137} INFO - [2023-08-04T19:13:31.866+0000] {dagbag.py:538} INFO - Filling up the DagBag from /workspaces/hands-on-introduction-data-engineering-4395021/airflow/dags/load_dag_backup.py
[2023-08-04T19:13:31.882+0000] {processor.py:753} INFO - DAG(s) dict_keys(['load_dag']) retrieved from /workspaces/hands-on-introduction-data-engineering-4395021/airflow/dags/load_dag_backup.py
[2023-08-04T19:13:31.900+0000] {logging_mixin.py:137} INFO - [2023-08-04T19:13:31.900+0000] {dag.py:2690} INFO - Sync 1 DAGs
[2023-08-04T19:13:31.919+0000] {logging_mixin.py:137} INFO - [2023-08-04T19:13:31.919+0000] {dag.py:3437} INFO - Setting next_dagrun for load_dag to None, run_after=None
[2023-08-04T19:13:31.973+0000] {processor.py:175} INFO - Processing /workspaces/hands-on-introduction-data-engineering-4395021/airflow/dags/load_dag_backup.py took 0.112 seconds
[2023-08-04T19:14:02.386+0000] {processor.py:153} INFO - Started process (PID=55847) to work on /workspaces/hands-on-introduction-data-engineering-4395021/airflow/dags/load_dag_backup.py
[2023-08-04T19:14:02.387+0000] {processor.py:743} INFO - Processing file /workspaces/hands-on-introduction-data-engineering-4395021/airflow/dags/load_dag_backup.py for tasks to queue
[2023-08-04T19:14:02.388+0000] {logging_mixin.py:137} INFO - [2023-08-04T19:14:02.388+0000] {dagbag.py:538} INFO - Filling up the DagBag from /workspaces/hands-on-introduction-data-engineering-4395021/airflow/dags/load_dag_backup.py
[2023-08-04T19:14:02.404+0000] {processor.py:753} INFO - DAG(s) dict_keys(['load_dag']) retrieved from /workspaces/hands-on-introduction-data-engineering-4395021/airflow/dags/load_dag_backup.py
[2023-08-04T19:14:02.423+0000] {logging_mixin.py:137} INFO - [2023-08-04T19:14:02.423+0000] {dag.py:2690} INFO - Sync 1 DAGs
[2023-08-04T19:14:02.446+0000] {logging_mixin.py:137} INFO - [2023-08-04T19:14:02.446+0000] {dag.py:3437} INFO - Setting next_dagrun for load_dag to None, run_after=None
[2023-08-04T19:14:02.497+0000] {processor.py:175} INFO - Processing /workspaces/hands-on-introduction-data-engineering-4395021/airflow/dags/load_dag_backup.py took 0.115 seconds
[2023-08-04T19:14:32.975+0000] {processor.py:153} INFO - Started process (PID=56041) to work on /workspaces/hands-on-introduction-data-engineering-4395021/airflow/dags/load_dag_backup.py
[2023-08-04T19:14:32.976+0000] {processor.py:743} INFO - Processing file /workspaces/hands-on-introduction-data-engineering-4395021/airflow/dags/load_dag_backup.py for tasks to queue
[2023-08-04T19:14:32.977+0000] {logging_mixin.py:137} INFO - [2023-08-04T19:14:32.977+0000] {dagbag.py:538} INFO - Filling up the DagBag from /workspaces/hands-on-introduction-data-engineering-4395021/airflow/dags/load_dag_backup.py
[2023-08-04T19:14:32.993+0000] {processor.py:753} INFO - DAG(s) dict_keys(['load_dag']) retrieved from /workspaces/hands-on-introduction-data-engineering-4395021/airflow/dags/load_dag_backup.py
[2023-08-04T19:14:33.012+0000] {logging_mixin.py:137} INFO - [2023-08-04T19:14:33.012+0000] {dag.py:2690} INFO - Sync 1 DAGs
[2023-08-04T19:14:33.038+0000] {logging_mixin.py:137} INFO - [2023-08-04T19:14:33.038+0000] {dag.py:3437} INFO - Setting next_dagrun for load_dag to None, run_after=None
[2023-08-04T19:14:33.090+0000] {processor.py:175} INFO - Processing /workspaces/hands-on-introduction-data-engineering-4395021/airflow/dags/load_dag_backup.py took 0.119 seconds
[2023-08-04T19:15:03.495+0000] {processor.py:153} INFO - Started process (PID=56210) to work on /workspaces/hands-on-introduction-data-engineering-4395021/airflow/dags/load_dag_backup.py
[2023-08-04T19:15:03.497+0000] {processor.py:743} INFO - Processing file /workspaces/hands-on-introduction-data-engineering-4395021/airflow/dags/load_dag_backup.py for tasks to queue
[2023-08-04T19:15:03.498+0000] {logging_mixin.py:137} INFO - [2023-08-04T19:15:03.497+0000] {dagbag.py:538} INFO - Filling up the DagBag from /workspaces/hands-on-introduction-data-engineering-4395021/airflow/dags/load_dag_backup.py
[2023-08-04T19:15:03.513+0000] {processor.py:753} INFO - DAG(s) dict_keys(['load_dag']) retrieved from /workspaces/hands-on-introduction-data-engineering-4395021/airflow/dags/load_dag_backup.py
[2023-08-04T19:15:03.531+0000] {logging_mixin.py:137} INFO - [2023-08-04T19:15:03.531+0000] {dag.py:2690} INFO - Sync 1 DAGs
[2023-08-04T19:15:03.550+0000] {logging_mixin.py:137} INFO - [2023-08-04T19:15:03.550+0000] {dag.py:3437} INFO - Setting next_dagrun for load_dag to None, run_after=None
[2023-08-04T19:15:03.605+0000] {processor.py:175} INFO - Processing /workspaces/hands-on-introduction-data-engineering-4395021/airflow/dags/load_dag_backup.py took 0.114 seconds
[2023-08-04T19:15:34.067+0000] {processor.py:153} INFO - Started process (PID=56383) to work on /workspaces/hands-on-introduction-data-engineering-4395021/airflow/dags/load_dag_backup.py
[2023-08-04T19:15:34.068+0000] {processor.py:743} INFO - Processing file /workspaces/hands-on-introduction-data-engineering-4395021/airflow/dags/load_dag_backup.py for tasks to queue
[2023-08-04T19:15:34.069+0000] {logging_mixin.py:137} INFO - [2023-08-04T19:15:34.069+0000] {dagbag.py:538} INFO - Filling up the DagBag from /workspaces/hands-on-introduction-data-engineering-4395021/airflow/dags/load_dag_backup.py
[2023-08-04T19:15:34.085+0000] {processor.py:753} INFO - DAG(s) dict_keys(['load_dag']) retrieved from /workspaces/hands-on-introduction-data-engineering-4395021/airflow/dags/load_dag_backup.py
[2023-08-04T19:15:34.105+0000] {logging_mixin.py:137} INFO - [2023-08-04T19:15:34.105+0000] {dag.py:2690} INFO - Sync 1 DAGs
[2023-08-04T19:15:34.261+0000] {logging_mixin.py:137} INFO - [2023-08-04T19:15:34.261+0000] {dag.py:3437} INFO - Setting next_dagrun for load_dag to None, run_after=None
[2023-08-04T19:15:34.311+0000] {processor.py:175} INFO - Processing /workspaces/hands-on-introduction-data-engineering-4395021/airflow/dags/load_dag_backup.py took 0.247 seconds
[2023-08-04T19:16:04.653+0000] {processor.py:153} INFO - Started process (PID=56548) to work on /workspaces/hands-on-introduction-data-engineering-4395021/airflow/dags/load_dag_backup.py
[2023-08-04T19:16:04.654+0000] {processor.py:743} INFO - Processing file /workspaces/hands-on-introduction-data-engineering-4395021/airflow/dags/load_dag_backup.py for tasks to queue
[2023-08-04T19:16:04.655+0000] {logging_mixin.py:137} INFO - [2023-08-04T19:16:04.655+0000] {dagbag.py:538} INFO - Filling up the DagBag from /workspaces/hands-on-introduction-data-engineering-4395021/airflow/dags/load_dag_backup.py
[2023-08-04T19:16:04.672+0000] {processor.py:753} INFO - DAG(s) dict_keys(['load_dag']) retrieved from /workspaces/hands-on-introduction-data-engineering-4395021/airflow/dags/load_dag_backup.py
[2023-08-04T19:16:04.845+0000] {logging_mixin.py:137} INFO - [2023-08-04T19:16:04.845+0000] {dag.py:2690} INFO - Sync 1 DAGs
[2023-08-04T19:16:04.863+0000] {logging_mixin.py:137} INFO - [2023-08-04T19:16:04.863+0000] {dag.py:3437} INFO - Setting next_dagrun for load_dag to None, run_after=None
[2023-08-04T19:16:04.913+0000] {processor.py:175} INFO - Processing /workspaces/hands-on-introduction-data-engineering-4395021/airflow/dags/load_dag_backup.py took 0.264 seconds
[2023-08-04T19:16:35.232+0000] {processor.py:153} INFO - Started process (PID=56710) to work on /workspaces/hands-on-introduction-data-engineering-4395021/airflow/dags/load_dag_backup.py
[2023-08-04T19:16:35.233+0000] {processor.py:743} INFO - Processing file /workspaces/hands-on-introduction-data-engineering-4395021/airflow/dags/load_dag_backup.py for tasks to queue
[2023-08-04T19:16:35.234+0000] {logging_mixin.py:137} INFO - [2023-08-04T19:16:35.234+0000] {dagbag.py:538} INFO - Filling up the DagBag from /workspaces/hands-on-introduction-data-engineering-4395021/airflow/dags/load_dag_backup.py
[2023-08-04T19:16:35.394+0000] {processor.py:753} INFO - DAG(s) dict_keys(['load_dag']) retrieved from /workspaces/hands-on-introduction-data-engineering-4395021/airflow/dags/load_dag_backup.py
[2023-08-04T19:16:35.409+0000] {logging_mixin.py:137} INFO - [2023-08-04T19:16:35.409+0000] {dag.py:2690} INFO - Sync 1 DAGs
[2023-08-04T19:16:35.426+0000] {logging_mixin.py:137} INFO - [2023-08-04T19:16:35.426+0000] {dag.py:3437} INFO - Setting next_dagrun for load_dag to None, run_after=None
[2023-08-04T19:16:35.477+0000] {processor.py:175} INFO - Processing /workspaces/hands-on-introduction-data-engineering-4395021/airflow/dags/load_dag_backup.py took 0.248 seconds
[2023-08-04T19:17:05.774+0000] {processor.py:153} INFO - Started process (PID=56874) to work on /workspaces/hands-on-introduction-data-engineering-4395021/airflow/dags/load_dag_backup.py
[2023-08-04T19:17:05.775+0000] {processor.py:743} INFO - Processing file /workspaces/hands-on-introduction-data-engineering-4395021/airflow/dags/load_dag_backup.py for tasks to queue
[2023-08-04T19:17:05.776+0000] {logging_mixin.py:137} INFO - [2023-08-04T19:17:05.776+0000] {dagbag.py:538} INFO - Filling up the DagBag from /workspaces/hands-on-introduction-data-engineering-4395021/airflow/dags/load_dag_backup.py
[2023-08-04T19:17:05.791+0000] {processor.py:753} INFO - DAG(s) dict_keys(['load_dag']) retrieved from /workspaces/hands-on-introduction-data-engineering-4395021/airflow/dags/load_dag_backup.py
[2023-08-04T19:17:05.810+0000] {logging_mixin.py:137} INFO - [2023-08-04T19:17:05.810+0000] {dag.py:2690} INFO - Sync 1 DAGs
[2023-08-04T19:17:05.830+0000] {logging_mixin.py:137} INFO - [2023-08-04T19:17:05.830+0000] {dag.py:3437} INFO - Setting next_dagrun for load_dag to None, run_after=None
[2023-08-04T19:17:05.883+0000] {processor.py:175} INFO - Processing /workspaces/hands-on-introduction-data-engineering-4395021/airflow/dags/load_dag_backup.py took 0.113 seconds
[2023-08-04T19:17:36.233+0000] {processor.py:153} INFO - Started process (PID=57044) to work on /workspaces/hands-on-introduction-data-engineering-4395021/airflow/dags/load_dag_backup.py
[2023-08-04T19:17:36.235+0000] {processor.py:743} INFO - Processing file /workspaces/hands-on-introduction-data-engineering-4395021/airflow/dags/load_dag_backup.py for tasks to queue
[2023-08-04T19:17:36.236+0000] {logging_mixin.py:137} INFO - [2023-08-04T19:17:36.235+0000] {dagbag.py:538} INFO - Filling up the DagBag from /workspaces/hands-on-introduction-data-engineering-4395021/airflow/dags/load_dag_backup.py
[2023-08-04T19:17:36.253+0000] {processor.py:753} INFO - DAG(s) dict_keys(['load_dag']) retrieved from /workspaces/hands-on-introduction-data-engineering-4395021/airflow/dags/load_dag_backup.py
[2023-08-04T19:17:36.272+0000] {logging_mixin.py:137} INFO - [2023-08-04T19:17:36.272+0000] {dag.py:2690} INFO - Sync 1 DAGs
[2023-08-04T19:17:36.292+0000] {logging_mixin.py:137} INFO - [2023-08-04T19:17:36.292+0000] {dag.py:3437} INFO - Setting next_dagrun for load_dag to None, run_after=None
[2023-08-04T19:17:36.342+0000] {processor.py:175} INFO - Processing /workspaces/hands-on-introduction-data-engineering-4395021/airflow/dags/load_dag_backup.py took 0.113 seconds
[2023-08-04T19:18:06.782+0000] {processor.py:153} INFO - Started process (PID=57207) to work on /workspaces/hands-on-introduction-data-engineering-4395021/airflow/dags/load_dag_backup.py
[2023-08-04T19:18:06.784+0000] {processor.py:743} INFO - Processing file /workspaces/hands-on-introduction-data-engineering-4395021/airflow/dags/load_dag_backup.py for tasks to queue
[2023-08-04T19:18:06.785+0000] {logging_mixin.py:137} INFO - [2023-08-04T19:18:06.784+0000] {dagbag.py:538} INFO - Filling up the DagBag from /workspaces/hands-on-introduction-data-engineering-4395021/airflow/dags/load_dag_backup.py
[2023-08-04T19:18:06.800+0000] {processor.py:753} INFO - DAG(s) dict_keys(['load_dag']) retrieved from /workspaces/hands-on-introduction-data-engineering-4395021/airflow/dags/load_dag_backup.py
[2023-08-04T19:18:06.819+0000] {logging_mixin.py:137} INFO - [2023-08-04T19:18:06.819+0000] {dag.py:2690} INFO - Sync 1 DAGs
[2023-08-04T19:18:06.840+0000] {logging_mixin.py:137} INFO - [2023-08-04T19:18:06.840+0000] {dag.py:3437} INFO - Setting next_dagrun for load_dag to None, run_after=None
[2023-08-04T19:18:06.893+0000] {processor.py:175} INFO - Processing /workspaces/hands-on-introduction-data-engineering-4395021/airflow/dags/load_dag_backup.py took 0.115 seconds
[2023-08-04T19:18:37.304+0000] {processor.py:153} INFO - Started process (PID=57371) to work on /workspaces/hands-on-introduction-data-engineering-4395021/airflow/dags/load_dag_backup.py
[2023-08-04T19:18:37.305+0000] {processor.py:743} INFO - Processing file /workspaces/hands-on-introduction-data-engineering-4395021/airflow/dags/load_dag_backup.py for tasks to queue
[2023-08-04T19:18:37.305+0000] {logging_mixin.py:137} INFO - [2023-08-04T19:18:37.305+0000] {dagbag.py:538} INFO - Filling up the DagBag from /workspaces/hands-on-introduction-data-engineering-4395021/airflow/dags/load_dag_backup.py
[2023-08-04T19:18:37.321+0000] {processor.py:753} INFO - DAG(s) dict_keys(['load_dag']) retrieved from /workspaces/hands-on-introduction-data-engineering-4395021/airflow/dags/load_dag_backup.py
[2023-08-04T19:18:37.339+0000] {logging_mixin.py:137} INFO - [2023-08-04T19:18:37.339+0000] {dag.py:2690} INFO - Sync 1 DAGs
[2023-08-04T19:18:37.360+0000] {logging_mixin.py:137} INFO - [2023-08-04T19:18:37.360+0000] {dag.py:3437} INFO - Setting next_dagrun for load_dag to None, run_after=None
[2023-08-04T19:18:37.410+0000] {processor.py:175} INFO - Processing /workspaces/hands-on-introduction-data-engineering-4395021/airflow/dags/load_dag_backup.py took 0.110 seconds
[2023-08-04T19:19:07.842+0000] {processor.py:153} INFO - Started process (PID=57540) to work on /workspaces/hands-on-introduction-data-engineering-4395021/airflow/dags/load_dag_backup.py
[2023-08-04T19:19:07.843+0000] {processor.py:743} INFO - Processing file /workspaces/hands-on-introduction-data-engineering-4395021/airflow/dags/load_dag_backup.py for tasks to queue
[2023-08-04T19:19:07.844+0000] {logging_mixin.py:137} INFO - [2023-08-04T19:19:07.844+0000] {dagbag.py:538} INFO - Filling up the DagBag from /workspaces/hands-on-introduction-data-engineering-4395021/airflow/dags/load_dag_backup.py
[2023-08-04T19:19:07.859+0000] {processor.py:753} INFO - DAG(s) dict_keys(['load_dag']) retrieved from /workspaces/hands-on-introduction-data-engineering-4395021/airflow/dags/load_dag_backup.py
[2023-08-04T19:19:07.877+0000] {logging_mixin.py:137} INFO - [2023-08-04T19:19:07.877+0000] {dag.py:2690} INFO - Sync 1 DAGs
[2023-08-04T19:19:07.896+0000] {logging_mixin.py:137} INFO - [2023-08-04T19:19:07.896+0000] {dag.py:3437} INFO - Setting next_dagrun for load_dag to None, run_after=None
[2023-08-04T19:19:07.948+0000] {processor.py:175} INFO - Processing /workspaces/hands-on-introduction-data-engineering-4395021/airflow/dags/load_dag_backup.py took 0.111 seconds
[2023-08-04T19:19:38.397+0000] {processor.py:153} INFO - Started process (PID=57710) to work on /workspaces/hands-on-introduction-data-engineering-4395021/airflow/dags/load_dag_backup.py
[2023-08-04T19:19:38.399+0000] {processor.py:743} INFO - Processing file /workspaces/hands-on-introduction-data-engineering-4395021/airflow/dags/load_dag_backup.py for tasks to queue
[2023-08-04T19:19:38.400+0000] {logging_mixin.py:137} INFO - [2023-08-04T19:19:38.399+0000] {dagbag.py:538} INFO - Filling up the DagBag from /workspaces/hands-on-introduction-data-engineering-4395021/airflow/dags/load_dag_backup.py
[2023-08-04T19:19:38.416+0000] {processor.py:753} INFO - DAG(s) dict_keys(['load_dag']) retrieved from /workspaces/hands-on-introduction-data-engineering-4395021/airflow/dags/load_dag_backup.py
[2023-08-04T19:19:38.435+0000] {logging_mixin.py:137} INFO - [2023-08-04T19:19:38.435+0000] {dag.py:2690} INFO - Sync 1 DAGs
[2023-08-04T19:19:38.456+0000] {logging_mixin.py:137} INFO - [2023-08-04T19:19:38.456+0000] {dag.py:3437} INFO - Setting next_dagrun for load_dag to None, run_after=None
[2023-08-04T19:19:38.515+0000] {processor.py:175} INFO - Processing /workspaces/hands-on-introduction-data-engineering-4395021/airflow/dags/load_dag_backup.py took 0.122 seconds
[2023-08-04T19:20:08.920+0000] {processor.py:153} INFO - Started process (PID=57876) to work on /workspaces/hands-on-introduction-data-engineering-4395021/airflow/dags/load_dag_backup.py
[2023-08-04T19:20:08.922+0000] {processor.py:743} INFO - Processing file /workspaces/hands-on-introduction-data-engineering-4395021/airflow/dags/load_dag_backup.py for tasks to queue
[2023-08-04T19:20:08.923+0000] {logging_mixin.py:137} INFO - [2023-08-04T19:20:08.922+0000] {dagbag.py:538} INFO - Filling up the DagBag from /workspaces/hands-on-introduction-data-engineering-4395021/airflow/dags/load_dag_backup.py
[2023-08-04T19:20:08.938+0000] {processor.py:753} INFO - DAG(s) dict_keys(['load_dag']) retrieved from /workspaces/hands-on-introduction-data-engineering-4395021/airflow/dags/load_dag_backup.py
[2023-08-04T19:20:08.956+0000] {logging_mixin.py:137} INFO - [2023-08-04T19:20:08.956+0000] {dag.py:2690} INFO - Sync 1 DAGs
[2023-08-04T19:20:08.976+0000] {logging_mixin.py:137} INFO - [2023-08-04T19:20:08.976+0000] {dag.py:3437} INFO - Setting next_dagrun for load_dag to None, run_after=None
[2023-08-04T19:20:09.027+0000] {processor.py:175} INFO - Processing /workspaces/hands-on-introduction-data-engineering-4395021/airflow/dags/load_dag_backup.py took 0.110 seconds
[2023-08-04T19:20:39.430+0000] {processor.py:153} INFO - Started process (PID=58041) to work on /workspaces/hands-on-introduction-data-engineering-4395021/airflow/dags/load_dag_backup.py
[2023-08-04T19:20:39.431+0000] {processor.py:743} INFO - Processing file /workspaces/hands-on-introduction-data-engineering-4395021/airflow/dags/load_dag_backup.py for tasks to queue
[2023-08-04T19:20:39.432+0000] {logging_mixin.py:137} INFO - [2023-08-04T19:20:39.432+0000] {dagbag.py:538} INFO - Filling up the DagBag from /workspaces/hands-on-introduction-data-engineering-4395021/airflow/dags/load_dag_backup.py
[2023-08-04T19:20:39.448+0000] {processor.py:753} INFO - DAG(s) dict_keys(['load_dag']) retrieved from /workspaces/hands-on-introduction-data-engineering-4395021/airflow/dags/load_dag_backup.py
[2023-08-04T19:20:39.466+0000] {logging_mixin.py:137} INFO - [2023-08-04T19:20:39.466+0000] {dag.py:2690} INFO - Sync 1 DAGs
[2023-08-04T19:20:39.486+0000] {logging_mixin.py:137} INFO - [2023-08-04T19:20:39.485+0000] {dag.py:3437} INFO - Setting next_dagrun for load_dag to None, run_after=None
[2023-08-04T19:20:39.537+0000] {processor.py:175} INFO - Processing /workspaces/hands-on-introduction-data-engineering-4395021/airflow/dags/load_dag_backup.py took 0.110 seconds
[2023-08-04T19:21:09.966+0000] {processor.py:153} INFO - Started process (PID=58206) to work on /workspaces/hands-on-introduction-data-engineering-4395021/airflow/dags/load_dag_backup.py
[2023-08-04T19:21:09.969+0000] {processor.py:743} INFO - Processing file /workspaces/hands-on-introduction-data-engineering-4395021/airflow/dags/load_dag_backup.py for tasks to queue
[2023-08-04T19:21:09.970+0000] {logging_mixin.py:137} INFO - [2023-08-04T19:21:09.970+0000] {dagbag.py:538} INFO - Filling up the DagBag from /workspaces/hands-on-introduction-data-engineering-4395021/airflow/dags/load_dag_backup.py
[2023-08-04T19:21:09.989+0000] {processor.py:753} INFO - DAG(s) dict_keys(['load_dag']) retrieved from /workspaces/hands-on-introduction-data-engineering-4395021/airflow/dags/load_dag_backup.py
[2023-08-04T19:21:10.009+0000] {logging_mixin.py:137} INFO - [2023-08-04T19:21:10.008+0000] {dag.py:2690} INFO - Sync 1 DAGs
[2023-08-04T19:21:10.036+0000] {logging_mixin.py:137} INFO - [2023-08-04T19:21:10.035+0000] {dag.py:3437} INFO - Setting next_dagrun for load_dag to None, run_after=None
[2023-08-04T19:21:10.113+0000] {processor.py:175} INFO - Processing /workspaces/hands-on-introduction-data-engineering-4395021/airflow/dags/load_dag_backup.py took 0.151 seconds
[2023-08-04T19:21:40.473+0000] {processor.py:153} INFO - Started process (PID=58380) to work on /workspaces/hands-on-introduction-data-engineering-4395021/airflow/dags/load_dag_backup.py
[2023-08-04T19:21:40.474+0000] {processor.py:743} INFO - Processing file /workspaces/hands-on-introduction-data-engineering-4395021/airflow/dags/load_dag_backup.py for tasks to queue
[2023-08-04T19:21:40.475+0000] {logging_mixin.py:137} INFO - [2023-08-04T19:21:40.475+0000] {dagbag.py:538} INFO - Filling up the DagBag from /workspaces/hands-on-introduction-data-engineering-4395021/airflow/dags/load_dag_backup.py
[2023-08-04T19:21:40.497+0000] {processor.py:753} INFO - DAG(s) dict_keys(['load_dag']) retrieved from /workspaces/hands-on-introduction-data-engineering-4395021/airflow/dags/load_dag_backup.py
[2023-08-04T19:21:40.516+0000] {logging_mixin.py:137} INFO - [2023-08-04T19:21:40.516+0000] {dag.py:2690} INFO - Sync 1 DAGs
[2023-08-04T19:21:40.537+0000] {logging_mixin.py:137} INFO - [2023-08-04T19:21:40.537+0000] {dag.py:3437} INFO - Setting next_dagrun for load_dag to None, run_after=None
[2023-08-04T19:21:40.590+0000] {processor.py:175} INFO - Processing /workspaces/hands-on-introduction-data-engineering-4395021/airflow/dags/load_dag_backup.py took 0.121 seconds
[2023-08-04T19:22:11.047+0000] {processor.py:153} INFO - Started process (PID=58540) to work on /workspaces/hands-on-introduction-data-engineering-4395021/airflow/dags/load_dag_backup.py
[2023-08-04T19:22:11.048+0000] {processor.py:743} INFO - Processing file /workspaces/hands-on-introduction-data-engineering-4395021/airflow/dags/load_dag_backup.py for tasks to queue
[2023-08-04T19:22:11.049+0000] {logging_mixin.py:137} INFO - [2023-08-04T19:22:11.049+0000] {dagbag.py:538} INFO - Filling up the DagBag from /workspaces/hands-on-introduction-data-engineering-4395021/airflow/dags/load_dag_backup.py
[2023-08-04T19:22:11.065+0000] {processor.py:753} INFO - DAG(s) dict_keys(['load_dag']) retrieved from /workspaces/hands-on-introduction-data-engineering-4395021/airflow/dags/load_dag_backup.py
[2023-08-04T19:22:11.083+0000] {logging_mixin.py:137} INFO - [2023-08-04T19:22:11.083+0000] {dag.py:2690} INFO - Sync 1 DAGs
[2023-08-04T19:22:11.103+0000] {logging_mixin.py:137} INFO - [2023-08-04T19:22:11.102+0000] {dag.py:3437} INFO - Setting next_dagrun for load_dag to None, run_after=None
[2023-08-04T19:22:11.152+0000] {processor.py:175} INFO - Processing /workspaces/hands-on-introduction-data-engineering-4395021/airflow/dags/load_dag_backup.py took 0.109 seconds
[2023-08-04T19:22:41.486+0000] {processor.py:153} INFO - Started process (PID=58685) to work on /workspaces/hands-on-introduction-data-engineering-4395021/airflow/dags/load_dag_backup.py
[2023-08-04T19:22:41.487+0000] {processor.py:743} INFO - Processing file /workspaces/hands-on-introduction-data-engineering-4395021/airflow/dags/load_dag_backup.py for tasks to queue
[2023-08-04T19:22:41.488+0000] {logging_mixin.py:137} INFO - [2023-08-04T19:22:41.488+0000] {dagbag.py:538} INFO - Filling up the DagBag from /workspaces/hands-on-introduction-data-engineering-4395021/airflow/dags/load_dag_backup.py
[2023-08-04T19:22:41.504+0000] {processor.py:753} INFO - DAG(s) dict_keys(['load_dag']) retrieved from /workspaces/hands-on-introduction-data-engineering-4395021/airflow/dags/load_dag_backup.py
[2023-08-04T19:22:41.522+0000] {logging_mixin.py:137} INFO - [2023-08-04T19:22:41.522+0000] {dag.py:2690} INFO - Sync 1 DAGs
[2023-08-04T19:22:41.542+0000] {logging_mixin.py:137} INFO - [2023-08-04T19:22:41.542+0000] {dag.py:3437} INFO - Setting next_dagrun for load_dag to None, run_after=None
[2023-08-04T19:22:41.593+0000] {processor.py:175} INFO - Processing /workspaces/hands-on-introduction-data-engineering-4395021/airflow/dags/load_dag_backup.py took 0.111 seconds
[2023-08-04T19:23:11.802+0000] {processor.py:153} INFO - Started process (PID=58842) to work on /workspaces/hands-on-introduction-data-engineering-4395021/airflow/dags/load_dag_backup.py
[2023-08-04T19:23:11.803+0000] {processor.py:743} INFO - Processing file /workspaces/hands-on-introduction-data-engineering-4395021/airflow/dags/load_dag_backup.py for tasks to queue
[2023-08-04T19:23:11.804+0000] {logging_mixin.py:137} INFO - [2023-08-04T19:23:11.804+0000] {dagbag.py:538} INFO - Filling up the DagBag from /workspaces/hands-on-introduction-data-engineering-4395021/airflow/dags/load_dag_backup.py
[2023-08-04T19:23:11.820+0000] {processor.py:753} INFO - DAG(s) dict_keys(['load_dag']) retrieved from /workspaces/hands-on-introduction-data-engineering-4395021/airflow/dags/load_dag_backup.py
[2023-08-04T19:23:11.837+0000] {logging_mixin.py:137} INFO - [2023-08-04T19:23:11.837+0000] {dag.py:2690} INFO - Sync 1 DAGs
[2023-08-04T19:23:11.857+0000] {logging_mixin.py:137} INFO - [2023-08-04T19:23:11.857+0000] {dag.py:3437} INFO - Setting next_dagrun for load_dag to None, run_after=None
[2023-08-04T19:23:11.910+0000] {processor.py:175} INFO - Processing /workspaces/hands-on-introduction-data-engineering-4395021/airflow/dags/load_dag_backup.py took 0.112 seconds
[2023-08-04T19:23:42.125+0000] {processor.py:153} INFO - Started process (PID=59012) to work on /workspaces/hands-on-introduction-data-engineering-4395021/airflow/dags/load_dag_backup.py
[2023-08-04T19:23:42.136+0000] {processor.py:743} INFO - Processing file /workspaces/hands-on-introduction-data-engineering-4395021/airflow/dags/load_dag_backup.py for tasks to queue
[2023-08-04T19:23:42.138+0000] {logging_mixin.py:137} INFO - [2023-08-04T19:23:42.138+0000] {dagbag.py:538} INFO - Filling up the DagBag from /workspaces/hands-on-introduction-data-engineering-4395021/airflow/dags/load_dag_backup.py
[2023-08-04T19:23:42.177+0000] {processor.py:753} INFO - DAG(s) dict_keys(['load_dag']) retrieved from /workspaces/hands-on-introduction-data-engineering-4395021/airflow/dags/load_dag_backup.py
[2023-08-04T19:23:42.206+0000] {logging_mixin.py:137} INFO - [2023-08-04T19:23:42.205+0000] {dag.py:2690} INFO - Sync 1 DAGs
[2023-08-04T19:23:42.236+0000] {logging_mixin.py:137} INFO - [2023-08-04T19:23:42.235+0000] {dag.py:3437} INFO - Setting next_dagrun for load_dag to None, run_after=None
[2023-08-04T19:23:42.308+0000] {processor.py:175} INFO - Processing /workspaces/hands-on-introduction-data-engineering-4395021/airflow/dags/load_dag_backup.py took 0.187 seconds
[2023-08-04T19:24:12.561+0000] {processor.py:153} INFO - Started process (PID=59168) to work on /workspaces/hands-on-introduction-data-engineering-4395021/airflow/dags/load_dag_backup.py
[2023-08-04T19:24:12.562+0000] {processor.py:743} INFO - Processing file /workspaces/hands-on-introduction-data-engineering-4395021/airflow/dags/load_dag_backup.py for tasks to queue
[2023-08-04T19:24:12.563+0000] {logging_mixin.py:137} INFO - [2023-08-04T19:24:12.563+0000] {dagbag.py:538} INFO - Filling up the DagBag from /workspaces/hands-on-introduction-data-engineering-4395021/airflow/dags/load_dag_backup.py
[2023-08-04T19:24:12.578+0000] {processor.py:753} INFO - DAG(s) dict_keys(['load_dag']) retrieved from /workspaces/hands-on-introduction-data-engineering-4395021/airflow/dags/load_dag_backup.py
[2023-08-04T19:24:12.595+0000] {logging_mixin.py:137} INFO - [2023-08-04T19:24:12.595+0000] {dag.py:2690} INFO - Sync 1 DAGs
[2023-08-04T19:24:12.613+0000] {logging_mixin.py:137} INFO - [2023-08-04T19:24:12.613+0000] {dag.py:3437} INFO - Setting next_dagrun for load_dag to None, run_after=None
[2023-08-04T19:24:12.664+0000] {processor.py:175} INFO - Processing /workspaces/hands-on-introduction-data-engineering-4395021/airflow/dags/load_dag_backup.py took 0.108 seconds
[2023-08-04T19:24:42.947+0000] {processor.py:153} INFO - Started process (PID=59323) to work on /workspaces/hands-on-introduction-data-engineering-4395021/airflow/dags/load_dag_backup.py
[2023-08-04T19:24:42.962+0000] {processor.py:743} INFO - Processing file /workspaces/hands-on-introduction-data-engineering-4395021/airflow/dags/load_dag_backup.py for tasks to queue
[2023-08-04T19:24:42.965+0000] {logging_mixin.py:137} INFO - [2023-08-04T19:24:42.965+0000] {dagbag.py:538} INFO - Filling up the DagBag from /workspaces/hands-on-introduction-data-engineering-4395021/airflow/dags/load_dag_backup.py
[2023-08-04T19:24:43.036+0000] {processor.py:753} INFO - DAG(s) dict_keys(['load_dag']) retrieved from /workspaces/hands-on-introduction-data-engineering-4395021/airflow/dags/load_dag_backup.py
[2023-08-04T19:24:43.067+0000] {logging_mixin.py:137} INFO - [2023-08-04T19:24:43.067+0000] {dag.py:2690} INFO - Sync 1 DAGs
[2023-08-04T19:24:43.112+0000] {logging_mixin.py:137} INFO - [2023-08-04T19:24:43.111+0000] {dag.py:3437} INFO - Setting next_dagrun for load_dag to None, run_after=None
[2023-08-04T19:24:43.165+0000] {processor.py:175} INFO - Processing /workspaces/hands-on-introduction-data-engineering-4395021/airflow/dags/load_dag_backup.py took 0.226 seconds
[2023-08-04T19:25:14.345+0000] {processor.py:153} INFO - Started process (PID=59469) to work on /workspaces/hands-on-introduction-data-engineering-4395021/airflow/dags/load_dag_backup.py
[2023-08-04T19:25:14.346+0000] {processor.py:743} INFO - Processing file /workspaces/hands-on-introduction-data-engineering-4395021/airflow/dags/load_dag_backup.py for tasks to queue
[2023-08-04T19:25:14.348+0000] {logging_mixin.py:137} INFO - [2023-08-04T19:25:14.348+0000] {dagbag.py:538} INFO - Filling up the DagBag from /workspaces/hands-on-introduction-data-engineering-4395021/airflow/dags/load_dag_backup.py
[2023-08-04T19:25:14.368+0000] {processor.py:753} INFO - DAG(s) dict_keys(['load_dag']) retrieved from /workspaces/hands-on-introduction-data-engineering-4395021/airflow/dags/load_dag_backup.py
[2023-08-04T19:25:14.387+0000] {logging_mixin.py:137} INFO - [2023-08-04T19:25:14.387+0000] {dag.py:2690} INFO - Sync 1 DAGs
[2023-08-04T19:25:14.407+0000] {logging_mixin.py:137} INFO - [2023-08-04T19:25:14.407+0000] {dag.py:3437} INFO - Setting next_dagrun for load_dag to None, run_after=None
[2023-08-04T19:25:14.463+0000] {processor.py:175} INFO - Processing /workspaces/hands-on-introduction-data-engineering-4395021/airflow/dags/load_dag_backup.py took 0.122 seconds
[2023-08-04T19:25:44.853+0000] {processor.py:153} INFO - Started process (PID=59618) to work on /workspaces/hands-on-introduction-data-engineering-4395021/airflow/dags/load_dag_backup.py
[2023-08-04T19:25:44.855+0000] {processor.py:743} INFO - Processing file /workspaces/hands-on-introduction-data-engineering-4395021/airflow/dags/load_dag_backup.py for tasks to queue
[2023-08-04T19:25:44.855+0000] {logging_mixin.py:137} INFO - [2023-08-04T19:25:44.855+0000] {dagbag.py:538} INFO - Filling up the DagBag from /workspaces/hands-on-introduction-data-engineering-4395021/airflow/dags/load_dag_backup.py
[2023-08-04T19:25:44.871+0000] {processor.py:753} INFO - DAG(s) dict_keys(['load_dag']) retrieved from /workspaces/hands-on-introduction-data-engineering-4395021/airflow/dags/load_dag_backup.py
[2023-08-04T19:25:44.889+0000] {logging_mixin.py:137} INFO - [2023-08-04T19:25:44.889+0000] {dag.py:2690} INFO - Sync 1 DAGs
[2023-08-04T19:25:44.908+0000] {logging_mixin.py:137} INFO - [2023-08-04T19:25:44.908+0000] {dag.py:3437} INFO - Setting next_dagrun for load_dag to None, run_after=None
[2023-08-04T19:25:44.960+0000] {processor.py:175} INFO - Processing /workspaces/hands-on-introduction-data-engineering-4395021/airflow/dags/load_dag_backup.py took 0.112 seconds
[2023-08-04T19:26:15.368+0000] {processor.py:153} INFO - Started process (PID=59767) to work on /workspaces/hands-on-introduction-data-engineering-4395021/airflow/dags/load_dag_backup.py
[2023-08-04T19:26:15.369+0000] {processor.py:743} INFO - Processing file /workspaces/hands-on-introduction-data-engineering-4395021/airflow/dags/load_dag_backup.py for tasks to queue
[2023-08-04T19:26:15.370+0000] {logging_mixin.py:137} INFO - [2023-08-04T19:26:15.370+0000] {dagbag.py:538} INFO - Filling up the DagBag from /workspaces/hands-on-introduction-data-engineering-4395021/airflow/dags/load_dag_backup.py
[2023-08-04T19:26:15.386+0000] {processor.py:753} INFO - DAG(s) dict_keys(['load_dag']) retrieved from /workspaces/hands-on-introduction-data-engineering-4395021/airflow/dags/load_dag_backup.py
[2023-08-04T19:26:15.405+0000] {logging_mixin.py:137} INFO - [2023-08-04T19:26:15.405+0000] {dag.py:2690} INFO - Sync 1 DAGs
[2023-08-04T19:26:15.426+0000] {logging_mixin.py:137} INFO - [2023-08-04T19:26:15.426+0000] {dag.py:3437} INFO - Setting next_dagrun for load_dag to None, run_after=None
[2023-08-04T19:26:15.478+0000] {processor.py:175} INFO - Processing /workspaces/hands-on-introduction-data-engineering-4395021/airflow/dags/load_dag_backup.py took 0.113 seconds
[2023-08-04T19:26:45.873+0000] {processor.py:153} INFO - Started process (PID=59920) to work on /workspaces/hands-on-introduction-data-engineering-4395021/airflow/dags/load_dag_backup.py
[2023-08-04T19:26:45.875+0000] {processor.py:743} INFO - Processing file /workspaces/hands-on-introduction-data-engineering-4395021/airflow/dags/load_dag_backup.py for tasks to queue
[2023-08-04T19:26:45.875+0000] {logging_mixin.py:137} INFO - [2023-08-04T19:26:45.875+0000] {dagbag.py:538} INFO - Filling up the DagBag from /workspaces/hands-on-introduction-data-engineering-4395021/airflow/dags/load_dag_backup.py
[2023-08-04T19:26:45.893+0000] {processor.py:753} INFO - DAG(s) dict_keys(['load_dag']) retrieved from /workspaces/hands-on-introduction-data-engineering-4395021/airflow/dags/load_dag_backup.py
[2023-08-04T19:26:45.911+0000] {logging_mixin.py:137} INFO - [2023-08-04T19:26:45.911+0000] {dag.py:2690} INFO - Sync 1 DAGs
[2023-08-04T19:26:45.930+0000] {logging_mixin.py:137} INFO - [2023-08-04T19:26:45.930+0000] {dag.py:3437} INFO - Setting next_dagrun for load_dag to None, run_after=None
[2023-08-04T19:26:45.981+0000] {processor.py:175} INFO - Processing /workspaces/hands-on-introduction-data-engineering-4395021/airflow/dags/load_dag_backup.py took 0.111 seconds
[2023-08-04T19:27:16.388+0000] {processor.py:153} INFO - Started process (PID=60061) to work on /workspaces/hands-on-introduction-data-engineering-4395021/airflow/dags/load_dag_backup.py
[2023-08-04T19:27:16.389+0000] {processor.py:743} INFO - Processing file /workspaces/hands-on-introduction-data-engineering-4395021/airflow/dags/load_dag_backup.py for tasks to queue
[2023-08-04T19:27:16.390+0000] {logging_mixin.py:137} INFO - [2023-08-04T19:27:16.390+0000] {dagbag.py:538} INFO - Filling up the DagBag from /workspaces/hands-on-introduction-data-engineering-4395021/airflow/dags/load_dag_backup.py
[2023-08-04T19:27:16.407+0000] {processor.py:753} INFO - DAG(s) dict_keys(['load_dag']) retrieved from /workspaces/hands-on-introduction-data-engineering-4395021/airflow/dags/load_dag_backup.py
[2023-08-04T19:27:16.426+0000] {logging_mixin.py:137} INFO - [2023-08-04T19:27:16.426+0000] {dag.py:2690} INFO - Sync 1 DAGs
[2023-08-04T19:27:16.451+0000] {logging_mixin.py:137} INFO - [2023-08-04T19:27:16.451+0000] {dag.py:3437} INFO - Setting next_dagrun for load_dag to None, run_after=None
[2023-08-04T19:27:16.505+0000] {processor.py:175} INFO - Processing /workspaces/hands-on-introduction-data-engineering-4395021/airflow/dags/load_dag_backup.py took 0.120 seconds
[2023-08-04T19:27:46.714+0000] {processor.py:153} INFO - Started process (PID=60214) to work on /workspaces/hands-on-introduction-data-engineering-4395021/airflow/dags/load_dag_backup.py
[2023-08-04T19:27:46.715+0000] {processor.py:743} INFO - Processing file /workspaces/hands-on-introduction-data-engineering-4395021/airflow/dags/load_dag_backup.py for tasks to queue
[2023-08-04T19:27:46.716+0000] {logging_mixin.py:137} INFO - [2023-08-04T19:27:46.716+0000] {dagbag.py:538} INFO - Filling up the DagBag from /workspaces/hands-on-introduction-data-engineering-4395021/airflow/dags/load_dag_backup.py
[2023-08-04T19:27:46.731+0000] {processor.py:753} INFO - DAG(s) dict_keys(['load_dag']) retrieved from /workspaces/hands-on-introduction-data-engineering-4395021/airflow/dags/load_dag_backup.py
[2023-08-04T19:27:46.753+0000] {logging_mixin.py:137} INFO - [2023-08-04T19:27:46.753+0000] {dag.py:2690} INFO - Sync 1 DAGs
[2023-08-04T19:27:46.774+0000] {logging_mixin.py:137} INFO - [2023-08-04T19:27:46.774+0000] {dag.py:3437} INFO - Setting next_dagrun for load_dag to None, run_after=None
[2023-08-04T19:27:46.824+0000] {processor.py:175} INFO - Processing /workspaces/hands-on-introduction-data-engineering-4395021/airflow/dags/load_dag_backup.py took 0.114 seconds
[2023-08-04T19:28:16.987+0000] {processor.py:153} INFO - Started process (PID=60377) to work on /workspaces/hands-on-introduction-data-engineering-4395021/airflow/dags/load_dag_backup.py
[2023-08-04T19:28:16.988+0000] {processor.py:743} INFO - Processing file /workspaces/hands-on-introduction-data-engineering-4395021/airflow/dags/load_dag_backup.py for tasks to queue
[2023-08-04T19:28:16.989+0000] {logging_mixin.py:137} INFO - [2023-08-04T19:28:16.989+0000] {dagbag.py:538} INFO - Filling up the DagBag from /workspaces/hands-on-introduction-data-engineering-4395021/airflow/dags/load_dag_backup.py
[2023-08-04T19:28:17.003+0000] {processor.py:753} INFO - DAG(s) dict_keys(['load_dag']) retrieved from /workspaces/hands-on-introduction-data-engineering-4395021/airflow/dags/load_dag_backup.py
[2023-08-04T19:28:17.021+0000] {logging_mixin.py:137} INFO - [2023-08-04T19:28:17.021+0000] {dag.py:2690} INFO - Sync 1 DAGs
[2023-08-04T19:28:17.045+0000] {logging_mixin.py:137} INFO - [2023-08-04T19:28:17.045+0000] {dag.py:3437} INFO - Setting next_dagrun for load_dag to None, run_after=None
[2023-08-04T19:28:17.095+0000] {processor.py:175} INFO - Processing /workspaces/hands-on-introduction-data-engineering-4395021/airflow/dags/load_dag_backup.py took 0.112 seconds
[2023-08-04T19:28:47.270+0000] {processor.py:153} INFO - Started process (PID=60547) to work on /workspaces/hands-on-introduction-data-engineering-4395021/airflow/dags/load_dag_backup.py
[2023-08-04T19:28:47.271+0000] {processor.py:743} INFO - Processing file /workspaces/hands-on-introduction-data-engineering-4395021/airflow/dags/load_dag_backup.py for tasks to queue
[2023-08-04T19:28:47.272+0000] {logging_mixin.py:137} INFO - [2023-08-04T19:28:47.271+0000] {dagbag.py:538} INFO - Filling up the DagBag from /workspaces/hands-on-introduction-data-engineering-4395021/airflow/dags/load_dag_backup.py
[2023-08-04T19:28:47.288+0000] {processor.py:753} INFO - DAG(s) dict_keys(['load_dag']) retrieved from /workspaces/hands-on-introduction-data-engineering-4395021/airflow/dags/load_dag_backup.py
[2023-08-04T19:28:47.307+0000] {logging_mixin.py:137} INFO - [2023-08-04T19:28:47.307+0000] {dag.py:2690} INFO - Sync 1 DAGs
[2023-08-04T19:28:47.332+0000] {logging_mixin.py:137} INFO - [2023-08-04T19:28:47.332+0000] {dag.py:3437} INFO - Setting next_dagrun for load_dag to None, run_after=None
[2023-08-04T19:28:47.390+0000] {processor.py:175} INFO - Processing /workspaces/hands-on-introduction-data-engineering-4395021/airflow/dags/load_dag_backup.py took 0.124 seconds
[2023-08-04T19:29:17.557+0000] {processor.py:153} INFO - Started process (PID=60718) to work on /workspaces/hands-on-introduction-data-engineering-4395021/airflow/dags/load_dag_backup.py
[2023-08-04T19:29:17.560+0000] {processor.py:743} INFO - Processing file /workspaces/hands-on-introduction-data-engineering-4395021/airflow/dags/load_dag_backup.py for tasks to queue
[2023-08-04T19:29:17.561+0000] {logging_mixin.py:137} INFO - [2023-08-04T19:29:17.561+0000] {dagbag.py:538} INFO - Filling up the DagBag from /workspaces/hands-on-introduction-data-engineering-4395021/airflow/dags/load_dag_backup.py
[2023-08-04T19:29:17.578+0000] {processor.py:753} INFO - DAG(s) dict_keys(['load_dag']) retrieved from /workspaces/hands-on-introduction-data-engineering-4395021/airflow/dags/load_dag_backup.py
[2023-08-04T19:29:17.596+0000] {logging_mixin.py:137} INFO - [2023-08-04T19:29:17.596+0000] {dag.py:2690} INFO - Sync 1 DAGs
[2023-08-04T19:29:17.616+0000] {logging_mixin.py:137} INFO - [2023-08-04T19:29:17.616+0000] {dag.py:3437} INFO - Setting next_dagrun for load_dag to None, run_after=None
[2023-08-04T19:29:17.667+0000] {processor.py:175} INFO - Processing /workspaces/hands-on-introduction-data-engineering-4395021/airflow/dags/load_dag_backup.py took 0.115 seconds
[2023-08-04T19:29:48.883+0000] {processor.py:153} INFO - Started process (PID=60889) to work on /workspaces/hands-on-introduction-data-engineering-4395021/airflow/dags/load_dag_backup.py
[2023-08-04T19:29:48.884+0000] {processor.py:743} INFO - Processing file /workspaces/hands-on-introduction-data-engineering-4395021/airflow/dags/load_dag_backup.py for tasks to queue
[2023-08-04T19:29:48.885+0000] {logging_mixin.py:137} INFO - [2023-08-04T19:29:48.885+0000] {dagbag.py:538} INFO - Filling up the DagBag from /workspaces/hands-on-introduction-data-engineering-4395021/airflow/dags/load_dag_backup.py
[2023-08-04T19:29:48.901+0000] {processor.py:753} INFO - DAG(s) dict_keys(['load_dag']) retrieved from /workspaces/hands-on-introduction-data-engineering-4395021/airflow/dags/load_dag_backup.py
[2023-08-04T19:29:48.919+0000] {logging_mixin.py:137} INFO - [2023-08-04T19:29:48.919+0000] {dag.py:2690} INFO - Sync 1 DAGs
[2023-08-04T19:29:48.939+0000] {logging_mixin.py:137} INFO - [2023-08-04T19:29:48.939+0000] {dag.py:3437} INFO - Setting next_dagrun for load_dag to None, run_after=None
[2023-08-04T19:29:48.991+0000] {processor.py:175} INFO - Processing /workspaces/hands-on-introduction-data-engineering-4395021/airflow/dags/load_dag_backup.py took 0.112 seconds
[2023-08-04T19:30:19.362+0000] {processor.py:153} INFO - Started process (PID=61059) to work on /workspaces/hands-on-introduction-data-engineering-4395021/airflow/dags/load_dag_backup.py
[2023-08-04T19:30:19.363+0000] {processor.py:743} INFO - Processing file /workspaces/hands-on-introduction-data-engineering-4395021/airflow/dags/load_dag_backup.py for tasks to queue
[2023-08-04T19:30:19.364+0000] {logging_mixin.py:137} INFO - [2023-08-04T19:30:19.364+0000] {dagbag.py:538} INFO - Filling up the DagBag from /workspaces/hands-on-introduction-data-engineering-4395021/airflow/dags/load_dag_backup.py
[2023-08-04T19:30:19.380+0000] {processor.py:753} INFO - DAG(s) dict_keys(['load_dag']) retrieved from /workspaces/hands-on-introduction-data-engineering-4395021/airflow/dags/load_dag_backup.py
[2023-08-04T19:30:19.399+0000] {logging_mixin.py:137} INFO - [2023-08-04T19:30:19.399+0000] {dag.py:2690} INFO - Sync 1 DAGs
[2023-08-04T19:30:19.419+0000] {logging_mixin.py:137} INFO - [2023-08-04T19:30:19.419+0000] {dag.py:3437} INFO - Setting next_dagrun for load_dag to None, run_after=None
[2023-08-04T19:30:19.470+0000] {processor.py:175} INFO - Processing /workspaces/hands-on-introduction-data-engineering-4395021/airflow/dags/load_dag_backup.py took 0.112 seconds
[2023-08-04T19:30:49.849+0000] {processor.py:153} INFO - Started process (PID=61224) to work on /workspaces/hands-on-introduction-data-engineering-4395021/airflow/dags/load_dag_backup.py
[2023-08-04T19:30:49.851+0000] {processor.py:743} INFO - Processing file /workspaces/hands-on-introduction-data-engineering-4395021/airflow/dags/load_dag_backup.py for tasks to queue
[2023-08-04T19:30:49.851+0000] {logging_mixin.py:137} INFO - [2023-08-04T19:30:49.851+0000] {dagbag.py:538} INFO - Filling up the DagBag from /workspaces/hands-on-introduction-data-engineering-4395021/airflow/dags/load_dag_backup.py
[2023-08-04T19:30:49.868+0000] {processor.py:753} INFO - DAG(s) dict_keys(['load_dag']) retrieved from /workspaces/hands-on-introduction-data-engineering-4395021/airflow/dags/load_dag_backup.py
[2023-08-04T19:30:49.890+0000] {logging_mixin.py:137} INFO - [2023-08-04T19:30:49.890+0000] {dag.py:2690} INFO - Sync 1 DAGs
[2023-08-04T19:30:49.915+0000] {logging_mixin.py:137} INFO - [2023-08-04T19:30:49.914+0000] {dag.py:3437} INFO - Setting next_dagrun for load_dag to None, run_after=None
[2023-08-04T19:30:49.976+0000] {processor.py:175} INFO - Processing /workspaces/hands-on-introduction-data-engineering-4395021/airflow/dags/load_dag_backup.py took 0.133 seconds
[2023-08-04T19:31:20.330+0000] {processor.py:153} INFO - Started process (PID=61390) to work on /workspaces/hands-on-introduction-data-engineering-4395021/airflow/dags/load_dag_backup.py
[2023-08-04T19:31:20.332+0000] {processor.py:743} INFO - Processing file /workspaces/hands-on-introduction-data-engineering-4395021/airflow/dags/load_dag_backup.py for tasks to queue
[2023-08-04T19:31:20.333+0000] {logging_mixin.py:137} INFO - [2023-08-04T19:31:20.332+0000] {dagbag.py:538} INFO - Filling up the DagBag from /workspaces/hands-on-introduction-data-engineering-4395021/airflow/dags/load_dag_backup.py
[2023-08-04T19:31:20.348+0000] {processor.py:753} INFO - DAG(s) dict_keys(['load_dag']) retrieved from /workspaces/hands-on-introduction-data-engineering-4395021/airflow/dags/load_dag_backup.py
[2023-08-04T19:31:20.367+0000] {logging_mixin.py:137} INFO - [2023-08-04T19:31:20.367+0000] {dag.py:2690} INFO - Sync 1 DAGs
[2023-08-04T19:31:20.387+0000] {logging_mixin.py:137} INFO - [2023-08-04T19:31:20.387+0000] {dag.py:3437} INFO - Setting next_dagrun for load_dag to None, run_after=None
[2023-08-04T19:31:20.437+0000] {processor.py:175} INFO - Processing /workspaces/hands-on-introduction-data-engineering-4395021/airflow/dags/load_dag_backup.py took 0.111 seconds
[2023-08-04T19:31:50.809+0000] {processor.py:153} INFO - Started process (PID=61566) to work on /workspaces/hands-on-introduction-data-engineering-4395021/airflow/dags/load_dag_backup.py
[2023-08-04T19:31:50.810+0000] {processor.py:743} INFO - Processing file /workspaces/hands-on-introduction-data-engineering-4395021/airflow/dags/load_dag_backup.py for tasks to queue
[2023-08-04T19:31:50.811+0000] {logging_mixin.py:137} INFO - [2023-08-04T19:31:50.811+0000] {dagbag.py:538} INFO - Filling up the DagBag from /workspaces/hands-on-introduction-data-engineering-4395021/airflow/dags/load_dag_backup.py
[2023-08-04T19:31:50.826+0000] {processor.py:753} INFO - DAG(s) dict_keys(['load_dag']) retrieved from /workspaces/hands-on-introduction-data-engineering-4395021/airflow/dags/load_dag_backup.py
[2023-08-04T19:31:50.844+0000] {logging_mixin.py:137} INFO - [2023-08-04T19:31:50.844+0000] {dag.py:2690} INFO - Sync 1 DAGs
[2023-08-04T19:31:50.864+0000] {logging_mixin.py:137} INFO - [2023-08-04T19:31:50.864+0000] {dag.py:3437} INFO - Setting next_dagrun for load_dag to None, run_after=None
[2023-08-04T19:31:50.914+0000] {processor.py:175} INFO - Processing /workspaces/hands-on-introduction-data-engineering-4395021/airflow/dags/load_dag_backup.py took 0.109 seconds
[2023-08-04T19:32:21.281+0000] {processor.py:153} INFO - Started process (PID=61721) to work on /workspaces/hands-on-introduction-data-engineering-4395021/airflow/dags/load_dag_backup.py
[2023-08-04T19:32:21.282+0000] {processor.py:743} INFO - Processing file /workspaces/hands-on-introduction-data-engineering-4395021/airflow/dags/load_dag_backup.py for tasks to queue
[2023-08-04T19:32:21.283+0000] {logging_mixin.py:137} INFO - [2023-08-04T19:32:21.283+0000] {dagbag.py:538} INFO - Filling up the DagBag from /workspaces/hands-on-introduction-data-engineering-4395021/airflow/dags/load_dag_backup.py
[2023-08-04T19:32:21.298+0000] {processor.py:753} INFO - DAG(s) dict_keys(['load_dag']) retrieved from /workspaces/hands-on-introduction-data-engineering-4395021/airflow/dags/load_dag_backup.py
[2023-08-04T19:32:21.316+0000] {logging_mixin.py:137} INFO - [2023-08-04T19:32:21.315+0000] {dag.py:2690} INFO - Sync 1 DAGs
[2023-08-04T19:32:21.337+0000] {logging_mixin.py:137} INFO - [2023-08-04T19:32:21.336+0000] {dag.py:3437} INFO - Setting next_dagrun for load_dag to None, run_after=None
[2023-08-04T19:32:21.386+0000] {processor.py:175} INFO - Processing /workspaces/hands-on-introduction-data-engineering-4395021/airflow/dags/load_dag_backup.py took 0.108 seconds
[2023-08-04T19:32:51.747+0000] {processor.py:153} INFO - Started process (PID=61880) to work on /workspaces/hands-on-introduction-data-engineering-4395021/airflow/dags/load_dag_backup.py
[2023-08-04T19:32:51.748+0000] {processor.py:743} INFO - Processing file /workspaces/hands-on-introduction-data-engineering-4395021/airflow/dags/load_dag_backup.py for tasks to queue
[2023-08-04T19:32:51.749+0000] {logging_mixin.py:137} INFO - [2023-08-04T19:32:51.748+0000] {dagbag.py:538} INFO - Filling up the DagBag from /workspaces/hands-on-introduction-data-engineering-4395021/airflow/dags/load_dag_backup.py
[2023-08-04T19:32:51.764+0000] {processor.py:753} INFO - DAG(s) dict_keys(['load_dag']) retrieved from /workspaces/hands-on-introduction-data-engineering-4395021/airflow/dags/load_dag_backup.py
[2023-08-04T19:32:51.782+0000] {logging_mixin.py:137} INFO - [2023-08-04T19:32:51.782+0000] {dag.py:2690} INFO - Sync 1 DAGs
[2023-08-04T19:32:51.802+0000] {logging_mixin.py:137} INFO - [2023-08-04T19:32:51.802+0000] {dag.py:3437} INFO - Setting next_dagrun for load_dag to None, run_after=None
[2023-08-04T19:32:51.851+0000] {processor.py:175} INFO - Processing /workspaces/hands-on-introduction-data-engineering-4395021/airflow/dags/load_dag_backup.py took 0.108 seconds
[2023-08-04T19:33:22.359+0000] {processor.py:153} INFO - Started process (PID=62045) to work on /workspaces/hands-on-introduction-data-engineering-4395021/airflow/dags/load_dag_backup.py
[2023-08-04T19:33:22.360+0000] {processor.py:743} INFO - Processing file /workspaces/hands-on-introduction-data-engineering-4395021/airflow/dags/load_dag_backup.py for tasks to queue
[2023-08-04T19:33:22.360+0000] {logging_mixin.py:137} INFO - [2023-08-04T19:33:22.360+0000] {dagbag.py:538} INFO - Filling up the DagBag from /workspaces/hands-on-introduction-data-engineering-4395021/airflow/dags/load_dag_backup.py
[2023-08-04T19:33:22.377+0000] {processor.py:753} INFO - DAG(s) dict_keys(['load_dag']) retrieved from /workspaces/hands-on-introduction-data-engineering-4395021/airflow/dags/load_dag_backup.py
[2023-08-04T19:33:22.393+0000] {logging_mixin.py:137} INFO - [2023-08-04T19:33:22.393+0000] {dag.py:2690} INFO - Sync 1 DAGs
[2023-08-04T19:33:22.411+0000] {logging_mixin.py:137} INFO - [2023-08-04T19:33:22.411+0000] {dag.py:3437} INFO - Setting next_dagrun for load_dag to None, run_after=None
[2023-08-04T19:33:22.468+0000] {processor.py:175} INFO - Processing /workspaces/hands-on-introduction-data-engineering-4395021/airflow/dags/load_dag_backup.py took 0.113 seconds
[2023-08-04T19:33:52.890+0000] {processor.py:153} INFO - Started process (PID=62211) to work on /workspaces/hands-on-introduction-data-engineering-4395021/airflow/dags/load_dag_backup.py
[2023-08-04T19:33:52.891+0000] {processor.py:743} INFO - Processing file /workspaces/hands-on-introduction-data-engineering-4395021/airflow/dags/load_dag_backup.py for tasks to queue
[2023-08-04T19:33:52.892+0000] {logging_mixin.py:137} INFO - [2023-08-04T19:33:52.892+0000] {dagbag.py:538} INFO - Filling up the DagBag from /workspaces/hands-on-introduction-data-engineering-4395021/airflow/dags/load_dag_backup.py
[2023-08-04T19:33:52.914+0000] {processor.py:753} INFO - DAG(s) dict_keys(['load_dag']) retrieved from /workspaces/hands-on-introduction-data-engineering-4395021/airflow/dags/load_dag_backup.py
[2023-08-04T19:33:52.937+0000] {logging_mixin.py:137} INFO - [2023-08-04T19:33:52.936+0000] {dag.py:2690} INFO - Sync 1 DAGs
[2023-08-04T19:33:52.959+0000] {logging_mixin.py:137} INFO - [2023-08-04T19:33:52.959+0000] {dag.py:3437} INFO - Setting next_dagrun for load_dag to None, run_after=None
[2023-08-04T19:33:53.016+0000] {processor.py:175} INFO - Processing /workspaces/hands-on-introduction-data-engineering-4395021/airflow/dags/load_dag_backup.py took 0.131 seconds
[2023-08-04T19:34:23.375+0000] {processor.py:153} INFO - Started process (PID=62376) to work on /workspaces/hands-on-introduction-data-engineering-4395021/airflow/dags/load_dag_backup.py
[2023-08-04T19:34:23.376+0000] {processor.py:743} INFO - Processing file /workspaces/hands-on-introduction-data-engineering-4395021/airflow/dags/load_dag_backup.py for tasks to queue
[2023-08-04T19:34:23.376+0000] {logging_mixin.py:137} INFO - [2023-08-04T19:34:23.376+0000] {dagbag.py:538} INFO - Filling up the DagBag from /workspaces/hands-on-introduction-data-engineering-4395021/airflow/dags/load_dag_backup.py
[2023-08-04T19:34:23.392+0000] {processor.py:753} INFO - DAG(s) dict_keys(['load_dag']) retrieved from /workspaces/hands-on-introduction-data-engineering-4395021/airflow/dags/load_dag_backup.py
[2023-08-04T19:34:23.410+0000] {logging_mixin.py:137} INFO - [2023-08-04T19:34:23.410+0000] {dag.py:2690} INFO - Sync 1 DAGs
[2023-08-04T19:34:23.432+0000] {logging_mixin.py:137} INFO - [2023-08-04T19:34:23.431+0000] {dag.py:3437} INFO - Setting next_dagrun for load_dag to None, run_after=None
[2023-08-04T19:34:23.489+0000] {processor.py:175} INFO - Processing /workspaces/hands-on-introduction-data-engineering-4395021/airflow/dags/load_dag_backup.py took 0.118 seconds
[2023-08-04T19:34:53.894+0000] {processor.py:153} INFO - Started process (PID=62551) to work on /workspaces/hands-on-introduction-data-engineering-4395021/airflow/dags/load_dag_backup.py
[2023-08-04T19:34:53.896+0000] {processor.py:743} INFO - Processing file /workspaces/hands-on-introduction-data-engineering-4395021/airflow/dags/load_dag_backup.py for tasks to queue
[2023-08-04T19:34:53.896+0000] {logging_mixin.py:137} INFO - [2023-08-04T19:34:53.896+0000] {dagbag.py:538} INFO - Filling up the DagBag from /workspaces/hands-on-introduction-data-engineering-4395021/airflow/dags/load_dag_backup.py
[2023-08-04T19:34:53.912+0000] {processor.py:753} INFO - DAG(s) dict_keys(['load_dag']) retrieved from /workspaces/hands-on-introduction-data-engineering-4395021/airflow/dags/load_dag_backup.py
[2023-08-04T19:34:53.930+0000] {logging_mixin.py:137} INFO - [2023-08-04T19:34:53.930+0000] {dag.py:2690} INFO - Sync 1 DAGs
[2023-08-04T19:34:53.950+0000] {logging_mixin.py:137} INFO - [2023-08-04T19:34:53.950+0000] {dag.py:3437} INFO - Setting next_dagrun for load_dag to None, run_after=None
[2023-08-04T19:34:54.004+0000] {processor.py:175} INFO - Processing /workspaces/hands-on-introduction-data-engineering-4395021/airflow/dags/load_dag_backup.py took 0.115 seconds
[2023-08-04T19:35:24.401+0000] {processor.py:153} INFO - Started process (PID=62715) to work on /workspaces/hands-on-introduction-data-engineering-4395021/airflow/dags/load_dag_backup.py
[2023-08-04T19:35:24.403+0000] {processor.py:743} INFO - Processing file /workspaces/hands-on-introduction-data-engineering-4395021/airflow/dags/load_dag_backup.py for tasks to queue
[2023-08-04T19:35:24.404+0000] {logging_mixin.py:137} INFO - [2023-08-04T19:35:24.404+0000] {dagbag.py:538} INFO - Filling up the DagBag from /workspaces/hands-on-introduction-data-engineering-4395021/airflow/dags/load_dag_backup.py
[2023-08-04T19:35:24.429+0000] {processor.py:753} INFO - DAG(s) dict_keys(['load_dag']) retrieved from /workspaces/hands-on-introduction-data-engineering-4395021/airflow/dags/load_dag_backup.py
[2023-08-04T19:35:24.470+0000] {logging_mixin.py:137} INFO - [2023-08-04T19:35:24.470+0000] {dag.py:2690} INFO - Sync 1 DAGs
[2023-08-04T19:35:24.501+0000] {logging_mixin.py:137} INFO - [2023-08-04T19:35:24.501+0000] {dag.py:3437} INFO - Setting next_dagrun for load_dag to None, run_after=None
[2023-08-04T19:35:24.558+0000] {processor.py:175} INFO - Processing /workspaces/hands-on-introduction-data-engineering-4395021/airflow/dags/load_dag_backup.py took 0.162 seconds
[2023-08-04T19:35:54.917+0000] {processor.py:153} INFO - Started process (PID=62883) to work on /workspaces/hands-on-introduction-data-engineering-4395021/airflow/dags/load_dag_backup.py
[2023-08-04T19:35:54.918+0000] {processor.py:743} INFO - Processing file /workspaces/hands-on-introduction-data-engineering-4395021/airflow/dags/load_dag_backup.py for tasks to queue
[2023-08-04T19:35:54.919+0000] {logging_mixin.py:137} INFO - [2023-08-04T19:35:54.919+0000] {dagbag.py:538} INFO - Filling up the DagBag from /workspaces/hands-on-introduction-data-engineering-4395021/airflow/dags/load_dag_backup.py
[2023-08-04T19:35:54.934+0000] {processor.py:753} INFO - DAG(s) dict_keys(['load_dag']) retrieved from /workspaces/hands-on-introduction-data-engineering-4395021/airflow/dags/load_dag_backup.py
[2023-08-04T19:35:54.952+0000] {logging_mixin.py:137} INFO - [2023-08-04T19:35:54.952+0000] {dag.py:2690} INFO - Sync 1 DAGs
[2023-08-04T19:35:54.973+0000] {logging_mixin.py:137} INFO - [2023-08-04T19:35:54.972+0000] {dag.py:3437} INFO - Setting next_dagrun for load_dag to None, run_after=None
[2023-08-04T19:35:55.026+0000] {processor.py:175} INFO - Processing /workspaces/hands-on-introduction-data-engineering-4395021/airflow/dags/load_dag_backup.py took 0.112 seconds
[2023-08-04T19:36:25.427+0000] {processor.py:153} INFO - Started process (PID=63048) to work on /workspaces/hands-on-introduction-data-engineering-4395021/airflow/dags/load_dag_backup.py
[2023-08-04T19:36:25.428+0000] {processor.py:743} INFO - Processing file /workspaces/hands-on-introduction-data-engineering-4395021/airflow/dags/load_dag_backup.py for tasks to queue
[2023-08-04T19:36:25.429+0000] {logging_mixin.py:137} INFO - [2023-08-04T19:36:25.429+0000] {dagbag.py:538} INFO - Filling up the DagBag from /workspaces/hands-on-introduction-data-engineering-4395021/airflow/dags/load_dag_backup.py
[2023-08-04T19:36:25.446+0000] {processor.py:753} INFO - DAG(s) dict_keys(['load_dag']) retrieved from /workspaces/hands-on-introduction-data-engineering-4395021/airflow/dags/load_dag_backup.py
[2023-08-04T19:36:25.466+0000] {logging_mixin.py:137} INFO - [2023-08-04T19:36:25.466+0000] {dag.py:2690} INFO - Sync 1 DAGs
[2023-08-04T19:36:25.487+0000] {logging_mixin.py:137} INFO - [2023-08-04T19:36:25.487+0000] {dag.py:3437} INFO - Setting next_dagrun for load_dag to None, run_after=None
[2023-08-04T19:36:25.539+0000] {processor.py:175} INFO - Processing /workspaces/hands-on-introduction-data-engineering-4395021/airflow/dags/load_dag_backup.py took 0.116 seconds
[2023-08-04T19:36:55.934+0000] {processor.py:153} INFO - Started process (PID=63218) to work on /workspaces/hands-on-introduction-data-engineering-4395021/airflow/dags/load_dag_backup.py
[2023-08-04T19:36:55.935+0000] {processor.py:743} INFO - Processing file /workspaces/hands-on-introduction-data-engineering-4395021/airflow/dags/load_dag_backup.py for tasks to queue
[2023-08-04T19:36:55.936+0000] {logging_mixin.py:137} INFO - [2023-08-04T19:36:55.936+0000] {dagbag.py:538} INFO - Filling up the DagBag from /workspaces/hands-on-introduction-data-engineering-4395021/airflow/dags/load_dag_backup.py
[2023-08-04T19:36:55.952+0000] {processor.py:753} INFO - DAG(s) dict_keys(['load_dag']) retrieved from /workspaces/hands-on-introduction-data-engineering-4395021/airflow/dags/load_dag_backup.py
[2023-08-04T19:36:55.970+0000] {logging_mixin.py:137} INFO - [2023-08-04T19:36:55.970+0000] {dag.py:2690} INFO - Sync 1 DAGs
[2023-08-04T19:36:55.989+0000] {logging_mixin.py:137} INFO - [2023-08-04T19:36:55.989+0000] {dag.py:3437} INFO - Setting next_dagrun for load_dag to None, run_after=None
[2023-08-04T19:36:56.043+0000] {processor.py:175} INFO - Processing /workspaces/hands-on-introduction-data-engineering-4395021/airflow/dags/load_dag_backup.py took 0.113 seconds
[2023-08-04T19:37:26.258+0000] {processor.py:153} INFO - Started process (PID=63378) to work on /workspaces/hands-on-introduction-data-engineering-4395021/airflow/dags/load_dag_backup.py
[2023-08-04T19:37:26.260+0000] {processor.py:743} INFO - Processing file /workspaces/hands-on-introduction-data-engineering-4395021/airflow/dags/load_dag_backup.py for tasks to queue
[2023-08-04T19:37:26.261+0000] {logging_mixin.py:137} INFO - [2023-08-04T19:37:26.260+0000] {dagbag.py:538} INFO - Filling up the DagBag from /workspaces/hands-on-introduction-data-engineering-4395021/airflow/dags/load_dag_backup.py
[2023-08-04T19:37:26.276+0000] {processor.py:753} INFO - DAG(s) dict_keys(['load_dag']) retrieved from /workspaces/hands-on-introduction-data-engineering-4395021/airflow/dags/load_dag_backup.py
[2023-08-04T19:37:26.296+0000] {logging_mixin.py:137} INFO - [2023-08-04T19:37:26.296+0000] {dag.py:2690} INFO - Sync 1 DAGs
[2023-08-04T19:37:26.318+0000] {logging_mixin.py:137} INFO - [2023-08-04T19:37:26.318+0000] {dag.py:3437} INFO - Setting next_dagrun for load_dag to None, run_after=None
[2023-08-04T19:37:26.378+0000] {processor.py:175} INFO - Processing /workspaces/hands-on-introduction-data-engineering-4395021/airflow/dags/load_dag_backup.py took 0.123 seconds
[2023-08-04T19:37:56.535+0000] {processor.py:153} INFO - Started process (PID=63550) to work on /workspaces/hands-on-introduction-data-engineering-4395021/airflow/dags/load_dag_backup.py
[2023-08-04T19:37:56.536+0000] {processor.py:743} INFO - Processing file /workspaces/hands-on-introduction-data-engineering-4395021/airflow/dags/load_dag_backup.py for tasks to queue
[2023-08-04T19:37:56.537+0000] {logging_mixin.py:137} INFO - [2023-08-04T19:37:56.537+0000] {dagbag.py:538} INFO - Filling up the DagBag from /workspaces/hands-on-introduction-data-engineering-4395021/airflow/dags/load_dag_backup.py
[2023-08-04T19:37:56.553+0000] {processor.py:753} INFO - DAG(s) dict_keys(['load_dag']) retrieved from /workspaces/hands-on-introduction-data-engineering-4395021/airflow/dags/load_dag_backup.py
[2023-08-04T19:37:56.575+0000] {logging_mixin.py:137} INFO - [2023-08-04T19:37:56.574+0000] {dag.py:2690} INFO - Sync 1 DAGs
[2023-08-04T19:37:56.596+0000] {logging_mixin.py:137} INFO - [2023-08-04T19:37:56.596+0000] {dag.py:3437} INFO - Setting next_dagrun for load_dag to None, run_after=None
[2023-08-04T19:37:56.650+0000] {processor.py:175} INFO - Processing /workspaces/hands-on-introduction-data-engineering-4395021/airflow/dags/load_dag_backup.py took 0.119 seconds
[2023-08-04T19:38:26.815+0000] {processor.py:153} INFO - Started process (PID=63711) to work on /workspaces/hands-on-introduction-data-engineering-4395021/airflow/dags/load_dag_backup.py
[2023-08-04T19:38:26.816+0000] {processor.py:743} INFO - Processing file /workspaces/hands-on-introduction-data-engineering-4395021/airflow/dags/load_dag_backup.py for tasks to queue
[2023-08-04T19:38:26.817+0000] {logging_mixin.py:137} INFO - [2023-08-04T19:38:26.817+0000] {dagbag.py:538} INFO - Filling up the DagBag from /workspaces/hands-on-introduction-data-engineering-4395021/airflow/dags/load_dag_backup.py
[2023-08-04T19:38:26.833+0000] {processor.py:753} INFO - DAG(s) dict_keys(['load_dag']) retrieved from /workspaces/hands-on-introduction-data-engineering-4395021/airflow/dags/load_dag_backup.py
[2023-08-04T19:38:26.851+0000] {logging_mixin.py:137} INFO - [2023-08-04T19:38:26.850+0000] {dag.py:2690} INFO - Sync 1 DAGs
[2023-08-04T19:38:26.876+0000] {logging_mixin.py:137} INFO - [2023-08-04T19:38:26.876+0000] {dag.py:3437} INFO - Setting next_dagrun for load_dag to None, run_after=None
[2023-08-04T19:38:26.937+0000] {processor.py:175} INFO - Processing /workspaces/hands-on-introduction-data-engineering-4395021/airflow/dags/load_dag_backup.py took 0.126 seconds
[2023-08-04T19:38:57.089+0000] {processor.py:153} INFO - Started process (PID=63881) to work on /workspaces/hands-on-introduction-data-engineering-4395021/airflow/dags/load_dag_backup.py
[2023-08-04T19:38:57.090+0000] {processor.py:743} INFO - Processing file /workspaces/hands-on-introduction-data-engineering-4395021/airflow/dags/load_dag_backup.py for tasks to queue
[2023-08-04T19:38:57.091+0000] {logging_mixin.py:137} INFO - [2023-08-04T19:38:57.091+0000] {dagbag.py:538} INFO - Filling up the DagBag from /workspaces/hands-on-introduction-data-engineering-4395021/airflow/dags/load_dag_backup.py
[2023-08-04T19:38:57.106+0000] {processor.py:753} INFO - DAG(s) dict_keys(['load_dag']) retrieved from /workspaces/hands-on-introduction-data-engineering-4395021/airflow/dags/load_dag_backup.py
[2023-08-04T19:38:57.123+0000] {logging_mixin.py:137} INFO - [2023-08-04T19:38:57.123+0000] {dag.py:2690} INFO - Sync 1 DAGs
[2023-08-04T19:38:57.142+0000] {logging_mixin.py:137} INFO - [2023-08-04T19:38:57.142+0000] {dag.py:3437} INFO - Setting next_dagrun for load_dag to None, run_after=None
[2023-08-04T19:38:57.191+0000] {processor.py:175} INFO - Processing /workspaces/hands-on-introduction-data-engineering-4395021/airflow/dags/load_dag_backup.py took 0.105 seconds
[2023-08-04T19:39:28.617+0000] {processor.py:153} INFO - Started process (PID=64052) to work on /workspaces/hands-on-introduction-data-engineering-4395021/airflow/dags/load_dag_backup.py
[2023-08-04T19:39:28.619+0000] {processor.py:743} INFO - Processing file /workspaces/hands-on-introduction-data-engineering-4395021/airflow/dags/load_dag_backup.py for tasks to queue
[2023-08-04T19:39:28.620+0000] {logging_mixin.py:137} INFO - [2023-08-04T19:39:28.619+0000] {dagbag.py:538} INFO - Filling up the DagBag from /workspaces/hands-on-introduction-data-engineering-4395021/airflow/dags/load_dag_backup.py
[2023-08-04T19:39:28.639+0000] {processor.py:753} INFO - DAG(s) dict_keys(['load_dag']) retrieved from /workspaces/hands-on-introduction-data-engineering-4395021/airflow/dags/load_dag_backup.py
[2023-08-04T19:39:28.658+0000] {logging_mixin.py:137} INFO - [2023-08-04T19:39:28.658+0000] {dag.py:2690} INFO - Sync 1 DAGs
[2023-08-04T19:39:28.678+0000] {logging_mixin.py:137} INFO - [2023-08-04T19:39:28.677+0000] {dag.py:3437} INFO - Setting next_dagrun for load_dag to None, run_after=None
[2023-08-04T19:39:28.727+0000] {processor.py:175} INFO - Processing /workspaces/hands-on-introduction-data-engineering-4395021/airflow/dags/load_dag_backup.py took 0.113 seconds
[2023-08-04T19:39:59.110+0000] {processor.py:153} INFO - Started process (PID=64224) to work on /workspaces/hands-on-introduction-data-engineering-4395021/airflow/dags/load_dag_backup.py
[2023-08-04T19:39:59.111+0000] {processor.py:743} INFO - Processing file /workspaces/hands-on-introduction-data-engineering-4395021/airflow/dags/load_dag_backup.py for tasks to queue
[2023-08-04T19:39:59.112+0000] {logging_mixin.py:137} INFO - [2023-08-04T19:39:59.112+0000] {dagbag.py:538} INFO - Filling up the DagBag from /workspaces/hands-on-introduction-data-engineering-4395021/airflow/dags/load_dag_backup.py
[2023-08-04T19:39:59.127+0000] {processor.py:753} INFO - DAG(s) dict_keys(['load_dag']) retrieved from /workspaces/hands-on-introduction-data-engineering-4395021/airflow/dags/load_dag_backup.py
[2023-08-04T19:39:59.145+0000] {logging_mixin.py:137} INFO - [2023-08-04T19:39:59.145+0000] {dag.py:2690} INFO - Sync 1 DAGs
[2023-08-04T19:39:59.164+0000] {logging_mixin.py:137} INFO - [2023-08-04T19:39:59.164+0000] {dag.py:3437} INFO - Setting next_dagrun for load_dag to None, run_after=None
[2023-08-04T19:39:59.219+0000] {processor.py:175} INFO - Processing /workspaces/hands-on-introduction-data-engineering-4395021/airflow/dags/load_dag_backup.py took 0.113 seconds
[2023-08-04T19:40:29.591+0000] {processor.py:153} INFO - Started process (PID=64388) to work on /workspaces/hands-on-introduction-data-engineering-4395021/airflow/dags/load_dag_backup.py
[2023-08-04T19:40:29.593+0000] {processor.py:743} INFO - Processing file /workspaces/hands-on-introduction-data-engineering-4395021/airflow/dags/load_dag_backup.py for tasks to queue
[2023-08-04T19:40:29.595+0000] {logging_mixin.py:137} INFO - [2023-08-04T19:40:29.594+0000] {dagbag.py:538} INFO - Filling up the DagBag from /workspaces/hands-on-introduction-data-engineering-4395021/airflow/dags/load_dag_backup.py
[2023-08-04T19:40:29.611+0000] {processor.py:753} INFO - DAG(s) dict_keys(['load_dag']) retrieved from /workspaces/hands-on-introduction-data-engineering-4395021/airflow/dags/load_dag_backup.py
[2023-08-04T19:40:29.628+0000] {logging_mixin.py:137} INFO - [2023-08-04T19:40:29.628+0000] {dag.py:2690} INFO - Sync 1 DAGs
[2023-08-04T19:40:29.648+0000] {logging_mixin.py:137} INFO - [2023-08-04T19:40:29.647+0000] {dag.py:3437} INFO - Setting next_dagrun for load_dag to None, run_after=None
[2023-08-04T19:40:29.698+0000] {processor.py:175} INFO - Processing /workspaces/hands-on-introduction-data-engineering-4395021/airflow/dags/load_dag_backup.py took 0.112 seconds
[2023-08-04T19:41:00.064+0000] {processor.py:153} INFO - Started process (PID=64553) to work on /workspaces/hands-on-introduction-data-engineering-4395021/airflow/dags/load_dag_backup.py
[2023-08-04T19:41:00.065+0000] {processor.py:743} INFO - Processing file /workspaces/hands-on-introduction-data-engineering-4395021/airflow/dags/load_dag_backup.py for tasks to queue
[2023-08-04T19:41:00.066+0000] {logging_mixin.py:137} INFO - [2023-08-04T19:41:00.066+0000] {dagbag.py:538} INFO - Filling up the DagBag from /workspaces/hands-on-introduction-data-engineering-4395021/airflow/dags/load_dag_backup.py
[2023-08-04T19:41:00.082+0000] {processor.py:753} INFO - DAG(s) dict_keys(['load_dag']) retrieved from /workspaces/hands-on-introduction-data-engineering-4395021/airflow/dags/load_dag_backup.py
[2023-08-04T19:41:00.100+0000] {logging_mixin.py:137} INFO - [2023-08-04T19:41:00.100+0000] {dag.py:2690} INFO - Sync 1 DAGs
[2023-08-04T19:41:00.119+0000] {logging_mixin.py:137} INFO - [2023-08-04T19:41:00.119+0000] {dag.py:3437} INFO - Setting next_dagrun for load_dag to None, run_after=None
[2023-08-04T19:41:00.171+0000] {processor.py:175} INFO - Processing /workspaces/hands-on-introduction-data-engineering-4395021/airflow/dags/load_dag_backup.py took 0.111 seconds
[2023-08-04T19:41:30.825+0000] {processor.py:153} INFO - Started process (PID=64716) to work on /workspaces/hands-on-introduction-data-engineering-4395021/airflow/dags/load_dag_backup.py
[2023-08-04T19:41:30.827+0000] {processor.py:743} INFO - Processing file /workspaces/hands-on-introduction-data-engineering-4395021/airflow/dags/load_dag_backup.py for tasks to queue
[2023-08-04T19:41:30.828+0000] {logging_mixin.py:137} INFO - [2023-08-04T19:41:30.828+0000] {dagbag.py:538} INFO - Filling up the DagBag from /workspaces/hands-on-introduction-data-engineering-4395021/airflow/dags/load_dag_backup.py
[2023-08-04T19:41:30.844+0000] {processor.py:753} INFO - DAG(s) dict_keys(['load_dag']) retrieved from /workspaces/hands-on-introduction-data-engineering-4395021/airflow/dags/load_dag_backup.py
[2023-08-04T19:41:30.863+0000] {logging_mixin.py:137} INFO - [2023-08-04T19:41:30.863+0000] {dag.py:2690} INFO - Sync 1 DAGs
[2023-08-04T19:41:30.885+0000] {logging_mixin.py:137} INFO - [2023-08-04T19:41:30.885+0000] {dag.py:3437} INFO - Setting next_dagrun for load_dag to None, run_after=None
[2023-08-04T19:41:30.953+0000] {processor.py:175} INFO - Processing /workspaces/hands-on-introduction-data-engineering-4395021/airflow/dags/load_dag_backup.py took 0.132 seconds
[2023-08-04T19:42:01.222+0000] {processor.py:153} INFO - Started process (PID=64886) to work on /workspaces/hands-on-introduction-data-engineering-4395021/airflow/dags/load_dag_backup.py
[2023-08-04T19:42:01.224+0000] {processor.py:743} INFO - Processing file /workspaces/hands-on-introduction-data-engineering-4395021/airflow/dags/load_dag_backup.py for tasks to queue
[2023-08-04T19:42:01.225+0000] {logging_mixin.py:137} INFO - [2023-08-04T19:42:01.224+0000] {dagbag.py:538} INFO - Filling up the DagBag from /workspaces/hands-on-introduction-data-engineering-4395021/airflow/dags/load_dag_backup.py
[2023-08-04T19:42:01.245+0000] {processor.py:753} INFO - DAG(s) dict_keys(['load_dag']) retrieved from /workspaces/hands-on-introduction-data-engineering-4395021/airflow/dags/load_dag_backup.py
[2023-08-04T19:42:01.267+0000] {logging_mixin.py:137} INFO - [2023-08-04T19:42:01.267+0000] {dag.py:2690} INFO - Sync 1 DAGs
[2023-08-04T19:42:01.290+0000] {logging_mixin.py:137} INFO - [2023-08-04T19:42:01.290+0000] {dag.py:3437} INFO - Setting next_dagrun for load_dag to None, run_after=None
[2023-08-04T19:42:01.340+0000] {processor.py:175} INFO - Processing /workspaces/hands-on-introduction-data-engineering-4395021/airflow/dags/load_dag_backup.py took 0.121 seconds
