[2023-08-04T16:02:37.345+0000] {processor.py:153} INFO - Started process (PID=67480) to work on /workspaces/hands-on-introduction-data-engineering-4395021/airflow/dags/transform_dag.py
[2023-08-04T16:02:37.346+0000] {processor.py:743} INFO - Processing file /workspaces/hands-on-introduction-data-engineering-4395021/airflow/dags/transform_dag.py for tasks to queue
[2023-08-04T16:02:37.351+0000] {logging_mixin.py:137} INFO - [2023-08-04T16:02:37.351+0000] {dagbag.py:538} INFO - Filling up the DagBag from /workspaces/hands-on-introduction-data-engineering-4395021/airflow/dags/transform_dag.py
[2023-08-04T16:02:39.701+0000] {processor.py:753} INFO - DAG(s) dict_keys(['transform_dag']) retrieved from /workspaces/hands-on-introduction-data-engineering-4395021/airflow/dags/transform_dag.py
[2023-08-04T16:02:40.013+0000] {logging_mixin.py:137} INFO - [2023-08-04T16:02:40.013+0000] {manager.py:504} INFO - Created Permission View: can delete on DAG:transform_dag
[2023-08-04T16:02:40.083+0000] {logging_mixin.py:137} INFO - [2023-08-04T16:02:40.083+0000] {manager.py:504} INFO - Created Permission View: can edit on DAG:transform_dag
[2023-08-04T16:02:40.151+0000] {logging_mixin.py:137} INFO - [2023-08-04T16:02:40.151+0000] {manager.py:504} INFO - Created Permission View: can read on DAG:transform_dag
[2023-08-04T16:02:40.151+0000] {logging_mixin.py:137} INFO - [2023-08-04T16:02:40.151+0000] {dag.py:2690} INFO - Sync 1 DAGs
[2023-08-04T16:02:40.223+0000] {logging_mixin.py:137} INFO - [2023-08-04T16:02:40.223+0000] {dag.py:2711} INFO - Creating ORM DAG for transform_dag
[2023-08-04T16:02:40.257+0000] {logging_mixin.py:137} INFO - [2023-08-04T16:02:40.257+0000] {dag.py:3437} INFO - Setting next_dagrun for transform_dag to None, run_after=None
[2023-08-04T16:02:40.354+0000] {processor.py:175} INFO - Processing /workspaces/hands-on-introduction-data-engineering-4395021/airflow/dags/transform_dag.py took 3.017 seconds
[2023-08-04T16:03:10.589+0000] {processor.py:153} INFO - Started process (PID=67660) to work on /workspaces/hands-on-introduction-data-engineering-4395021/airflow/dags/transform_dag.py
[2023-08-04T16:03:10.590+0000] {processor.py:743} INFO - Processing file /workspaces/hands-on-introduction-data-engineering-4395021/airflow/dags/transform_dag.py for tasks to queue
[2023-08-04T16:03:10.590+0000] {logging_mixin.py:137} INFO - [2023-08-04T16:03:10.590+0000] {dagbag.py:538} INFO - Filling up the DagBag from /workspaces/hands-on-introduction-data-engineering-4395021/airflow/dags/transform_dag.py
[2023-08-04T16:03:10.920+0000] {processor.py:753} INFO - DAG(s) dict_keys(['transform_dag']) retrieved from /workspaces/hands-on-introduction-data-engineering-4395021/airflow/dags/transform_dag.py
[2023-08-04T16:03:10.935+0000] {logging_mixin.py:137} INFO - [2023-08-04T16:03:10.935+0000] {dag.py:2690} INFO - Sync 1 DAGs
[2023-08-04T16:03:10.953+0000] {logging_mixin.py:137} INFO - [2023-08-04T16:03:10.953+0000] {dag.py:3437} INFO - Setting next_dagrun for transform_dag to None, run_after=None
[2023-08-04T16:03:11.000+0000] {processor.py:175} INFO - Processing /workspaces/hands-on-introduction-data-engineering-4395021/airflow/dags/transform_dag.py took 0.415 seconds
[2023-08-04T16:03:41.186+0000] {processor.py:153} INFO - Started process (PID=67822) to work on /workspaces/hands-on-introduction-data-engineering-4395021/airflow/dags/transform_dag.py
[2023-08-04T16:03:41.187+0000] {processor.py:743} INFO - Processing file /workspaces/hands-on-introduction-data-engineering-4395021/airflow/dags/transform_dag.py for tasks to queue
[2023-08-04T16:03:41.188+0000] {logging_mixin.py:137} INFO - [2023-08-04T16:03:41.188+0000] {dagbag.py:538} INFO - Filling up the DagBag from /workspaces/hands-on-introduction-data-engineering-4395021/airflow/dags/transform_dag.py
[2023-08-04T16:03:41.520+0000] {processor.py:753} INFO - DAG(s) dict_keys(['transform_dag']) retrieved from /workspaces/hands-on-introduction-data-engineering-4395021/airflow/dags/transform_dag.py
[2023-08-04T16:03:41.534+0000] {logging_mixin.py:137} INFO - [2023-08-04T16:03:41.534+0000] {dag.py:2690} INFO - Sync 1 DAGs
[2023-08-04T16:03:41.551+0000] {logging_mixin.py:137} INFO - [2023-08-04T16:03:41.551+0000] {dag.py:3437} INFO - Setting next_dagrun for transform_dag to None, run_after=None
[2023-08-04T16:03:41.602+0000] {processor.py:175} INFO - Processing /workspaces/hands-on-introduction-data-engineering-4395021/airflow/dags/transform_dag.py took 0.420 seconds
[2023-08-04T16:04:11.789+0000] {processor.py:153} INFO - Started process (PID=67979) to work on /workspaces/hands-on-introduction-data-engineering-4395021/airflow/dags/transform_dag.py
[2023-08-04T16:04:11.790+0000] {processor.py:743} INFO - Processing file /workspaces/hands-on-introduction-data-engineering-4395021/airflow/dags/transform_dag.py for tasks to queue
[2023-08-04T16:04:11.791+0000] {logging_mixin.py:137} INFO - [2023-08-04T16:04:11.790+0000] {dagbag.py:538} INFO - Filling up the DagBag from /workspaces/hands-on-introduction-data-engineering-4395021/airflow/dags/transform_dag.py
[2023-08-04T16:04:11.996+0000] {processor.py:753} INFO - DAG(s) dict_keys(['transform_dag']) retrieved from /workspaces/hands-on-introduction-data-engineering-4395021/airflow/dags/transform_dag.py
[2023-08-04T16:04:12.013+0000] {logging_mixin.py:137} INFO - [2023-08-04T16:04:12.013+0000] {dag.py:2690} INFO - Sync 1 DAGs
[2023-08-04T16:04:12.032+0000] {logging_mixin.py:137} INFO - [2023-08-04T16:04:12.031+0000] {dag.py:3437} INFO - Setting next_dagrun for transform_dag to None, run_after=None
[2023-08-04T16:04:12.082+0000] {processor.py:175} INFO - Processing /workspaces/hands-on-introduction-data-engineering-4395021/airflow/dags/transform_dag.py took 0.297 seconds
[2023-08-04T16:04:42.579+0000] {processor.py:153} INFO - Started process (PID=68125) to work on /workspaces/hands-on-introduction-data-engineering-4395021/airflow/dags/transform_dag.py
[2023-08-04T16:04:42.580+0000] {processor.py:743} INFO - Processing file /workspaces/hands-on-introduction-data-engineering-4395021/airflow/dags/transform_dag.py for tasks to queue
[2023-08-04T16:04:42.581+0000] {logging_mixin.py:137} INFO - [2023-08-04T16:04:42.581+0000] {dagbag.py:538} INFO - Filling up the DagBag from /workspaces/hands-on-introduction-data-engineering-4395021/airflow/dags/transform_dag.py
[2023-08-04T16:04:42.785+0000] {processor.py:753} INFO - DAG(s) dict_keys(['transform_dag']) retrieved from /workspaces/hands-on-introduction-data-engineering-4395021/airflow/dags/transform_dag.py
[2023-08-04T16:04:42.802+0000] {logging_mixin.py:137} INFO - [2023-08-04T16:04:42.802+0000] {dag.py:2690} INFO - Sync 1 DAGs
[2023-08-04T16:04:42.821+0000] {logging_mixin.py:137} INFO - [2023-08-04T16:04:42.821+0000] {dag.py:3437} INFO - Setting next_dagrun for transform_dag to None, run_after=None
[2023-08-04T16:04:42.895+0000] {processor.py:175} INFO - Processing /workspaces/hands-on-introduction-data-engineering-4395021/airflow/dags/transform_dag.py took 0.319 seconds
[2023-08-04T16:05:13.064+0000] {processor.py:153} INFO - Started process (PID=68277) to work on /workspaces/hands-on-introduction-data-engineering-4395021/airflow/dags/transform_dag.py
[2023-08-04T16:05:13.065+0000] {processor.py:743} INFO - Processing file /workspaces/hands-on-introduction-data-engineering-4395021/airflow/dags/transform_dag.py for tasks to queue
[2023-08-04T16:05:13.066+0000] {logging_mixin.py:137} INFO - [2023-08-04T16:05:13.066+0000] {dagbag.py:538} INFO - Filling up the DagBag from /workspaces/hands-on-introduction-data-engineering-4395021/airflow/dags/transform_dag.py
[2023-08-04T16:05:13.270+0000] {processor.py:753} INFO - DAG(s) dict_keys(['transform_dag']) retrieved from /workspaces/hands-on-introduction-data-engineering-4395021/airflow/dags/transform_dag.py
[2023-08-04T16:05:13.287+0000] {logging_mixin.py:137} INFO - [2023-08-04T16:05:13.286+0000] {dag.py:2690} INFO - Sync 1 DAGs
[2023-08-04T16:05:13.304+0000] {logging_mixin.py:137} INFO - [2023-08-04T16:05:13.304+0000] {dag.py:3437} INFO - Setting next_dagrun for transform_dag to None, run_after=None
[2023-08-04T16:05:13.355+0000] {processor.py:175} INFO - Processing /workspaces/hands-on-introduction-data-engineering-4395021/airflow/dags/transform_dag.py took 0.295 seconds
[2023-08-04T16:05:43.477+0000] {processor.py:153} INFO - Started process (PID=68419) to work on /workspaces/hands-on-introduction-data-engineering-4395021/airflow/dags/transform_dag.py
[2023-08-04T16:05:43.478+0000] {processor.py:743} INFO - Processing file /workspaces/hands-on-introduction-data-engineering-4395021/airflow/dags/transform_dag.py for tasks to queue
[2023-08-04T16:05:43.480+0000] {logging_mixin.py:137} INFO - [2023-08-04T16:05:43.479+0000] {dagbag.py:538} INFO - Filling up the DagBag from /workspaces/hands-on-introduction-data-engineering-4395021/airflow/dags/transform_dag.py
[2023-08-04T16:05:43.708+0000] {processor.py:753} INFO - DAG(s) dict_keys(['transform_dag']) retrieved from /workspaces/hands-on-introduction-data-engineering-4395021/airflow/dags/transform_dag.py
[2023-08-04T16:05:43.733+0000] {logging_mixin.py:137} INFO - [2023-08-04T16:05:43.733+0000] {dag.py:2690} INFO - Sync 1 DAGs
[2023-08-04T16:05:43.764+0000] {logging_mixin.py:137} INFO - [2023-08-04T16:05:43.764+0000] {dag.py:3437} INFO - Setting next_dagrun for transform_dag to None, run_after=None
[2023-08-04T16:05:43.818+0000] {processor.py:175} INFO - Processing /workspaces/hands-on-introduction-data-engineering-4395021/airflow/dags/transform_dag.py took 0.346 seconds
[2023-08-04T16:06:13.975+0000] {processor.py:153} INFO - Started process (PID=68574) to work on /workspaces/hands-on-introduction-data-engineering-4395021/airflow/dags/transform_dag.py
[2023-08-04T16:06:13.976+0000] {processor.py:743} INFO - Processing file /workspaces/hands-on-introduction-data-engineering-4395021/airflow/dags/transform_dag.py for tasks to queue
[2023-08-04T16:06:13.977+0000] {logging_mixin.py:137} INFO - [2023-08-04T16:06:13.977+0000] {dagbag.py:538} INFO - Filling up the DagBag from /workspaces/hands-on-introduction-data-engineering-4395021/airflow/dags/transform_dag.py
[2023-08-04T16:06:14.181+0000] {processor.py:753} INFO - DAG(s) dict_keys(['transform_dag']) retrieved from /workspaces/hands-on-introduction-data-engineering-4395021/airflow/dags/transform_dag.py
[2023-08-04T16:06:14.198+0000] {logging_mixin.py:137} INFO - [2023-08-04T16:06:14.198+0000] {dag.py:2690} INFO - Sync 1 DAGs
[2023-08-04T16:06:14.216+0000] {logging_mixin.py:137} INFO - [2023-08-04T16:06:14.216+0000] {dag.py:3437} INFO - Setting next_dagrun for transform_dag to None, run_after=None
[2023-08-04T16:06:14.267+0000] {processor.py:175} INFO - Processing /workspaces/hands-on-introduction-data-engineering-4395021/airflow/dags/transform_dag.py took 0.296 seconds
[2023-08-04T16:06:44.481+0000] {processor.py:153} INFO - Started process (PID=68722) to work on /workspaces/hands-on-introduction-data-engineering-4395021/airflow/dags/transform_dag.py
[2023-08-04T16:06:44.482+0000] {processor.py:743} INFO - Processing file /workspaces/hands-on-introduction-data-engineering-4395021/airflow/dags/transform_dag.py for tasks to queue
[2023-08-04T16:06:44.483+0000] {logging_mixin.py:137} INFO - [2023-08-04T16:06:44.483+0000] {dagbag.py:538} INFO - Filling up the DagBag from /workspaces/hands-on-introduction-data-engineering-4395021/airflow/dags/transform_dag.py
[2023-08-04T16:06:44.680+0000] {processor.py:753} INFO - DAG(s) dict_keys(['transform_dag']) retrieved from /workspaces/hands-on-introduction-data-engineering-4395021/airflow/dags/transform_dag.py
[2023-08-04T16:06:44.698+0000] {logging_mixin.py:137} INFO - [2023-08-04T16:06:44.698+0000] {dag.py:2690} INFO - Sync 1 DAGs
[2023-08-04T16:06:44.716+0000] {logging_mixin.py:137} INFO - [2023-08-04T16:06:44.716+0000] {dag.py:3437} INFO - Setting next_dagrun for transform_dag to None, run_after=None
[2023-08-04T16:06:44.766+0000] {processor.py:175} INFO - Processing /workspaces/hands-on-introduction-data-engineering-4395021/airflow/dags/transform_dag.py took 0.288 seconds
[2023-08-04T16:07:14.858+0000] {processor.py:153} INFO - Started process (PID=68872) to work on /workspaces/hands-on-introduction-data-engineering-4395021/airflow/dags/transform_dag.py
[2023-08-04T16:07:14.859+0000] {processor.py:743} INFO - Processing file /workspaces/hands-on-introduction-data-engineering-4395021/airflow/dags/transform_dag.py for tasks to queue
[2023-08-04T16:07:14.860+0000] {logging_mixin.py:137} INFO - [2023-08-04T16:07:14.860+0000] {dagbag.py:538} INFO - Filling up the DagBag from /workspaces/hands-on-introduction-data-engineering-4395021/airflow/dags/transform_dag.py
[2023-08-04T16:07:15.094+0000] {processor.py:753} INFO - DAG(s) dict_keys(['transform_dag']) retrieved from /workspaces/hands-on-introduction-data-engineering-4395021/airflow/dags/transform_dag.py
[2023-08-04T16:07:15.115+0000] {logging_mixin.py:137} INFO - [2023-08-04T16:07:15.114+0000] {dag.py:2690} INFO - Sync 1 DAGs
[2023-08-04T16:07:15.135+0000] {logging_mixin.py:137} INFO - [2023-08-04T16:07:15.134+0000] {dag.py:3437} INFO - Setting next_dagrun for transform_dag to None, run_after=None
[2023-08-04T16:07:15.185+0000] {processor.py:175} INFO - Processing /workspaces/hands-on-introduction-data-engineering-4395021/airflow/dags/transform_dag.py took 0.330 seconds
[2023-08-04T16:07:45.331+0000] {processor.py:153} INFO - Started process (PID=69018) to work on /workspaces/hands-on-introduction-data-engineering-4395021/airflow/dags/transform_dag.py
[2023-08-04T16:07:45.332+0000] {processor.py:743} INFO - Processing file /workspaces/hands-on-introduction-data-engineering-4395021/airflow/dags/transform_dag.py for tasks to queue
[2023-08-04T16:07:45.333+0000] {logging_mixin.py:137} INFO - [2023-08-04T16:07:45.333+0000] {dagbag.py:538} INFO - Filling up the DagBag from /workspaces/hands-on-introduction-data-engineering-4395021/airflow/dags/transform_dag.py
[2023-08-04T16:07:45.544+0000] {processor.py:753} INFO - DAG(s) dict_keys(['transform_dag']) retrieved from /workspaces/hands-on-introduction-data-engineering-4395021/airflow/dags/transform_dag.py
[2023-08-04T16:07:45.561+0000] {logging_mixin.py:137} INFO - [2023-08-04T16:07:45.561+0000] {dag.py:2690} INFO - Sync 1 DAGs
[2023-08-04T16:07:45.579+0000] {logging_mixin.py:137} INFO - [2023-08-04T16:07:45.579+0000] {dag.py:3437} INFO - Setting next_dagrun for transform_dag to None, run_after=None
[2023-08-04T16:07:45.629+0000] {processor.py:175} INFO - Processing /workspaces/hands-on-introduction-data-engineering-4395021/airflow/dags/transform_dag.py took 0.302 seconds
[2023-08-04T16:08:15.816+0000] {processor.py:153} INFO - Started process (PID=69168) to work on /workspaces/hands-on-introduction-data-engineering-4395021/airflow/dags/transform_dag.py
[2023-08-04T16:08:15.817+0000] {processor.py:743} INFO - Processing file /workspaces/hands-on-introduction-data-engineering-4395021/airflow/dags/transform_dag.py for tasks to queue
[2023-08-04T16:08:15.818+0000] {logging_mixin.py:137} INFO - [2023-08-04T16:08:15.817+0000] {dagbag.py:538} INFO - Filling up the DagBag from /workspaces/hands-on-introduction-data-engineering-4395021/airflow/dags/transform_dag.py
[2023-08-04T16:08:16.019+0000] {processor.py:753} INFO - DAG(s) dict_keys(['transform_dag']) retrieved from /workspaces/hands-on-introduction-data-engineering-4395021/airflow/dags/transform_dag.py
[2023-08-04T16:08:16.036+0000] {logging_mixin.py:137} INFO - [2023-08-04T16:08:16.036+0000] {dag.py:2690} INFO - Sync 1 DAGs
[2023-08-04T16:08:16.055+0000] {logging_mixin.py:137} INFO - [2023-08-04T16:08:16.054+0000] {dag.py:3437} INFO - Setting next_dagrun for transform_dag to None, run_after=None
[2023-08-04T16:08:16.104+0000] {processor.py:175} INFO - Processing /workspaces/hands-on-introduction-data-engineering-4395021/airflow/dags/transform_dag.py took 0.293 seconds
[2023-08-04T16:08:46.228+0000] {processor.py:153} INFO - Started process (PID=69313) to work on /workspaces/hands-on-introduction-data-engineering-4395021/airflow/dags/transform_dag.py
[2023-08-04T16:08:46.229+0000] {processor.py:743} INFO - Processing file /workspaces/hands-on-introduction-data-engineering-4395021/airflow/dags/transform_dag.py for tasks to queue
[2023-08-04T16:08:46.237+0000] {logging_mixin.py:137} INFO - [2023-08-04T16:08:46.236+0000] {dagbag.py:538} INFO - Filling up the DagBag from /workspaces/hands-on-introduction-data-engineering-4395021/airflow/dags/transform_dag.py
[2023-08-04T16:08:46.488+0000] {processor.py:753} INFO - DAG(s) dict_keys(['transform_dag']) retrieved from /workspaces/hands-on-introduction-data-engineering-4395021/airflow/dags/transform_dag.py
[2023-08-04T16:08:46.505+0000] {logging_mixin.py:137} INFO - [2023-08-04T16:08:46.505+0000] {dag.py:2690} INFO - Sync 1 DAGs
[2023-08-04T16:08:46.524+0000] {logging_mixin.py:137} INFO - [2023-08-04T16:08:46.524+0000] {dag.py:3437} INFO - Setting next_dagrun for transform_dag to None, run_after=None
[2023-08-04T16:08:46.574+0000] {processor.py:175} INFO - Processing /workspaces/hands-on-introduction-data-engineering-4395021/airflow/dags/transform_dag.py took 0.378 seconds
[2023-08-04T16:09:16.678+0000] {processor.py:153} INFO - Started process (PID=69459) to work on /workspaces/hands-on-introduction-data-engineering-4395021/airflow/dags/transform_dag.py
[2023-08-04T16:09:16.679+0000] {processor.py:743} INFO - Processing file /workspaces/hands-on-introduction-data-engineering-4395021/airflow/dags/transform_dag.py for tasks to queue
[2023-08-04T16:09:16.680+0000] {logging_mixin.py:137} INFO - [2023-08-04T16:09:16.679+0000] {dagbag.py:538} INFO - Filling up the DagBag from /workspaces/hands-on-introduction-data-engineering-4395021/airflow/dags/transform_dag.py
[2023-08-04T16:09:16.882+0000] {processor.py:753} INFO - DAG(s) dict_keys(['transform_dag']) retrieved from /workspaces/hands-on-introduction-data-engineering-4395021/airflow/dags/transform_dag.py
[2023-08-04T16:09:16.899+0000] {logging_mixin.py:137} INFO - [2023-08-04T16:09:16.898+0000] {dag.py:2690} INFO - Sync 1 DAGs
[2023-08-04T16:09:16.918+0000] {logging_mixin.py:137} INFO - [2023-08-04T16:09:16.917+0000] {dag.py:3437} INFO - Setting next_dagrun for transform_dag to None, run_after=None
[2023-08-04T16:09:16.967+0000] {processor.py:175} INFO - Processing /workspaces/hands-on-introduction-data-engineering-4395021/airflow/dags/transform_dag.py took 0.292 seconds
[2023-08-04T16:09:47.053+0000] {processor.py:153} INFO - Started process (PID=69605) to work on /workspaces/hands-on-introduction-data-engineering-4395021/airflow/dags/transform_dag.py
[2023-08-04T16:09:47.054+0000] {processor.py:743} INFO - Processing file /workspaces/hands-on-introduction-data-engineering-4395021/airflow/dags/transform_dag.py for tasks to queue
[2023-08-04T16:09:47.055+0000] {logging_mixin.py:137} INFO - [2023-08-04T16:09:47.054+0000] {dagbag.py:538} INFO - Filling up the DagBag from /workspaces/hands-on-introduction-data-engineering-4395021/airflow/dags/transform_dag.py
[2023-08-04T16:09:47.260+0000] {processor.py:753} INFO - DAG(s) dict_keys(['transform_dag']) retrieved from /workspaces/hands-on-introduction-data-engineering-4395021/airflow/dags/transform_dag.py
[2023-08-04T16:09:47.281+0000] {logging_mixin.py:137} INFO - [2023-08-04T16:09:47.281+0000] {dag.py:2690} INFO - Sync 1 DAGs
[2023-08-04T16:09:47.299+0000] {logging_mixin.py:137} INFO - [2023-08-04T16:09:47.299+0000] {dag.py:3437} INFO - Setting next_dagrun for transform_dag to None, run_after=None
[2023-08-04T16:09:47.349+0000] {processor.py:175} INFO - Processing /workspaces/hands-on-introduction-data-engineering-4395021/airflow/dags/transform_dag.py took 0.299 seconds
[2023-08-04T16:10:17.527+0000] {processor.py:153} INFO - Started process (PID=69757) to work on /workspaces/hands-on-introduction-data-engineering-4395021/airflow/dags/transform_dag.py
[2023-08-04T16:10:17.528+0000] {processor.py:743} INFO - Processing file /workspaces/hands-on-introduction-data-engineering-4395021/airflow/dags/transform_dag.py for tasks to queue
[2023-08-04T16:10:17.528+0000] {logging_mixin.py:137} INFO - [2023-08-04T16:10:17.528+0000] {dagbag.py:538} INFO - Filling up the DagBag from /workspaces/hands-on-introduction-data-engineering-4395021/airflow/dags/transform_dag.py
[2023-08-04T16:10:17.729+0000] {processor.py:753} INFO - DAG(s) dict_keys(['transform_dag']) retrieved from /workspaces/hands-on-introduction-data-engineering-4395021/airflow/dags/transform_dag.py
[2023-08-04T16:10:17.746+0000] {logging_mixin.py:137} INFO - [2023-08-04T16:10:17.746+0000] {dag.py:2690} INFO - Sync 1 DAGs
[2023-08-04T16:10:17.764+0000] {logging_mixin.py:137} INFO - [2023-08-04T16:10:17.764+0000] {dag.py:3437} INFO - Setting next_dagrun for transform_dag to None, run_after=None
[2023-08-04T16:10:17.815+0000] {processor.py:175} INFO - Processing /workspaces/hands-on-introduction-data-engineering-4395021/airflow/dags/transform_dag.py took 0.291 seconds
[2023-08-04T16:10:47.901+0000] {processor.py:153} INFO - Started process (PID=69896) to work on /workspaces/hands-on-introduction-data-engineering-4395021/airflow/dags/transform_dag.py
[2023-08-04T16:10:47.902+0000] {processor.py:743} INFO - Processing file /workspaces/hands-on-introduction-data-engineering-4395021/airflow/dags/transform_dag.py for tasks to queue
[2023-08-04T16:10:47.902+0000] {logging_mixin.py:137} INFO - [2023-08-04T16:10:47.902+0000] {dagbag.py:538} INFO - Filling up the DagBag from /workspaces/hands-on-introduction-data-engineering-4395021/airflow/dags/transform_dag.py
[2023-08-04T16:10:48.105+0000] {processor.py:753} INFO - DAG(s) dict_keys(['transform_dag']) retrieved from /workspaces/hands-on-introduction-data-engineering-4395021/airflow/dags/transform_dag.py
[2023-08-04T16:10:48.122+0000] {logging_mixin.py:137} INFO - [2023-08-04T16:10:48.122+0000] {dag.py:2690} INFO - Sync 1 DAGs
[2023-08-04T16:10:48.144+0000] {logging_mixin.py:137} INFO - [2023-08-04T16:10:48.144+0000] {dag.py:3437} INFO - Setting next_dagrun for transform_dag to None, run_after=None
[2023-08-04T16:10:48.191+0000] {processor.py:175} INFO - Processing /workspaces/hands-on-introduction-data-engineering-4395021/airflow/dags/transform_dag.py took 0.294 seconds
[2023-08-04T16:11:18.278+0000] {processor.py:153} INFO - Started process (PID=70048) to work on /workspaces/hands-on-introduction-data-engineering-4395021/airflow/dags/transform_dag.py
[2023-08-04T16:11:18.279+0000] {processor.py:743} INFO - Processing file /workspaces/hands-on-introduction-data-engineering-4395021/airflow/dags/transform_dag.py for tasks to queue
[2023-08-04T16:11:18.279+0000] {logging_mixin.py:137} INFO - [2023-08-04T16:11:18.279+0000] {dagbag.py:538} INFO - Filling up the DagBag from /workspaces/hands-on-introduction-data-engineering-4395021/airflow/dags/transform_dag.py
[2023-08-04T16:11:18.483+0000] {processor.py:753} INFO - DAG(s) dict_keys(['transform_dag']) retrieved from /workspaces/hands-on-introduction-data-engineering-4395021/airflow/dags/transform_dag.py
[2023-08-04T16:11:18.500+0000] {logging_mixin.py:137} INFO - [2023-08-04T16:11:18.500+0000] {dag.py:2690} INFO - Sync 1 DAGs
[2023-08-04T16:11:18.518+0000] {logging_mixin.py:137} INFO - [2023-08-04T16:11:18.518+0000] {dag.py:3437} INFO - Setting next_dagrun for transform_dag to None, run_after=None
[2023-08-04T16:11:18.571+0000] {processor.py:175} INFO - Processing /workspaces/hands-on-introduction-data-engineering-4395021/airflow/dags/transform_dag.py took 0.297 seconds
[2023-08-04T16:11:48.753+0000] {processor.py:153} INFO - Started process (PID=70197) to work on /workspaces/hands-on-introduction-data-engineering-4395021/airflow/dags/transform_dag.py
[2023-08-04T16:11:48.754+0000] {processor.py:743} INFO - Processing file /workspaces/hands-on-introduction-data-engineering-4395021/airflow/dags/transform_dag.py for tasks to queue
[2023-08-04T16:11:48.755+0000] {logging_mixin.py:137} INFO - [2023-08-04T16:11:48.755+0000] {dagbag.py:538} INFO - Filling up the DagBag from /workspaces/hands-on-introduction-data-engineering-4395021/airflow/dags/transform_dag.py
[2023-08-04T16:11:48.962+0000] {processor.py:753} INFO - DAG(s) dict_keys(['transform_dag']) retrieved from /workspaces/hands-on-introduction-data-engineering-4395021/airflow/dags/transform_dag.py
[2023-08-04T16:11:48.980+0000] {logging_mixin.py:137} INFO - [2023-08-04T16:11:48.980+0000] {dag.py:2690} INFO - Sync 1 DAGs
[2023-08-04T16:11:48.998+0000] {logging_mixin.py:137} INFO - [2023-08-04T16:11:48.998+0000] {dag.py:3437} INFO - Setting next_dagrun for transform_dag to None, run_after=None
[2023-08-04T16:11:49.052+0000] {processor.py:175} INFO - Processing /workspaces/hands-on-introduction-data-engineering-4395021/airflow/dags/transform_dag.py took 0.302 seconds
[2023-08-04T16:12:19.229+0000] {processor.py:153} INFO - Started process (PID=70343) to work on /workspaces/hands-on-introduction-data-engineering-4395021/airflow/dags/transform_dag.py
[2023-08-04T16:12:19.230+0000] {processor.py:743} INFO - Processing file /workspaces/hands-on-introduction-data-engineering-4395021/airflow/dags/transform_dag.py for tasks to queue
[2023-08-04T16:12:19.230+0000] {logging_mixin.py:137} INFO - [2023-08-04T16:12:19.230+0000] {dagbag.py:538} INFO - Filling up the DagBag from /workspaces/hands-on-introduction-data-engineering-4395021/airflow/dags/transform_dag.py
[2023-08-04T16:12:19.448+0000] {processor.py:753} INFO - DAG(s) dict_keys(['transform_dag']) retrieved from /workspaces/hands-on-introduction-data-engineering-4395021/airflow/dags/transform_dag.py
[2023-08-04T16:12:19.472+0000] {logging_mixin.py:137} INFO - [2023-08-04T16:12:19.472+0000] {dag.py:2690} INFO - Sync 1 DAGs
[2023-08-04T16:12:19.503+0000] {logging_mixin.py:137} INFO - [2023-08-04T16:12:19.503+0000] {dag.py:3437} INFO - Setting next_dagrun for transform_dag to None, run_after=None
[2023-08-04T16:12:19.557+0000] {processor.py:175} INFO - Processing /workspaces/hands-on-introduction-data-engineering-4395021/airflow/dags/transform_dag.py took 0.332 seconds
[2023-08-04T16:12:49.698+0000] {processor.py:153} INFO - Started process (PID=70493) to work on /workspaces/hands-on-introduction-data-engineering-4395021/airflow/dags/transform_dag.py
[2023-08-04T16:12:49.699+0000] {processor.py:743} INFO - Processing file /workspaces/hands-on-introduction-data-engineering-4395021/airflow/dags/transform_dag.py for tasks to queue
[2023-08-04T16:12:49.700+0000] {logging_mixin.py:137} INFO - [2023-08-04T16:12:49.700+0000] {dagbag.py:538} INFO - Filling up the DagBag from /workspaces/hands-on-introduction-data-engineering-4395021/airflow/dags/transform_dag.py
[2023-08-04T16:12:49.905+0000] {processor.py:753} INFO - DAG(s) dict_keys(['transform_dag']) retrieved from /workspaces/hands-on-introduction-data-engineering-4395021/airflow/dags/transform_dag.py
[2023-08-04T16:12:49.923+0000] {logging_mixin.py:137} INFO - [2023-08-04T16:12:49.923+0000] {dag.py:2690} INFO - Sync 1 DAGs
[2023-08-04T16:12:49.943+0000] {logging_mixin.py:137} INFO - [2023-08-04T16:12:49.943+0000] {dag.py:3437} INFO - Setting next_dagrun for transform_dag to None, run_after=None
[2023-08-04T16:12:49.990+0000] {processor.py:175} INFO - Processing /workspaces/hands-on-introduction-data-engineering-4395021/airflow/dags/transform_dag.py took 0.296 seconds
[2023-08-04T16:13:20.077+0000] {processor.py:153} INFO - Started process (PID=70652) to work on /workspaces/hands-on-introduction-data-engineering-4395021/airflow/dags/transform_dag.py
[2023-08-04T16:13:20.078+0000] {processor.py:743} INFO - Processing file /workspaces/hands-on-introduction-data-engineering-4395021/airflow/dags/transform_dag.py for tasks to queue
[2023-08-04T16:13:20.079+0000] {logging_mixin.py:137} INFO - [2023-08-04T16:13:20.079+0000] {dagbag.py:538} INFO - Filling up the DagBag from /workspaces/hands-on-introduction-data-engineering-4395021/airflow/dags/transform_dag.py
[2023-08-04T16:13:20.285+0000] {processor.py:753} INFO - DAG(s) dict_keys(['transform_dag']) retrieved from /workspaces/hands-on-introduction-data-engineering-4395021/airflow/dags/transform_dag.py
[2023-08-04T16:13:20.302+0000] {logging_mixin.py:137} INFO - [2023-08-04T16:13:20.302+0000] {dag.py:2690} INFO - Sync 1 DAGs
[2023-08-04T16:13:20.320+0000] {logging_mixin.py:137} INFO - [2023-08-04T16:13:20.320+0000] {dag.py:3437} INFO - Setting next_dagrun for transform_dag to None, run_after=None
[2023-08-04T16:13:20.368+0000] {processor.py:175} INFO - Processing /workspaces/hands-on-introduction-data-engineering-4395021/airflow/dags/transform_dag.py took 0.295 seconds
[2023-08-04T16:13:50.497+0000] {processor.py:153} INFO - Started process (PID=70813) to work on /workspaces/hands-on-introduction-data-engineering-4395021/airflow/dags/transform_dag.py
[2023-08-04T16:13:50.498+0000] {processor.py:743} INFO - Processing file /workspaces/hands-on-introduction-data-engineering-4395021/airflow/dags/transform_dag.py for tasks to queue
[2023-08-04T16:13:50.499+0000] {logging_mixin.py:137} INFO - [2023-08-04T16:13:50.499+0000] {dagbag.py:538} INFO - Filling up the DagBag from /workspaces/hands-on-introduction-data-engineering-4395021/airflow/dags/transform_dag.py
[2023-08-04T16:13:50.699+0000] {processor.py:753} INFO - DAG(s) dict_keys(['transform_dag']) retrieved from /workspaces/hands-on-introduction-data-engineering-4395021/airflow/dags/transform_dag.py
[2023-08-04T16:13:50.716+0000] {logging_mixin.py:137} INFO - [2023-08-04T16:13:50.716+0000] {dag.py:2690} INFO - Sync 1 DAGs
[2023-08-04T16:13:50.734+0000] {logging_mixin.py:137} INFO - [2023-08-04T16:13:50.734+0000] {dag.py:3437} INFO - Setting next_dagrun for transform_dag to None, run_after=None
[2023-08-04T16:13:50.789+0000] {processor.py:175} INFO - Processing /workspaces/hands-on-introduction-data-engineering-4395021/airflow/dags/transform_dag.py took 0.295 seconds
[2023-08-04T16:14:20.886+0000] {processor.py:153} INFO - Started process (PID=70986) to work on /workspaces/hands-on-introduction-data-engineering-4395021/airflow/dags/transform_dag.py
[2023-08-04T16:14:20.887+0000] {processor.py:743} INFO - Processing file /workspaces/hands-on-introduction-data-engineering-4395021/airflow/dags/transform_dag.py for tasks to queue
[2023-08-04T16:14:20.887+0000] {logging_mixin.py:137} INFO - [2023-08-04T16:14:20.887+0000] {dagbag.py:538} INFO - Filling up the DagBag from /workspaces/hands-on-introduction-data-engineering-4395021/airflow/dags/transform_dag.py
[2023-08-04T16:14:21.088+0000] {processor.py:753} INFO - DAG(s) dict_keys(['transform_dag']) retrieved from /workspaces/hands-on-introduction-data-engineering-4395021/airflow/dags/transform_dag.py
[2023-08-04T16:14:21.106+0000] {logging_mixin.py:137} INFO - [2023-08-04T16:14:21.106+0000] {dag.py:2690} INFO - Sync 1 DAGs
[2023-08-04T16:14:21.124+0000] {logging_mixin.py:137} INFO - [2023-08-04T16:14:21.123+0000] {dag.py:3437} INFO - Setting next_dagrun for transform_dag to None, run_after=None
[2023-08-04T16:14:21.210+0000] {processor.py:175} INFO - Processing /workspaces/hands-on-introduction-data-engineering-4395021/airflow/dags/transform_dag.py took 0.328 seconds
[2023-08-04T16:14:44.037+0000] {processor.py:153} INFO - Started process (PID=71105) to work on /workspaces/hands-on-introduction-data-engineering-4395021/airflow/dags/transform_dag.py
[2023-08-04T16:14:44.038+0000] {processor.py:743} INFO - Processing file /workspaces/hands-on-introduction-data-engineering-4395021/airflow/dags/transform_dag.py for tasks to queue
[2023-08-04T16:14:44.039+0000] {logging_mixin.py:137} INFO - [2023-08-04T16:14:44.039+0000] {dagbag.py:538} INFO - Filling up the DagBag from /workspaces/hands-on-introduction-data-engineering-4395021/airflow/dags/transform_dag.py
[2023-08-04T16:14:44.360+0000] {processor.py:753} INFO - DAG(s) dict_keys(['transform_dag']) retrieved from /workspaces/hands-on-introduction-data-engineering-4395021/airflow/dags/transform_dag.py
[2023-08-04T16:14:44.386+0000] {logging_mixin.py:137} INFO - [2023-08-04T16:14:44.386+0000] {dag.py:2690} INFO - Sync 1 DAGs
[2023-08-04T16:14:44.415+0000] {logging_mixin.py:137} INFO - [2023-08-04T16:14:44.414+0000] {dag.py:3437} INFO - Setting next_dagrun for transform_dag to None, run_after=None
[2023-08-04T16:14:44.476+0000] {processor.py:175} INFO - Processing /workspaces/hands-on-introduction-data-engineering-4395021/airflow/dags/transform_dag.py took 0.442 seconds
[2023-08-04T16:15:14.611+0000] {processor.py:153} INFO - Started process (PID=71270) to work on /workspaces/hands-on-introduction-data-engineering-4395021/airflow/dags/transform_dag.py
[2023-08-04T16:15:14.612+0000] {processor.py:743} INFO - Processing file /workspaces/hands-on-introduction-data-engineering-4395021/airflow/dags/transform_dag.py for tasks to queue
[2023-08-04T16:15:14.613+0000] {logging_mixin.py:137} INFO - [2023-08-04T16:15:14.613+0000] {dagbag.py:538} INFO - Filling up the DagBag from /workspaces/hands-on-introduction-data-engineering-4395021/airflow/dags/transform_dag.py
[2023-08-04T16:15:14.818+0000] {processor.py:753} INFO - DAG(s) dict_keys(['transform_dag']) retrieved from /workspaces/hands-on-introduction-data-engineering-4395021/airflow/dags/transform_dag.py
[2023-08-04T16:15:14.836+0000] {logging_mixin.py:137} INFO - [2023-08-04T16:15:14.836+0000] {dag.py:2690} INFO - Sync 1 DAGs
[2023-08-04T16:15:14.855+0000] {logging_mixin.py:137} INFO - [2023-08-04T16:15:14.855+0000] {dag.py:3437} INFO - Setting next_dagrun for transform_dag to None, run_after=None
[2023-08-04T16:15:14.908+0000] {processor.py:175} INFO - Processing /workspaces/hands-on-introduction-data-engineering-4395021/airflow/dags/transform_dag.py took 0.302 seconds
[2023-08-04T16:15:45.127+0000] {processor.py:153} INFO - Started process (PID=71436) to work on /workspaces/hands-on-introduction-data-engineering-4395021/airflow/dags/transform_dag.py
[2023-08-04T16:15:45.128+0000] {processor.py:743} INFO - Processing file /workspaces/hands-on-introduction-data-engineering-4395021/airflow/dags/transform_dag.py for tasks to queue
[2023-08-04T16:15:45.128+0000] {logging_mixin.py:137} INFO - [2023-08-04T16:15:45.128+0000] {dagbag.py:538} INFO - Filling up the DagBag from /workspaces/hands-on-introduction-data-engineering-4395021/airflow/dags/transform_dag.py
[2023-08-04T16:15:45.369+0000] {processor.py:753} INFO - DAG(s) dict_keys(['transform_dag']) retrieved from /workspaces/hands-on-introduction-data-engineering-4395021/airflow/dags/transform_dag.py
[2023-08-04T16:15:45.387+0000] {logging_mixin.py:137} INFO - [2023-08-04T16:15:45.386+0000] {dag.py:2690} INFO - Sync 1 DAGs
[2023-08-04T16:15:45.406+0000] {logging_mixin.py:137} INFO - [2023-08-04T16:15:45.406+0000] {dag.py:3437} INFO - Setting next_dagrun for transform_dag to None, run_after=None
[2023-08-04T16:15:45.454+0000] {processor.py:175} INFO - Processing /workspaces/hands-on-introduction-data-engineering-4395021/airflow/dags/transform_dag.py took 0.331 seconds
[2023-08-04T16:16:15.666+0000] {processor.py:153} INFO - Started process (PID=71600) to work on /workspaces/hands-on-introduction-data-engineering-4395021/airflow/dags/transform_dag.py
[2023-08-04T16:16:15.667+0000] {processor.py:743} INFO - Processing file /workspaces/hands-on-introduction-data-engineering-4395021/airflow/dags/transform_dag.py for tasks to queue
[2023-08-04T16:16:15.668+0000] {logging_mixin.py:137} INFO - [2023-08-04T16:16:15.668+0000] {dagbag.py:538} INFO - Filling up the DagBag from /workspaces/hands-on-introduction-data-engineering-4395021/airflow/dags/transform_dag.py
[2023-08-04T16:16:15.869+0000] {processor.py:753} INFO - DAG(s) dict_keys(['transform_dag']) retrieved from /workspaces/hands-on-introduction-data-engineering-4395021/airflow/dags/transform_dag.py
[2023-08-04T16:16:15.886+0000] {logging_mixin.py:137} INFO - [2023-08-04T16:16:15.886+0000] {dag.py:2690} INFO - Sync 1 DAGs
[2023-08-04T16:16:15.904+0000] {logging_mixin.py:137} INFO - [2023-08-04T16:16:15.903+0000] {dag.py:3437} INFO - Setting next_dagrun for transform_dag to None, run_after=None
[2023-08-04T16:16:15.952+0000] {processor.py:175} INFO - Processing /workspaces/hands-on-introduction-data-engineering-4395021/airflow/dags/transform_dag.py took 0.289 seconds
[2023-08-04T16:16:45.995+0000] {processor.py:153} INFO - Started process (PID=71772) to work on /workspaces/hands-on-introduction-data-engineering-4395021/airflow/dags/transform_dag.py
[2023-08-04T16:16:45.996+0000] {processor.py:743} INFO - Processing file /workspaces/hands-on-introduction-data-engineering-4395021/airflow/dags/transform_dag.py for tasks to queue
[2023-08-04T16:16:45.997+0000] {logging_mixin.py:137} INFO - [2023-08-04T16:16:45.997+0000] {dagbag.py:538} INFO - Filling up the DagBag from /workspaces/hands-on-introduction-data-engineering-4395021/airflow/dags/transform_dag.py
[2023-08-04T16:16:46.200+0000] {processor.py:753} INFO - DAG(s) dict_keys(['transform_dag']) retrieved from /workspaces/hands-on-introduction-data-engineering-4395021/airflow/dags/transform_dag.py
[2023-08-04T16:16:46.218+0000] {logging_mixin.py:137} INFO - [2023-08-04T16:16:46.218+0000] {dag.py:2690} INFO - Sync 1 DAGs
[2023-08-04T16:16:46.237+0000] {logging_mixin.py:137} INFO - [2023-08-04T16:16:46.237+0000] {dag.py:3437} INFO - Setting next_dagrun for transform_dag to None, run_after=None
[2023-08-04T16:16:46.297+0000] {processor.py:175} INFO - Processing /workspaces/hands-on-introduction-data-engineering-4395021/airflow/dags/transform_dag.py took 0.305 seconds
[2023-08-04T16:17:16.489+0000] {processor.py:153} INFO - Started process (PID=71931) to work on /workspaces/hands-on-introduction-data-engineering-4395021/airflow/dags/transform_dag.py
[2023-08-04T16:17:16.490+0000] {processor.py:743} INFO - Processing file /workspaces/hands-on-introduction-data-engineering-4395021/airflow/dags/transform_dag.py for tasks to queue
[2023-08-04T16:17:16.490+0000] {logging_mixin.py:137} INFO - [2023-08-04T16:17:16.490+0000] {dagbag.py:538} INFO - Filling up the DagBag from /workspaces/hands-on-introduction-data-engineering-4395021/airflow/dags/transform_dag.py
[2023-08-04T16:17:16.692+0000] {processor.py:753} INFO - DAG(s) dict_keys(['transform_dag']) retrieved from /workspaces/hands-on-introduction-data-engineering-4395021/airflow/dags/transform_dag.py
[2023-08-04T16:17:16.712+0000] {logging_mixin.py:137} INFO - [2023-08-04T16:17:16.712+0000] {dag.py:2690} INFO - Sync 1 DAGs
[2023-08-04T16:17:16.738+0000] {logging_mixin.py:137} INFO - [2023-08-04T16:17:16.738+0000] {dag.py:3437} INFO - Setting next_dagrun for transform_dag to None, run_after=None
[2023-08-04T16:17:16.791+0000] {processor.py:175} INFO - Processing /workspaces/hands-on-introduction-data-engineering-4395021/airflow/dags/transform_dag.py took 0.305 seconds
[2023-08-04T16:17:46.986+0000] {processor.py:153} INFO - Started process (PID=72103) to work on /workspaces/hands-on-introduction-data-engineering-4395021/airflow/dags/transform_dag.py
[2023-08-04T16:17:46.987+0000] {processor.py:743} INFO - Processing file /workspaces/hands-on-introduction-data-engineering-4395021/airflow/dags/transform_dag.py for tasks to queue
[2023-08-04T16:17:46.988+0000] {logging_mixin.py:137} INFO - [2023-08-04T16:17:46.988+0000] {dagbag.py:538} INFO - Filling up the DagBag from /workspaces/hands-on-introduction-data-engineering-4395021/airflow/dags/transform_dag.py
[2023-08-04T16:17:47.195+0000] {processor.py:753} INFO - DAG(s) dict_keys(['transform_dag']) retrieved from /workspaces/hands-on-introduction-data-engineering-4395021/airflow/dags/transform_dag.py
[2023-08-04T16:17:47.214+0000] {logging_mixin.py:137} INFO - [2023-08-04T16:17:47.214+0000] {dag.py:2690} INFO - Sync 1 DAGs
[2023-08-04T16:17:47.234+0000] {logging_mixin.py:137} INFO - [2023-08-04T16:17:47.233+0000] {dag.py:3437} INFO - Setting next_dagrun for transform_dag to None, run_after=None
[2023-08-04T16:17:47.291+0000] {processor.py:175} INFO - Processing /workspaces/hands-on-introduction-data-engineering-4395021/airflow/dags/transform_dag.py took 0.308 seconds
[2023-08-04T16:18:17.495+0000] {processor.py:153} INFO - Started process (PID=72269) to work on /workspaces/hands-on-introduction-data-engineering-4395021/airflow/dags/transform_dag.py
[2023-08-04T16:18:17.496+0000] {processor.py:743} INFO - Processing file /workspaces/hands-on-introduction-data-engineering-4395021/airflow/dags/transform_dag.py for tasks to queue
[2023-08-04T16:18:17.496+0000] {logging_mixin.py:137} INFO - [2023-08-04T16:18:17.496+0000] {dagbag.py:538} INFO - Filling up the DagBag from /workspaces/hands-on-introduction-data-engineering-4395021/airflow/dags/transform_dag.py
[2023-08-04T16:18:17.708+0000] {processor.py:753} INFO - DAG(s) dict_keys(['transform_dag']) retrieved from /workspaces/hands-on-introduction-data-engineering-4395021/airflow/dags/transform_dag.py
[2023-08-04T16:18:17.725+0000] {logging_mixin.py:137} INFO - [2023-08-04T16:18:17.725+0000] {dag.py:2690} INFO - Sync 1 DAGs
[2023-08-04T16:18:17.745+0000] {logging_mixin.py:137} INFO - [2023-08-04T16:18:17.745+0000] {dag.py:3437} INFO - Setting next_dagrun for transform_dag to None, run_after=None
[2023-08-04T16:18:17.795+0000] {processor.py:175} INFO - Processing /workspaces/hands-on-introduction-data-engineering-4395021/airflow/dags/transform_dag.py took 0.304 seconds
[2023-08-04T16:18:48.039+0000] {processor.py:153} INFO - Started process (PID=72434) to work on /workspaces/hands-on-introduction-data-engineering-4395021/airflow/dags/transform_dag.py
[2023-08-04T16:18:48.040+0000] {processor.py:743} INFO - Processing file /workspaces/hands-on-introduction-data-engineering-4395021/airflow/dags/transform_dag.py for tasks to queue
[2023-08-04T16:18:48.041+0000] {logging_mixin.py:137} INFO - [2023-08-04T16:18:48.041+0000] {dagbag.py:538} INFO - Filling up the DagBag from /workspaces/hands-on-introduction-data-engineering-4395021/airflow/dags/transform_dag.py
[2023-08-04T16:18:48.276+0000] {processor.py:753} INFO - DAG(s) dict_keys(['transform_dag']) retrieved from /workspaces/hands-on-introduction-data-engineering-4395021/airflow/dags/transform_dag.py
[2023-08-04T16:18:48.295+0000] {logging_mixin.py:137} INFO - [2023-08-04T16:18:48.295+0000] {dag.py:2690} INFO - Sync 1 DAGs
[2023-08-04T16:18:48.314+0000] {logging_mixin.py:137} INFO - [2023-08-04T16:18:48.314+0000] {dag.py:3437} INFO - Setting next_dagrun for transform_dag to None, run_after=None
[2023-08-04T16:18:48.368+0000] {processor.py:175} INFO - Processing /workspaces/hands-on-introduction-data-engineering-4395021/airflow/dags/transform_dag.py took 0.333 seconds
[2023-08-04T16:19:18.564+0000] {processor.py:153} INFO - Started process (PID=72599) to work on /workspaces/hands-on-introduction-data-engineering-4395021/airflow/dags/transform_dag.py
[2023-08-04T16:19:18.565+0000] {processor.py:743} INFO - Processing file /workspaces/hands-on-introduction-data-engineering-4395021/airflow/dags/transform_dag.py for tasks to queue
[2023-08-04T16:19:18.566+0000] {logging_mixin.py:137} INFO - [2023-08-04T16:19:18.566+0000] {dagbag.py:538} INFO - Filling up the DagBag from /workspaces/hands-on-introduction-data-engineering-4395021/airflow/dags/transform_dag.py
[2023-08-04T16:19:18.773+0000] {processor.py:753} INFO - DAG(s) dict_keys(['transform_dag']) retrieved from /workspaces/hands-on-introduction-data-engineering-4395021/airflow/dags/transform_dag.py
[2023-08-04T16:19:18.790+0000] {logging_mixin.py:137} INFO - [2023-08-04T16:19:18.790+0000] {dag.py:2690} INFO - Sync 1 DAGs
[2023-08-04T16:19:18.813+0000] {logging_mixin.py:137} INFO - [2023-08-04T16:19:18.813+0000] {dag.py:3437} INFO - Setting next_dagrun for transform_dag to None, run_after=None
[2023-08-04T16:19:18.863+0000] {processor.py:175} INFO - Processing /workspaces/hands-on-introduction-data-engineering-4395021/airflow/dags/transform_dag.py took 0.302 seconds
[2023-08-04T16:19:49.072+0000] {processor.py:153} INFO - Started process (PID=72769) to work on /workspaces/hands-on-introduction-data-engineering-4395021/airflow/dags/transform_dag.py
[2023-08-04T16:19:49.073+0000] {processor.py:743} INFO - Processing file /workspaces/hands-on-introduction-data-engineering-4395021/airflow/dags/transform_dag.py for tasks to queue
[2023-08-04T16:19:49.074+0000] {logging_mixin.py:137} INFO - [2023-08-04T16:19:49.073+0000] {dagbag.py:538} INFO - Filling up the DagBag from /workspaces/hands-on-introduction-data-engineering-4395021/airflow/dags/transform_dag.py
[2023-08-04T16:19:49.277+0000] {processor.py:753} INFO - DAG(s) dict_keys(['transform_dag']) retrieved from /workspaces/hands-on-introduction-data-engineering-4395021/airflow/dags/transform_dag.py
[2023-08-04T16:19:49.294+0000] {logging_mixin.py:137} INFO - [2023-08-04T16:19:49.294+0000] {dag.py:2690} INFO - Sync 1 DAGs
[2023-08-04T16:19:49.316+0000] {logging_mixin.py:137} INFO - [2023-08-04T16:19:49.316+0000] {dag.py:3437} INFO - Setting next_dagrun for transform_dag to None, run_after=None
[2023-08-04T16:19:49.371+0000] {processor.py:175} INFO - Processing /workspaces/hands-on-introduction-data-engineering-4395021/airflow/dags/transform_dag.py took 0.303 seconds
[2023-08-04T16:20:19.581+0000] {processor.py:153} INFO - Started process (PID=72941) to work on /workspaces/hands-on-introduction-data-engineering-4395021/airflow/dags/transform_dag.py
[2023-08-04T16:20:19.582+0000] {processor.py:743} INFO - Processing file /workspaces/hands-on-introduction-data-engineering-4395021/airflow/dags/transform_dag.py for tasks to queue
[2023-08-04T16:20:19.583+0000] {logging_mixin.py:137} INFO - [2023-08-04T16:20:19.583+0000] {dagbag.py:538} INFO - Filling up the DagBag from /workspaces/hands-on-introduction-data-engineering-4395021/airflow/dags/transform_dag.py
[2023-08-04T16:20:19.794+0000] {processor.py:753} INFO - DAG(s) dict_keys(['transform_dag']) retrieved from /workspaces/hands-on-introduction-data-engineering-4395021/airflow/dags/transform_dag.py
[2023-08-04T16:20:19.811+0000] {logging_mixin.py:137} INFO - [2023-08-04T16:20:19.811+0000] {dag.py:2690} INFO - Sync 1 DAGs
[2023-08-04T16:20:19.829+0000] {logging_mixin.py:137} INFO - [2023-08-04T16:20:19.829+0000] {dag.py:3437} INFO - Setting next_dagrun for transform_dag to None, run_after=None
[2023-08-04T16:20:19.877+0000] {processor.py:175} INFO - Processing /workspaces/hands-on-introduction-data-engineering-4395021/airflow/dags/transform_dag.py took 0.300 seconds
[2023-08-04T16:20:50.088+0000] {processor.py:153} INFO - Started process (PID=73103) to work on /workspaces/hands-on-introduction-data-engineering-4395021/airflow/dags/transform_dag.py
[2023-08-04T16:20:50.089+0000] {processor.py:743} INFO - Processing file /workspaces/hands-on-introduction-data-engineering-4395021/airflow/dags/transform_dag.py for tasks to queue
[2023-08-04T16:20:50.090+0000] {logging_mixin.py:137} INFO - [2023-08-04T16:20:50.090+0000] {dagbag.py:538} INFO - Filling up the DagBag from /workspaces/hands-on-introduction-data-engineering-4395021/airflow/dags/transform_dag.py
[2023-08-04T16:20:50.327+0000] {processor.py:753} INFO - DAG(s) dict_keys(['transform_dag']) retrieved from /workspaces/hands-on-introduction-data-engineering-4395021/airflow/dags/transform_dag.py
[2023-08-04T16:20:50.345+0000] {logging_mixin.py:137} INFO - [2023-08-04T16:20:50.345+0000] {dag.py:2690} INFO - Sync 1 DAGs
[2023-08-04T16:20:50.365+0000] {logging_mixin.py:137} INFO - [2023-08-04T16:20:50.365+0000] {dag.py:3437} INFO - Setting next_dagrun for transform_dag to None, run_after=None
[2023-08-04T16:20:50.415+0000] {processor.py:175} INFO - Processing /workspaces/hands-on-introduction-data-engineering-4395021/airflow/dags/transform_dag.py took 0.331 seconds
[2023-08-04T16:21:20.622+0000] {processor.py:153} INFO - Started process (PID=73275) to work on /workspaces/hands-on-introduction-data-engineering-4395021/airflow/dags/transform_dag.py
[2023-08-04T16:21:20.623+0000] {processor.py:743} INFO - Processing file /workspaces/hands-on-introduction-data-engineering-4395021/airflow/dags/transform_dag.py for tasks to queue
[2023-08-04T16:21:20.624+0000] {logging_mixin.py:137} INFO - [2023-08-04T16:21:20.623+0000] {dagbag.py:538} INFO - Filling up the DagBag from /workspaces/hands-on-introduction-data-engineering-4395021/airflow/dags/transform_dag.py
[2023-08-04T16:21:20.830+0000] {processor.py:753} INFO - DAG(s) dict_keys(['transform_dag']) retrieved from /workspaces/hands-on-introduction-data-engineering-4395021/airflow/dags/transform_dag.py
[2023-08-04T16:21:20.847+0000] {logging_mixin.py:137} INFO - [2023-08-04T16:21:20.847+0000] {dag.py:2690} INFO - Sync 1 DAGs
[2023-08-04T16:21:20.867+0000] {logging_mixin.py:137} INFO - [2023-08-04T16:21:20.866+0000] {dag.py:3437} INFO - Setting next_dagrun for transform_dag to None, run_after=None
[2023-08-04T16:21:20.915+0000] {processor.py:175} INFO - Processing /workspaces/hands-on-introduction-data-engineering-4395021/airflow/dags/transform_dag.py took 0.298 seconds
[2023-08-04T16:21:51.146+0000] {processor.py:153} INFO - Started process (PID=73485) to work on /workspaces/hands-on-introduction-data-engineering-4395021/airflow/dags/transform_dag.py
[2023-08-04T16:21:51.147+0000] {processor.py:743} INFO - Processing file /workspaces/hands-on-introduction-data-engineering-4395021/airflow/dags/transform_dag.py for tasks to queue
[2023-08-04T16:21:51.149+0000] {logging_mixin.py:137} INFO - [2023-08-04T16:21:51.149+0000] {dagbag.py:538} INFO - Filling up the DagBag from /workspaces/hands-on-introduction-data-engineering-4395021/airflow/dags/transform_dag.py
[2023-08-04T16:21:51.346+0000] {processor.py:753} INFO - DAG(s) dict_keys(['transform_dag']) retrieved from /workspaces/hands-on-introduction-data-engineering-4395021/airflow/dags/transform_dag.py
[2023-08-04T16:21:51.362+0000] {logging_mixin.py:137} INFO - [2023-08-04T16:21:51.362+0000] {dag.py:2690} INFO - Sync 1 DAGs
[2023-08-04T16:21:51.381+0000] {logging_mixin.py:137} INFO - [2023-08-04T16:21:51.381+0000] {dag.py:3437} INFO - Setting next_dagrun for transform_dag to None, run_after=None
[2023-08-04T16:21:51.445+0000] {processor.py:175} INFO - Processing /workspaces/hands-on-introduction-data-engineering-4395021/airflow/dags/transform_dag.py took 0.303 seconds
[2023-08-04T16:22:21.679+0000] {processor.py:153} INFO - Started process (PID=73660) to work on /workspaces/hands-on-introduction-data-engineering-4395021/airflow/dags/transform_dag.py
[2023-08-04T16:22:21.680+0000] {processor.py:743} INFO - Processing file /workspaces/hands-on-introduction-data-engineering-4395021/airflow/dags/transform_dag.py for tasks to queue
[2023-08-04T16:22:21.681+0000] {logging_mixin.py:137} INFO - [2023-08-04T16:22:21.681+0000] {dagbag.py:538} INFO - Filling up the DagBag from /workspaces/hands-on-introduction-data-engineering-4395021/airflow/dags/transform_dag.py
[2023-08-04T16:22:21.879+0000] {processor.py:753} INFO - DAG(s) dict_keys(['transform_dag']) retrieved from /workspaces/hands-on-introduction-data-engineering-4395021/airflow/dags/transform_dag.py
[2023-08-04T16:22:21.896+0000] {logging_mixin.py:137} INFO - [2023-08-04T16:22:21.896+0000] {dag.py:2690} INFO - Sync 1 DAGs
[2023-08-04T16:22:21.914+0000] {logging_mixin.py:137} INFO - [2023-08-04T16:22:21.914+0000] {dag.py:3437} INFO - Setting next_dagrun for transform_dag to None, run_after=None
[2023-08-04T16:22:21.964+0000] {processor.py:175} INFO - Processing /workspaces/hands-on-introduction-data-engineering-4395021/airflow/dags/transform_dag.py took 0.291 seconds
