[2023-08-04T03:00:43.733+0000] {processor.py:153} INFO - Started process (PID=23083) to work on /workspaces/hands-on-introduction-data-engineering-4395021/airflow/dags/two_task_dag.py
[2023-08-04T03:00:43.734+0000] {processor.py:743} INFO - Processing file /workspaces/hands-on-introduction-data-engineering-4395021/airflow/dags/two_task_dag.py for tasks to queue
[2023-08-04T03:00:43.735+0000] {logging_mixin.py:137} INFO - [2023-08-04T03:00:43.735+0000] {dagbag.py:538} INFO - Filling up the DagBag from /workspaces/hands-on-introduction-data-engineering-4395021/airflow/dags/two_task_dag.py
[2023-08-04T03:00:43.782+0000] {processor.py:753} INFO - DAG(s) dict_keys(['two_task_dag']) retrieved from /workspaces/hands-on-introduction-data-engineering-4395021/airflow/dags/two_task_dag.py
[2023-08-04T03:00:44.054+0000] {logging_mixin.py:137} INFO - [2023-08-04T03:00:44.054+0000] {manager.py:504} INFO - Created Permission View: can edit on DAG:two_task_dag
[2023-08-04T03:00:44.104+0000] {logging_mixin.py:137} INFO - [2023-08-04T03:00:44.103+0000] {manager.py:504} INFO - Created Permission View: can delete on DAG:two_task_dag
[2023-08-04T03:00:44.144+0000] {logging_mixin.py:137} INFO - [2023-08-04T03:00:44.144+0000] {manager.py:504} INFO - Created Permission View: can read on DAG:two_task_dag
[2023-08-04T03:00:44.145+0000] {logging_mixin.py:137} INFO - [2023-08-04T03:00:44.145+0000] {dag.py:2690} INFO - Sync 1 DAGs
[2023-08-04T03:00:44.164+0000] {logging_mixin.py:137} INFO - [2023-08-04T03:00:44.164+0000] {dag.py:2711} INFO - Creating ORM DAG for two_task_dag
[2023-08-04T03:00:44.186+0000] {logging_mixin.py:137} INFO - [2023-08-04T03:00:44.186+0000] {dag.py:3437} INFO - Setting next_dagrun for two_task_dag to None, run_after=None
[2023-08-04T03:00:44.264+0000] {processor.py:175} INFO - Processing /workspaces/hands-on-introduction-data-engineering-4395021/airflow/dags/two_task_dag.py took 0.535 seconds
[2023-08-04T03:01:14.487+0000] {processor.py:153} INFO - Started process (PID=23276) to work on /workspaces/hands-on-introduction-data-engineering-4395021/airflow/dags/two_task_dag.py
[2023-08-04T03:01:14.487+0000] {processor.py:743} INFO - Processing file /workspaces/hands-on-introduction-data-engineering-4395021/airflow/dags/two_task_dag.py for tasks to queue
[2023-08-04T03:01:14.488+0000] {logging_mixin.py:137} INFO - [2023-08-04T03:01:14.488+0000] {dagbag.py:538} INFO - Filling up the DagBag from /workspaces/hands-on-introduction-data-engineering-4395021/airflow/dags/two_task_dag.py
[2023-08-04T03:01:14.502+0000] {processor.py:753} INFO - DAG(s) dict_keys(['two_task_dag']) retrieved from /workspaces/hands-on-introduction-data-engineering-4395021/airflow/dags/two_task_dag.py
[2023-08-04T03:01:14.519+0000] {logging_mixin.py:137} INFO - [2023-08-04T03:01:14.518+0000] {dag.py:2690} INFO - Sync 1 DAGs
[2023-08-04T03:01:14.538+0000] {logging_mixin.py:137} INFO - [2023-08-04T03:01:14.537+0000] {dag.py:3437} INFO - Setting next_dagrun for two_task_dag to None, run_after=None
[2023-08-04T03:01:14.585+0000] {processor.py:175} INFO - Processing /workspaces/hands-on-introduction-data-engineering-4395021/airflow/dags/two_task_dag.py took 0.103 seconds
[2023-08-04T03:01:44.783+0000] {processor.py:153} INFO - Started process (PID=23475) to work on /workspaces/hands-on-introduction-data-engineering-4395021/airflow/dags/two_task_dag.py
[2023-08-04T03:01:44.784+0000] {processor.py:743} INFO - Processing file /workspaces/hands-on-introduction-data-engineering-4395021/airflow/dags/two_task_dag.py for tasks to queue
[2023-08-04T03:01:44.784+0000] {logging_mixin.py:137} INFO - [2023-08-04T03:01:44.784+0000] {dagbag.py:538} INFO - Filling up the DagBag from /workspaces/hands-on-introduction-data-engineering-4395021/airflow/dags/two_task_dag.py
[2023-08-04T03:01:44.798+0000] {processor.py:753} INFO - DAG(s) dict_keys(['two_task_dag']) retrieved from /workspaces/hands-on-introduction-data-engineering-4395021/airflow/dags/two_task_dag.py
[2023-08-04T03:01:44.814+0000] {logging_mixin.py:137} INFO - [2023-08-04T03:01:44.814+0000] {dag.py:2690} INFO - Sync 1 DAGs
[2023-08-04T03:01:44.832+0000] {logging_mixin.py:137} INFO - [2023-08-04T03:01:44.832+0000] {dag.py:3437} INFO - Setting next_dagrun for two_task_dag to None, run_after=None
[2023-08-04T03:01:44.880+0000] {processor.py:175} INFO - Processing /workspaces/hands-on-introduction-data-engineering-4395021/airflow/dags/two_task_dag.py took 0.100 seconds
[2023-08-04T03:02:15.078+0000] {processor.py:153} INFO - Started process (PID=23671) to work on /workspaces/hands-on-introduction-data-engineering-4395021/airflow/dags/two_task_dag.py
[2023-08-04T03:02:15.079+0000] {processor.py:743} INFO - Processing file /workspaces/hands-on-introduction-data-engineering-4395021/airflow/dags/two_task_dag.py for tasks to queue
[2023-08-04T03:02:15.079+0000] {logging_mixin.py:137} INFO - [2023-08-04T03:02:15.079+0000] {dagbag.py:538} INFO - Filling up the DagBag from /workspaces/hands-on-introduction-data-engineering-4395021/airflow/dags/two_task_dag.py
[2023-08-04T03:02:15.093+0000] {processor.py:753} INFO - DAG(s) dict_keys(['two_task_dag']) retrieved from /workspaces/hands-on-introduction-data-engineering-4395021/airflow/dags/two_task_dag.py
[2023-08-04T03:02:15.109+0000] {logging_mixin.py:137} INFO - [2023-08-04T03:02:15.109+0000] {dag.py:2690} INFO - Sync 1 DAGs
[2023-08-04T03:02:15.128+0000] {logging_mixin.py:137} INFO - [2023-08-04T03:02:15.128+0000] {dag.py:3437} INFO - Setting next_dagrun for two_task_dag to None, run_after=None
[2023-08-04T03:02:15.174+0000] {processor.py:175} INFO - Processing /workspaces/hands-on-introduction-data-engineering-4395021/airflow/dags/two_task_dag.py took 0.099 seconds
[2023-08-04T03:02:45.408+0000] {processor.py:153} INFO - Started process (PID=23865) to work on /workspaces/hands-on-introduction-data-engineering-4395021/airflow/dags/two_task_dag.py
[2023-08-04T03:02:45.408+0000] {processor.py:743} INFO - Processing file /workspaces/hands-on-introduction-data-engineering-4395021/airflow/dags/two_task_dag.py for tasks to queue
[2023-08-04T03:02:45.409+0000] {logging_mixin.py:137} INFO - [2023-08-04T03:02:45.409+0000] {dagbag.py:538} INFO - Filling up the DagBag from /workspaces/hands-on-introduction-data-engineering-4395021/airflow/dags/two_task_dag.py
[2023-08-04T03:02:45.423+0000] {processor.py:753} INFO - DAG(s) dict_keys(['two_task_dag']) retrieved from /workspaces/hands-on-introduction-data-engineering-4395021/airflow/dags/two_task_dag.py
[2023-08-04T03:02:45.439+0000] {logging_mixin.py:137} INFO - [2023-08-04T03:02:45.438+0000] {dag.py:2690} INFO - Sync 1 DAGs
[2023-08-04T03:02:45.457+0000] {logging_mixin.py:137} INFO - [2023-08-04T03:02:45.457+0000] {dag.py:3437} INFO - Setting next_dagrun for two_task_dag to None, run_after=None
[2023-08-04T03:02:45.505+0000] {processor.py:175} INFO - Processing /workspaces/hands-on-introduction-data-engineering-4395021/airflow/dags/two_task_dag.py took 0.100 seconds
[2023-08-04T03:03:15.730+0000] {processor.py:153} INFO - Started process (PID=24068) to work on /workspaces/hands-on-introduction-data-engineering-4395021/airflow/dags/two_task_dag.py
[2023-08-04T03:03:15.731+0000] {processor.py:743} INFO - Processing file /workspaces/hands-on-introduction-data-engineering-4395021/airflow/dags/two_task_dag.py for tasks to queue
[2023-08-04T03:03:15.732+0000] {logging_mixin.py:137} INFO - [2023-08-04T03:03:15.732+0000] {dagbag.py:538} INFO - Filling up the DagBag from /workspaces/hands-on-introduction-data-engineering-4395021/airflow/dags/two_task_dag.py
[2023-08-04T03:03:15.746+0000] {processor.py:753} INFO - DAG(s) dict_keys(['two_task_dag']) retrieved from /workspaces/hands-on-introduction-data-engineering-4395021/airflow/dags/two_task_dag.py
[2023-08-04T03:03:15.763+0000] {logging_mixin.py:137} INFO - [2023-08-04T03:03:15.762+0000] {dag.py:2690} INFO - Sync 1 DAGs
[2023-08-04T03:03:15.781+0000] {logging_mixin.py:137} INFO - [2023-08-04T03:03:15.780+0000] {dag.py:3437} INFO - Setting next_dagrun for two_task_dag to None, run_after=None
[2023-08-04T03:03:15.826+0000] {processor.py:175} INFO - Processing /workspaces/hands-on-introduction-data-engineering-4395021/airflow/dags/two_task_dag.py took 0.099 seconds
[2023-08-04T03:03:46.054+0000] {processor.py:153} INFO - Started process (PID=24263) to work on /workspaces/hands-on-introduction-data-engineering-4395021/airflow/dags/two_task_dag.py
[2023-08-04T03:03:46.054+0000] {processor.py:743} INFO - Processing file /workspaces/hands-on-introduction-data-engineering-4395021/airflow/dags/two_task_dag.py for tasks to queue
[2023-08-04T03:03:46.055+0000] {logging_mixin.py:137} INFO - [2023-08-04T03:03:46.055+0000] {dagbag.py:538} INFO - Filling up the DagBag from /workspaces/hands-on-introduction-data-engineering-4395021/airflow/dags/two_task_dag.py
[2023-08-04T03:03:46.072+0000] {processor.py:753} INFO - DAG(s) dict_keys(['two_task_dag']) retrieved from /workspaces/hands-on-introduction-data-engineering-4395021/airflow/dags/two_task_dag.py
[2023-08-04T03:03:46.088+0000] {logging_mixin.py:137} INFO - [2023-08-04T03:03:46.088+0000] {dag.py:2690} INFO - Sync 1 DAGs
[2023-08-04T03:03:46.108+0000] {logging_mixin.py:137} INFO - [2023-08-04T03:03:46.108+0000] {dag.py:3437} INFO - Setting next_dagrun for two_task_dag to None, run_after=None
[2023-08-04T03:03:46.158+0000] {processor.py:175} INFO - Processing /workspaces/hands-on-introduction-data-engineering-4395021/airflow/dags/two_task_dag.py took 0.107 seconds
[2023-08-04T03:04:16.362+0000] {processor.py:153} INFO - Started process (PID=24606) to work on /workspaces/hands-on-introduction-data-engineering-4395021/airflow/dags/two_task_dag.py
[2023-08-04T03:04:16.363+0000] {processor.py:743} INFO - Processing file /workspaces/hands-on-introduction-data-engineering-4395021/airflow/dags/two_task_dag.py for tasks to queue
[2023-08-04T03:04:16.364+0000] {logging_mixin.py:137} INFO - [2023-08-04T03:04:16.364+0000] {dagbag.py:538} INFO - Filling up the DagBag from /workspaces/hands-on-introduction-data-engineering-4395021/airflow/dags/two_task_dag.py
[2023-08-04T03:04:16.378+0000] {processor.py:753} INFO - DAG(s) dict_keys(['two_task_dag']) retrieved from /workspaces/hands-on-introduction-data-engineering-4395021/airflow/dags/two_task_dag.py
[2023-08-04T03:04:16.394+0000] {logging_mixin.py:137} INFO - [2023-08-04T03:04:16.394+0000] {dag.py:2690} INFO - Sync 1 DAGs
[2023-08-04T03:04:16.412+0000] {logging_mixin.py:137} INFO - [2023-08-04T03:04:16.412+0000] {dag.py:3437} INFO - Setting next_dagrun for two_task_dag to None, run_after=None
[2023-08-04T03:04:16.462+0000] {processor.py:175} INFO - Processing /workspaces/hands-on-introduction-data-engineering-4395021/airflow/dags/two_task_dag.py took 0.102 seconds
[2023-08-04T03:04:46.674+0000] {processor.py:153} INFO - Started process (PID=24951) to work on /workspaces/hands-on-introduction-data-engineering-4395021/airflow/dags/two_task_dag.py
[2023-08-04T03:04:46.675+0000] {processor.py:743} INFO - Processing file /workspaces/hands-on-introduction-data-engineering-4395021/airflow/dags/two_task_dag.py for tasks to queue
[2023-08-04T03:04:46.676+0000] {logging_mixin.py:137} INFO - [2023-08-04T03:04:46.675+0000] {dagbag.py:538} INFO - Filling up the DagBag from /workspaces/hands-on-introduction-data-engineering-4395021/airflow/dags/two_task_dag.py
[2023-08-04T03:04:46.689+0000] {processor.py:753} INFO - DAG(s) dict_keys(['two_task_dag']) retrieved from /workspaces/hands-on-introduction-data-engineering-4395021/airflow/dags/two_task_dag.py
[2023-08-04T03:04:46.705+0000] {logging_mixin.py:137} INFO - [2023-08-04T03:04:46.705+0000] {dag.py:2690} INFO - Sync 1 DAGs
[2023-08-04T03:04:46.724+0000] {logging_mixin.py:137} INFO - [2023-08-04T03:04:46.724+0000] {dag.py:3437} INFO - Setting next_dagrun for two_task_dag to None, run_after=None
[2023-08-04T03:04:46.769+0000] {processor.py:175} INFO - Processing /workspaces/hands-on-introduction-data-engineering-4395021/airflow/dags/two_task_dag.py took 0.098 seconds
[2023-08-04T03:05:17.002+0000] {processor.py:153} INFO - Started process (PID=25206) to work on /workspaces/hands-on-introduction-data-engineering-4395021/airflow/dags/two_task_dag.py
[2023-08-04T03:05:17.004+0000] {processor.py:743} INFO - Processing file /workspaces/hands-on-introduction-data-engineering-4395021/airflow/dags/two_task_dag.py for tasks to queue
[2023-08-04T03:05:17.005+0000] {logging_mixin.py:137} INFO - [2023-08-04T03:05:17.004+0000] {dagbag.py:538} INFO - Filling up the DagBag from /workspaces/hands-on-introduction-data-engineering-4395021/airflow/dags/two_task_dag.py
[2023-08-04T03:05:17.029+0000] {processor.py:753} INFO - DAG(s) dict_keys(['two_task_dag']) retrieved from /workspaces/hands-on-introduction-data-engineering-4395021/airflow/dags/two_task_dag.py
[2023-08-04T03:05:17.051+0000] {logging_mixin.py:137} INFO - [2023-08-04T03:05:17.051+0000] {dag.py:2690} INFO - Sync 1 DAGs
[2023-08-04T03:05:17.088+0000] {logging_mixin.py:137} INFO - [2023-08-04T03:05:17.088+0000] {dag.py:3437} INFO - Setting next_dagrun for two_task_dag to None, run_after=None
[2023-08-04T03:05:17.141+0000] {processor.py:175} INFO - Processing /workspaces/hands-on-introduction-data-engineering-4395021/airflow/dags/two_task_dag.py took 0.144 seconds
[2023-08-04T03:05:47.347+0000] {processor.py:153} INFO - Started process (PID=25496) to work on /workspaces/hands-on-introduction-data-engineering-4395021/airflow/dags/two_task_dag.py
[2023-08-04T03:05:47.347+0000] {processor.py:743} INFO - Processing file /workspaces/hands-on-introduction-data-engineering-4395021/airflow/dags/two_task_dag.py for tasks to queue
[2023-08-04T03:05:47.348+0000] {logging_mixin.py:137} INFO - [2023-08-04T03:05:47.348+0000] {dagbag.py:538} INFO - Filling up the DagBag from /workspaces/hands-on-introduction-data-engineering-4395021/airflow/dags/two_task_dag.py
[2023-08-04T03:05:47.362+0000] {processor.py:753} INFO - DAG(s) dict_keys(['two_task_dag']) retrieved from /workspaces/hands-on-introduction-data-engineering-4395021/airflow/dags/two_task_dag.py
[2023-08-04T03:05:47.378+0000] {logging_mixin.py:137} INFO - [2023-08-04T03:05:47.378+0000] {dag.py:2690} INFO - Sync 1 DAGs
[2023-08-04T03:05:47.396+0000] {logging_mixin.py:137} INFO - [2023-08-04T03:05:47.396+0000] {dag.py:3437} INFO - Setting next_dagrun for two_task_dag to None, run_after=None
[2023-08-04T03:05:47.445+0000] {processor.py:175} INFO - Processing /workspaces/hands-on-introduction-data-engineering-4395021/airflow/dags/two_task_dag.py took 0.101 seconds
[2023-08-04T03:06:17.651+0000] {processor.py:153} INFO - Started process (PID=25698) to work on /workspaces/hands-on-introduction-data-engineering-4395021/airflow/dags/two_task_dag.py
[2023-08-04T03:06:17.652+0000] {processor.py:743} INFO - Processing file /workspaces/hands-on-introduction-data-engineering-4395021/airflow/dags/two_task_dag.py for tasks to queue
[2023-08-04T03:06:17.653+0000] {logging_mixin.py:137} INFO - [2023-08-04T03:06:17.653+0000] {dagbag.py:538} INFO - Filling up the DagBag from /workspaces/hands-on-introduction-data-engineering-4395021/airflow/dags/two_task_dag.py
[2023-08-04T03:06:17.668+0000] {processor.py:753} INFO - DAG(s) dict_keys(['two_task_dag']) retrieved from /workspaces/hands-on-introduction-data-engineering-4395021/airflow/dags/two_task_dag.py
[2023-08-04T03:06:17.684+0000] {logging_mixin.py:137} INFO - [2023-08-04T03:06:17.684+0000] {dag.py:2690} INFO - Sync 1 DAGs
[2023-08-04T03:06:17.702+0000] {logging_mixin.py:137} INFO - [2023-08-04T03:06:17.702+0000] {dag.py:3437} INFO - Setting next_dagrun for two_task_dag to None, run_after=None
[2023-08-04T03:06:17.750+0000] {processor.py:175} INFO - Processing /workspaces/hands-on-introduction-data-engineering-4395021/airflow/dags/two_task_dag.py took 0.101 seconds
[2023-08-04T03:06:48.023+0000] {processor.py:153} INFO - Started process (PID=25885) to work on /workspaces/hands-on-introduction-data-engineering-4395021/airflow/dags/two_task_dag.py
[2023-08-04T03:06:48.024+0000] {processor.py:743} INFO - Processing file /workspaces/hands-on-introduction-data-engineering-4395021/airflow/dags/two_task_dag.py for tasks to queue
[2023-08-04T03:06:48.024+0000] {logging_mixin.py:137} INFO - [2023-08-04T03:06:48.024+0000] {dagbag.py:538} INFO - Filling up the DagBag from /workspaces/hands-on-introduction-data-engineering-4395021/airflow/dags/two_task_dag.py
[2023-08-04T03:06:48.040+0000] {processor.py:753} INFO - DAG(s) dict_keys(['two_task_dag']) retrieved from /workspaces/hands-on-introduction-data-engineering-4395021/airflow/dags/two_task_dag.py
[2023-08-04T03:06:48.056+0000] {logging_mixin.py:137} INFO - [2023-08-04T03:06:48.056+0000] {dag.py:2690} INFO - Sync 1 DAGs
[2023-08-04T03:06:48.074+0000] {logging_mixin.py:137} INFO - [2023-08-04T03:06:48.074+0000] {dag.py:3437} INFO - Setting next_dagrun for two_task_dag to None, run_after=None
[2023-08-04T03:06:48.123+0000] {processor.py:175} INFO - Processing /workspaces/hands-on-introduction-data-engineering-4395021/airflow/dags/two_task_dag.py took 0.103 seconds
[2023-08-04T03:07:18.335+0000] {processor.py:153} INFO - Started process (PID=26061) to work on /workspaces/hands-on-introduction-data-engineering-4395021/airflow/dags/two_task_dag.py
[2023-08-04T03:07:18.336+0000] {processor.py:743} INFO - Processing file /workspaces/hands-on-introduction-data-engineering-4395021/airflow/dags/two_task_dag.py for tasks to queue
[2023-08-04T03:07:18.337+0000] {logging_mixin.py:137} INFO - [2023-08-04T03:07:18.337+0000] {dagbag.py:538} INFO - Filling up the DagBag from /workspaces/hands-on-introduction-data-engineering-4395021/airflow/dags/two_task_dag.py
[2023-08-04T03:07:18.352+0000] {processor.py:753} INFO - DAG(s) dict_keys(['two_task_dag']) retrieved from /workspaces/hands-on-introduction-data-engineering-4395021/airflow/dags/two_task_dag.py
[2023-08-04T03:07:18.368+0000] {logging_mixin.py:137} INFO - [2023-08-04T03:07:18.368+0000] {dag.py:2690} INFO - Sync 1 DAGs
[2023-08-04T03:07:18.386+0000] {logging_mixin.py:137} INFO - [2023-08-04T03:07:18.386+0000] {dag.py:3437} INFO - Setting next_dagrun for two_task_dag to None, run_after=None
[2023-08-04T03:07:18.432+0000] {processor.py:175} INFO - Processing /workspaces/hands-on-introduction-data-engineering-4395021/airflow/dags/two_task_dag.py took 0.101 seconds
[2023-08-04T03:07:48.541+0000] {processor.py:153} INFO - Started process (PID=26244) to work on /workspaces/hands-on-introduction-data-engineering-4395021/airflow/dags/two_task_dag.py
[2023-08-04T03:07:48.542+0000] {processor.py:743} INFO - Processing file /workspaces/hands-on-introduction-data-engineering-4395021/airflow/dags/two_task_dag.py for tasks to queue
[2023-08-04T03:07:48.542+0000] {logging_mixin.py:137} INFO - [2023-08-04T03:07:48.542+0000] {dagbag.py:538} INFO - Filling up the DagBag from /workspaces/hands-on-introduction-data-engineering-4395021/airflow/dags/two_task_dag.py
[2023-08-04T03:07:48.559+0000] {processor.py:753} INFO - DAG(s) dict_keys(['two_task_dag']) retrieved from /workspaces/hands-on-introduction-data-engineering-4395021/airflow/dags/two_task_dag.py
[2023-08-04T03:07:48.586+0000] {logging_mixin.py:137} INFO - [2023-08-04T03:07:48.585+0000] {dag.py:2690} INFO - Sync 1 DAGs
[2023-08-04T03:07:48.606+0000] {logging_mixin.py:137} INFO - [2023-08-04T03:07:48.605+0000] {dag.py:3437} INFO - Setting next_dagrun for two_task_dag to None, run_after=None
[2023-08-04T03:07:48.654+0000] {processor.py:175} INFO - Processing /workspaces/hands-on-introduction-data-engineering-4395021/airflow/dags/two_task_dag.py took 0.116 seconds
[2023-08-04T03:08:19.166+0000] {processor.py:153} INFO - Started process (PID=26418) to work on /workspaces/hands-on-introduction-data-engineering-4395021/airflow/dags/two_task_dag.py
[2023-08-04T03:08:19.167+0000] {processor.py:743} INFO - Processing file /workspaces/hands-on-introduction-data-engineering-4395021/airflow/dags/two_task_dag.py for tasks to queue
[2023-08-04T03:08:19.168+0000] {logging_mixin.py:137} INFO - [2023-08-04T03:08:19.168+0000] {dagbag.py:538} INFO - Filling up the DagBag from /workspaces/hands-on-introduction-data-engineering-4395021/airflow/dags/two_task_dag.py
[2023-08-04T03:08:19.181+0000] {processor.py:753} INFO - DAG(s) dict_keys(['two_task_dag']) retrieved from /workspaces/hands-on-introduction-data-engineering-4395021/airflow/dags/two_task_dag.py
[2023-08-04T03:08:19.197+0000] {logging_mixin.py:137} INFO - [2023-08-04T03:08:19.197+0000] {dag.py:2690} INFO - Sync 1 DAGs
[2023-08-04T03:08:19.215+0000] {logging_mixin.py:137} INFO - [2023-08-04T03:08:19.215+0000] {dag.py:3437} INFO - Setting next_dagrun for two_task_dag to None, run_after=None
[2023-08-04T03:08:19.263+0000] {processor.py:175} INFO - Processing /workspaces/hands-on-introduction-data-engineering-4395021/airflow/dags/two_task_dag.py took 0.099 seconds
[2023-08-04T03:08:49.434+0000] {processor.py:153} INFO - Started process (PID=26604) to work on /workspaces/hands-on-introduction-data-engineering-4395021/airflow/dags/two_task_dag.py
[2023-08-04T03:08:49.435+0000] {processor.py:743} INFO - Processing file /workspaces/hands-on-introduction-data-engineering-4395021/airflow/dags/two_task_dag.py for tasks to queue
[2023-08-04T03:08:49.436+0000] {logging_mixin.py:137} INFO - [2023-08-04T03:08:49.436+0000] {dagbag.py:538} INFO - Filling up the DagBag from /workspaces/hands-on-introduction-data-engineering-4395021/airflow/dags/two_task_dag.py
[2023-08-04T03:08:49.451+0000] {processor.py:753} INFO - DAG(s) dict_keys(['two_task_dag']) retrieved from /workspaces/hands-on-introduction-data-engineering-4395021/airflow/dags/two_task_dag.py
[2023-08-04T03:08:49.478+0000] {logging_mixin.py:137} INFO - [2023-08-04T03:08:49.478+0000] {dag.py:2690} INFO - Sync 1 DAGs
[2023-08-04T03:08:49.495+0000] {logging_mixin.py:137} INFO - [2023-08-04T03:08:49.495+0000] {dag.py:3437} INFO - Setting next_dagrun for two_task_dag to None, run_after=None
[2023-08-04T03:08:49.543+0000] {processor.py:175} INFO - Processing /workspaces/hands-on-introduction-data-engineering-4395021/airflow/dags/two_task_dag.py took 0.112 seconds
[2023-08-04T03:09:19.765+0000] {processor.py:153} INFO - Started process (PID=26789) to work on /workspaces/hands-on-introduction-data-engineering-4395021/airflow/dags/two_task_dag.py
[2023-08-04T03:09:19.766+0000] {processor.py:743} INFO - Processing file /workspaces/hands-on-introduction-data-engineering-4395021/airflow/dags/two_task_dag.py for tasks to queue
[2023-08-04T03:09:19.767+0000] {logging_mixin.py:137} INFO - [2023-08-04T03:09:19.766+0000] {dagbag.py:538} INFO - Filling up the DagBag from /workspaces/hands-on-introduction-data-engineering-4395021/airflow/dags/two_task_dag.py
[2023-08-04T03:09:19.780+0000] {processor.py:753} INFO - DAG(s) dict_keys(['two_task_dag']) retrieved from /workspaces/hands-on-introduction-data-engineering-4395021/airflow/dags/two_task_dag.py
[2023-08-04T03:09:19.797+0000] {logging_mixin.py:137} INFO - [2023-08-04T03:09:19.796+0000] {dag.py:2690} INFO - Sync 1 DAGs
[2023-08-04T03:09:19.814+0000] {logging_mixin.py:137} INFO - [2023-08-04T03:09:19.814+0000] {dag.py:3437} INFO - Setting next_dagrun for two_task_dag to None, run_after=None
[2023-08-04T03:09:19.863+0000] {processor.py:175} INFO - Processing /workspaces/hands-on-introduction-data-engineering-4395021/airflow/dags/two_task_dag.py took 0.100 seconds
[2023-08-04T03:09:50.043+0000] {processor.py:153} INFO - Started process (PID=26970) to work on /workspaces/hands-on-introduction-data-engineering-4395021/airflow/dags/two_task_dag.py
[2023-08-04T03:09:50.044+0000] {processor.py:743} INFO - Processing file /workspaces/hands-on-introduction-data-engineering-4395021/airflow/dags/two_task_dag.py for tasks to queue
[2023-08-04T03:09:50.045+0000] {logging_mixin.py:137} INFO - [2023-08-04T03:09:50.044+0000] {dagbag.py:538} INFO - Filling up the DagBag from /workspaces/hands-on-introduction-data-engineering-4395021/airflow/dags/two_task_dag.py
[2023-08-04T03:09:50.059+0000] {processor.py:753} INFO - DAG(s) dict_keys(['two_task_dag']) retrieved from /workspaces/hands-on-introduction-data-engineering-4395021/airflow/dags/two_task_dag.py
[2023-08-04T03:09:50.075+0000] {logging_mixin.py:137} INFO - [2023-08-04T03:09:50.075+0000] {dag.py:2690} INFO - Sync 1 DAGs
[2023-08-04T03:09:50.092+0000] {logging_mixin.py:137} INFO - [2023-08-04T03:09:50.092+0000] {dag.py:3437} INFO - Setting next_dagrun for two_task_dag to None, run_after=None
[2023-08-04T03:09:50.141+0000] {processor.py:175} INFO - Processing /workspaces/hands-on-introduction-data-engineering-4395021/airflow/dags/two_task_dag.py took 0.101 seconds
[2023-08-04T03:10:20.312+0000] {processor.py:153} INFO - Started process (PID=27147) to work on /workspaces/hands-on-introduction-data-engineering-4395021/airflow/dags/two_task_dag.py
[2023-08-04T03:10:20.312+0000] {processor.py:743} INFO - Processing file /workspaces/hands-on-introduction-data-engineering-4395021/airflow/dags/two_task_dag.py for tasks to queue
[2023-08-04T03:10:20.313+0000] {logging_mixin.py:137} INFO - [2023-08-04T03:10:20.313+0000] {dagbag.py:538} INFO - Filling up the DagBag from /workspaces/hands-on-introduction-data-engineering-4395021/airflow/dags/two_task_dag.py
[2023-08-04T03:10:20.328+0000] {processor.py:753} INFO - DAG(s) dict_keys(['two_task_dag']) retrieved from /workspaces/hands-on-introduction-data-engineering-4395021/airflow/dags/two_task_dag.py
[2023-08-04T03:10:20.345+0000] {logging_mixin.py:137} INFO - [2023-08-04T03:10:20.345+0000] {dag.py:2690} INFO - Sync 1 DAGs
[2023-08-04T03:10:20.363+0000] {logging_mixin.py:137} INFO - [2023-08-04T03:10:20.363+0000] {dag.py:3437} INFO - Setting next_dagrun for two_task_dag to None, run_after=None
[2023-08-04T03:10:20.409+0000] {processor.py:175} INFO - Processing /workspaces/hands-on-introduction-data-engineering-4395021/airflow/dags/two_task_dag.py took 0.101 seconds
[2023-08-04T03:10:50.610+0000] {processor.py:153} INFO - Started process (PID=27323) to work on /workspaces/hands-on-introduction-data-engineering-4395021/airflow/dags/two_task_dag.py
[2023-08-04T03:10:50.611+0000] {processor.py:743} INFO - Processing file /workspaces/hands-on-introduction-data-engineering-4395021/airflow/dags/two_task_dag.py for tasks to queue
[2023-08-04T03:10:50.612+0000] {logging_mixin.py:137} INFO - [2023-08-04T03:10:50.611+0000] {dagbag.py:538} INFO - Filling up the DagBag from /workspaces/hands-on-introduction-data-engineering-4395021/airflow/dags/two_task_dag.py
[2023-08-04T03:10:50.627+0000] {processor.py:753} INFO - DAG(s) dict_keys(['two_task_dag']) retrieved from /workspaces/hands-on-introduction-data-engineering-4395021/airflow/dags/two_task_dag.py
[2023-08-04T03:10:50.663+0000] {logging_mixin.py:137} INFO - [2023-08-04T03:10:50.662+0000] {dag.py:2690} INFO - Sync 1 DAGs
[2023-08-04T03:10:50.681+0000] {logging_mixin.py:137} INFO - [2023-08-04T03:10:50.681+0000] {dag.py:3437} INFO - Setting next_dagrun for two_task_dag to None, run_after=None
[2023-08-04T03:10:50.728+0000] {processor.py:175} INFO - Processing /workspaces/hands-on-introduction-data-engineering-4395021/airflow/dags/two_task_dag.py took 0.122 seconds
[2023-08-04T03:11:20.872+0000] {processor.py:153} INFO - Started process (PID=27527) to work on /workspaces/hands-on-introduction-data-engineering-4395021/airflow/dags/two_task_dag.py
[2023-08-04T03:11:20.873+0000] {processor.py:743} INFO - Processing file /workspaces/hands-on-introduction-data-engineering-4395021/airflow/dags/two_task_dag.py for tasks to queue
[2023-08-04T03:11:20.873+0000] {logging_mixin.py:137} INFO - [2023-08-04T03:11:20.873+0000] {dagbag.py:538} INFO - Filling up the DagBag from /workspaces/hands-on-introduction-data-engineering-4395021/airflow/dags/two_task_dag.py
[2023-08-04T03:11:20.887+0000] {processor.py:753} INFO - DAG(s) dict_keys(['two_task_dag']) retrieved from /workspaces/hands-on-introduction-data-engineering-4395021/airflow/dags/two_task_dag.py
[2023-08-04T03:11:20.905+0000] {logging_mixin.py:137} INFO - [2023-08-04T03:11:20.904+0000] {dag.py:2690} INFO - Sync 1 DAGs
[2023-08-04T03:11:20.927+0000] {logging_mixin.py:137} INFO - [2023-08-04T03:11:20.927+0000] {dag.py:3437} INFO - Setting next_dagrun for two_task_dag to None, run_after=None
[2023-08-04T03:11:20.974+0000] {processor.py:175} INFO - Processing /workspaces/hands-on-introduction-data-engineering-4395021/airflow/dags/two_task_dag.py took 0.105 seconds
[2023-08-04T03:11:51.157+0000] {processor.py:153} INFO - Started process (PID=27724) to work on /workspaces/hands-on-introduction-data-engineering-4395021/airflow/dags/two_task_dag.py
[2023-08-04T03:11:51.158+0000] {processor.py:743} INFO - Processing file /workspaces/hands-on-introduction-data-engineering-4395021/airflow/dags/two_task_dag.py for tasks to queue
[2023-08-04T03:11:51.159+0000] {logging_mixin.py:137} INFO - [2023-08-04T03:11:51.158+0000] {dagbag.py:538} INFO - Filling up the DagBag from /workspaces/hands-on-introduction-data-engineering-4395021/airflow/dags/two_task_dag.py
[2023-08-04T03:11:51.174+0000] {processor.py:753} INFO - DAG(s) dict_keys(['two_task_dag']) retrieved from /workspaces/hands-on-introduction-data-engineering-4395021/airflow/dags/two_task_dag.py
[2023-08-04T03:11:51.194+0000] {logging_mixin.py:137} INFO - [2023-08-04T03:11:51.193+0000] {dag.py:2690} INFO - Sync 1 DAGs
[2023-08-04T03:11:51.213+0000] {logging_mixin.py:137} INFO - [2023-08-04T03:11:51.213+0000] {dag.py:3437} INFO - Setting next_dagrun for two_task_dag to None, run_after=None
[2023-08-04T03:11:51.268+0000] {processor.py:175} INFO - Processing /workspaces/hands-on-introduction-data-engineering-4395021/airflow/dags/two_task_dag.py took 0.114 seconds
[2023-08-04T03:12:21.440+0000] {processor.py:153} INFO - Started process (PID=27929) to work on /workspaces/hands-on-introduction-data-engineering-4395021/airflow/dags/two_task_dag.py
[2023-08-04T03:12:21.441+0000] {processor.py:743} INFO - Processing file /workspaces/hands-on-introduction-data-engineering-4395021/airflow/dags/two_task_dag.py for tasks to queue
[2023-08-04T03:12:21.442+0000] {logging_mixin.py:137} INFO - [2023-08-04T03:12:21.442+0000] {dagbag.py:538} INFO - Filling up the DagBag from /workspaces/hands-on-introduction-data-engineering-4395021/airflow/dags/two_task_dag.py
[2023-08-04T03:12:21.464+0000] {processor.py:753} INFO - DAG(s) dict_keys(['two_task_dag']) retrieved from /workspaces/hands-on-introduction-data-engineering-4395021/airflow/dags/two_task_dag.py
[2023-08-04T03:12:21.486+0000] {logging_mixin.py:137} INFO - [2023-08-04T03:12:21.486+0000] {dag.py:2690} INFO - Sync 1 DAGs
[2023-08-04T03:12:21.510+0000] {logging_mixin.py:137} INFO - [2023-08-04T03:12:21.510+0000] {dag.py:3437} INFO - Setting next_dagrun for two_task_dag to None, run_after=None
[2023-08-04T03:12:21.554+0000] {processor.py:175} INFO - Processing /workspaces/hands-on-introduction-data-engineering-4395021/airflow/dags/two_task_dag.py took 0.119 seconds
[2023-08-04T03:12:51.712+0000] {processor.py:153} INFO - Started process (PID=28132) to work on /workspaces/hands-on-introduction-data-engineering-4395021/airflow/dags/two_task_dag.py
[2023-08-04T03:12:51.713+0000] {processor.py:743} INFO - Processing file /workspaces/hands-on-introduction-data-engineering-4395021/airflow/dags/two_task_dag.py for tasks to queue
[2023-08-04T03:12:51.714+0000] {logging_mixin.py:137} INFO - [2023-08-04T03:12:51.714+0000] {dagbag.py:538} INFO - Filling up the DagBag from /workspaces/hands-on-introduction-data-engineering-4395021/airflow/dags/two_task_dag.py
[2023-08-04T03:12:51.732+0000] {processor.py:753} INFO - DAG(s) dict_keys(['two_task_dag']) retrieved from /workspaces/hands-on-introduction-data-engineering-4395021/airflow/dags/two_task_dag.py
[2023-08-04T03:12:51.753+0000] {logging_mixin.py:137} INFO - [2023-08-04T03:12:51.753+0000] {dag.py:2690} INFO - Sync 1 DAGs
[2023-08-04T03:12:51.771+0000] {logging_mixin.py:137} INFO - [2023-08-04T03:12:51.771+0000] {dag.py:3437} INFO - Setting next_dagrun for two_task_dag to None, run_after=None
[2023-08-04T03:12:51.817+0000] {processor.py:175} INFO - Processing /workspaces/hands-on-introduction-data-engineering-4395021/airflow/dags/two_task_dag.py took 0.108 seconds
[2023-08-04T03:13:21.921+0000] {processor.py:153} INFO - Started process (PID=28321) to work on /workspaces/hands-on-introduction-data-engineering-4395021/airflow/dags/two_task_dag.py
[2023-08-04T03:13:21.923+0000] {processor.py:743} INFO - Processing file /workspaces/hands-on-introduction-data-engineering-4395021/airflow/dags/two_task_dag.py for tasks to queue
[2023-08-04T03:13:21.925+0000] {logging_mixin.py:137} INFO - [2023-08-04T03:13:21.924+0000] {dagbag.py:538} INFO - Filling up the DagBag from /workspaces/hands-on-introduction-data-engineering-4395021/airflow/dags/two_task_dag.py
[2023-08-04T03:13:21.948+0000] {processor.py:753} INFO - DAG(s) dict_keys(['two_task_dag']) retrieved from /workspaces/hands-on-introduction-data-engineering-4395021/airflow/dags/two_task_dag.py
[2023-08-04T03:13:21.968+0000] {logging_mixin.py:137} INFO - [2023-08-04T03:13:21.968+0000] {dag.py:2690} INFO - Sync 1 DAGs
[2023-08-04T03:13:21.989+0000] {logging_mixin.py:137} INFO - [2023-08-04T03:13:21.988+0000] {dag.py:3437} INFO - Setting next_dagrun for two_task_dag to None, run_after=None
[2023-08-04T03:13:22.034+0000] {processor.py:175} INFO - Processing /workspaces/hands-on-introduction-data-engineering-4395021/airflow/dags/two_task_dag.py took 0.117 seconds
[2023-08-04T03:13:52.227+0000] {processor.py:153} INFO - Started process (PID=28523) to work on /workspaces/hands-on-introduction-data-engineering-4395021/airflow/dags/two_task_dag.py
[2023-08-04T03:13:52.228+0000] {processor.py:743} INFO - Processing file /workspaces/hands-on-introduction-data-engineering-4395021/airflow/dags/two_task_dag.py for tasks to queue
[2023-08-04T03:13:52.229+0000] {logging_mixin.py:137} INFO - [2023-08-04T03:13:52.229+0000] {dagbag.py:538} INFO - Filling up the DagBag from /workspaces/hands-on-introduction-data-engineering-4395021/airflow/dags/two_task_dag.py
[2023-08-04T03:13:52.243+0000] {processor.py:753} INFO - DAG(s) dict_keys(['two_task_dag']) retrieved from /workspaces/hands-on-introduction-data-engineering-4395021/airflow/dags/two_task_dag.py
[2023-08-04T03:13:52.259+0000] {logging_mixin.py:137} INFO - [2023-08-04T03:13:52.259+0000] {dag.py:2690} INFO - Sync 1 DAGs
[2023-08-04T03:13:52.277+0000] {logging_mixin.py:137} INFO - [2023-08-04T03:13:52.277+0000] {dag.py:3437} INFO - Setting next_dagrun for two_task_dag to None, run_after=None
[2023-08-04T03:13:52.324+0000] {processor.py:175} INFO - Processing /workspaces/hands-on-introduction-data-engineering-4395021/airflow/dags/two_task_dag.py took 0.100 seconds
[2023-08-04T03:14:22.511+0000] {processor.py:153} INFO - Started process (PID=28721) to work on /workspaces/hands-on-introduction-data-engineering-4395021/airflow/dags/two_task_dag.py
[2023-08-04T03:14:22.512+0000] {processor.py:743} INFO - Processing file /workspaces/hands-on-introduction-data-engineering-4395021/airflow/dags/two_task_dag.py for tasks to queue
[2023-08-04T03:14:22.512+0000] {logging_mixin.py:137} INFO - [2023-08-04T03:14:22.512+0000] {dagbag.py:538} INFO - Filling up the DagBag from /workspaces/hands-on-introduction-data-engineering-4395021/airflow/dags/two_task_dag.py
[2023-08-04T03:14:22.527+0000] {processor.py:753} INFO - DAG(s) dict_keys(['two_task_dag']) retrieved from /workspaces/hands-on-introduction-data-engineering-4395021/airflow/dags/two_task_dag.py
[2023-08-04T03:14:22.543+0000] {logging_mixin.py:137} INFO - [2023-08-04T03:14:22.543+0000] {dag.py:2690} INFO - Sync 1 DAGs
[2023-08-04T03:14:22.562+0000] {logging_mixin.py:137} INFO - [2023-08-04T03:14:22.562+0000] {dag.py:3437} INFO - Setting next_dagrun for two_task_dag to None, run_after=None
[2023-08-04T03:14:22.610+0000] {processor.py:175} INFO - Processing /workspaces/hands-on-introduction-data-engineering-4395021/airflow/dags/two_task_dag.py took 0.102 seconds
[2023-08-04T03:14:52.778+0000] {processor.py:153} INFO - Started process (PID=28913) to work on /workspaces/hands-on-introduction-data-engineering-4395021/airflow/dags/two_task_dag.py
[2023-08-04T03:14:52.779+0000] {processor.py:743} INFO - Processing file /workspaces/hands-on-introduction-data-engineering-4395021/airflow/dags/two_task_dag.py for tasks to queue
[2023-08-04T03:14:52.779+0000] {logging_mixin.py:137} INFO - [2023-08-04T03:14:52.779+0000] {dagbag.py:538} INFO - Filling up the DagBag from /workspaces/hands-on-introduction-data-engineering-4395021/airflow/dags/two_task_dag.py
[2023-08-04T03:14:52.793+0000] {processor.py:753} INFO - DAG(s) dict_keys(['two_task_dag']) retrieved from /workspaces/hands-on-introduction-data-engineering-4395021/airflow/dags/two_task_dag.py
[2023-08-04T03:14:52.809+0000] {logging_mixin.py:137} INFO - [2023-08-04T03:14:52.809+0000] {dag.py:2690} INFO - Sync 1 DAGs
[2023-08-04T03:14:52.827+0000] {logging_mixin.py:137} INFO - [2023-08-04T03:14:52.827+0000] {dag.py:3437} INFO - Setting next_dagrun for two_task_dag to None, run_after=None
[2023-08-04T03:14:52.874+0000] {processor.py:175} INFO - Processing /workspaces/hands-on-introduction-data-engineering-4395021/airflow/dags/two_task_dag.py took 0.099 seconds
[2023-08-04T03:15:23.044+0000] {processor.py:153} INFO - Started process (PID=29113) to work on /workspaces/hands-on-introduction-data-engineering-4395021/airflow/dags/two_task_dag.py
[2023-08-04T03:15:23.045+0000] {processor.py:743} INFO - Processing file /workspaces/hands-on-introduction-data-engineering-4395021/airflow/dags/two_task_dag.py for tasks to queue
[2023-08-04T03:15:23.046+0000] {logging_mixin.py:137} INFO - [2023-08-04T03:15:23.046+0000] {dagbag.py:538} INFO - Filling up the DagBag from /workspaces/hands-on-introduction-data-engineering-4395021/airflow/dags/two_task_dag.py
[2023-08-04T03:15:23.060+0000] {processor.py:753} INFO - DAG(s) dict_keys(['two_task_dag']) retrieved from /workspaces/hands-on-introduction-data-engineering-4395021/airflow/dags/two_task_dag.py
[2023-08-04T03:15:23.076+0000] {logging_mixin.py:137} INFO - [2023-08-04T03:15:23.075+0000] {dag.py:2690} INFO - Sync 1 DAGs
[2023-08-04T03:15:23.093+0000] {logging_mixin.py:137} INFO - [2023-08-04T03:15:23.093+0000] {dag.py:3437} INFO - Setting next_dagrun for two_task_dag to None, run_after=None
[2023-08-04T03:15:23.141+0000] {processor.py:175} INFO - Processing /workspaces/hands-on-introduction-data-engineering-4395021/airflow/dags/two_task_dag.py took 0.100 seconds
[2023-08-04T03:15:53.311+0000] {processor.py:153} INFO - Started process (PID=29306) to work on /workspaces/hands-on-introduction-data-engineering-4395021/airflow/dags/two_task_dag.py
[2023-08-04T03:15:53.312+0000] {processor.py:743} INFO - Processing file /workspaces/hands-on-introduction-data-engineering-4395021/airflow/dags/two_task_dag.py for tasks to queue
[2023-08-04T03:15:53.313+0000] {logging_mixin.py:137} INFO - [2023-08-04T03:15:53.313+0000] {dagbag.py:538} INFO - Filling up the DagBag from /workspaces/hands-on-introduction-data-engineering-4395021/airflow/dags/two_task_dag.py
[2023-08-04T03:15:53.328+0000] {processor.py:753} INFO - DAG(s) dict_keys(['two_task_dag']) retrieved from /workspaces/hands-on-introduction-data-engineering-4395021/airflow/dags/two_task_dag.py
[2023-08-04T03:15:53.345+0000] {logging_mixin.py:137} INFO - [2023-08-04T03:15:53.345+0000] {dag.py:2690} INFO - Sync 1 DAGs
[2023-08-04T03:15:53.364+0000] {logging_mixin.py:137} INFO - [2023-08-04T03:15:53.363+0000] {dag.py:3437} INFO - Setting next_dagrun for two_task_dag to None, run_after=None
[2023-08-04T03:15:53.411+0000] {processor.py:175} INFO - Processing /workspaces/hands-on-introduction-data-engineering-4395021/airflow/dags/two_task_dag.py took 0.103 seconds
[2023-08-04T03:16:23.582+0000] {processor.py:153} INFO - Started process (PID=29540) to work on /workspaces/hands-on-introduction-data-engineering-4395021/airflow/dags/two_task_dag.py
[2023-08-04T03:16:23.583+0000] {processor.py:743} INFO - Processing file /workspaces/hands-on-introduction-data-engineering-4395021/airflow/dags/two_task_dag.py for tasks to queue
[2023-08-04T03:16:23.583+0000] {logging_mixin.py:137} INFO - [2023-08-04T03:16:23.583+0000] {dagbag.py:538} INFO - Filling up the DagBag from /workspaces/hands-on-introduction-data-engineering-4395021/airflow/dags/two_task_dag.py
[2023-08-04T03:16:23.598+0000] {processor.py:753} INFO - DAG(s) dict_keys(['two_task_dag']) retrieved from /workspaces/hands-on-introduction-data-engineering-4395021/airflow/dags/two_task_dag.py
[2023-08-04T03:16:23.615+0000] {logging_mixin.py:137} INFO - [2023-08-04T03:16:23.615+0000] {dag.py:2690} INFO - Sync 1 DAGs
[2023-08-04T03:16:23.637+0000] {logging_mixin.py:137} INFO - [2023-08-04T03:16:23.637+0000] {dag.py:3437} INFO - Setting next_dagrun for two_task_dag to None, run_after=None
[2023-08-04T03:16:23.689+0000] {processor.py:175} INFO - Processing /workspaces/hands-on-introduction-data-engineering-4395021/airflow/dags/two_task_dag.py took 0.110 seconds
[2023-08-04T03:16:53.848+0000] {processor.py:153} INFO - Started process (PID=29787) to work on /workspaces/hands-on-introduction-data-engineering-4395021/airflow/dags/two_task_dag.py
[2023-08-04T03:16:53.849+0000] {processor.py:743} INFO - Processing file /workspaces/hands-on-introduction-data-engineering-4395021/airflow/dags/two_task_dag.py for tasks to queue
[2023-08-04T03:16:53.850+0000] {logging_mixin.py:137} INFO - [2023-08-04T03:16:53.850+0000] {dagbag.py:538} INFO - Filling up the DagBag from /workspaces/hands-on-introduction-data-engineering-4395021/airflow/dags/two_task_dag.py
[2023-08-04T03:16:53.864+0000] {processor.py:753} INFO - DAG(s) dict_keys(['two_task_dag']) retrieved from /workspaces/hands-on-introduction-data-engineering-4395021/airflow/dags/two_task_dag.py
[2023-08-04T03:16:53.881+0000] {logging_mixin.py:137} INFO - [2023-08-04T03:16:53.880+0000] {dag.py:2690} INFO - Sync 1 DAGs
[2023-08-04T03:16:53.899+0000] {logging_mixin.py:137} INFO - [2023-08-04T03:16:53.899+0000] {dag.py:3437} INFO - Setting next_dagrun for two_task_dag to None, run_after=None
[2023-08-04T03:16:53.949+0000] {processor.py:175} INFO - Processing /workspaces/hands-on-introduction-data-engineering-4395021/airflow/dags/two_task_dag.py took 0.104 seconds
[2023-08-04T03:17:24.115+0000] {processor.py:153} INFO - Started process (PID=29980) to work on /workspaces/hands-on-introduction-data-engineering-4395021/airflow/dags/two_task_dag.py
[2023-08-04T03:17:24.116+0000] {processor.py:743} INFO - Processing file /workspaces/hands-on-introduction-data-engineering-4395021/airflow/dags/two_task_dag.py for tasks to queue
[2023-08-04T03:17:24.116+0000] {logging_mixin.py:137} INFO - [2023-08-04T03:17:24.116+0000] {dagbag.py:538} INFO - Filling up the DagBag from /workspaces/hands-on-introduction-data-engineering-4395021/airflow/dags/two_task_dag.py
[2023-08-04T03:17:24.130+0000] {processor.py:753} INFO - DAG(s) dict_keys(['two_task_dag']) retrieved from /workspaces/hands-on-introduction-data-engineering-4395021/airflow/dags/two_task_dag.py
[2023-08-04T03:17:24.147+0000] {logging_mixin.py:137} INFO - [2023-08-04T03:17:24.147+0000] {dag.py:2690} INFO - Sync 1 DAGs
[2023-08-04T03:17:24.165+0000] {logging_mixin.py:137} INFO - [2023-08-04T03:17:24.165+0000] {dag.py:3437} INFO - Setting next_dagrun for two_task_dag to None, run_after=None
[2023-08-04T03:17:24.212+0000] {processor.py:175} INFO - Processing /workspaces/hands-on-introduction-data-engineering-4395021/airflow/dags/two_task_dag.py took 0.100 seconds
[2023-08-04T03:17:54.383+0000] {processor.py:153} INFO - Started process (PID=30180) to work on /workspaces/hands-on-introduction-data-engineering-4395021/airflow/dags/two_task_dag.py
[2023-08-04T03:17:54.383+0000] {processor.py:743} INFO - Processing file /workspaces/hands-on-introduction-data-engineering-4395021/airflow/dags/two_task_dag.py for tasks to queue
[2023-08-04T03:17:54.384+0000] {logging_mixin.py:137} INFO - [2023-08-04T03:17:54.384+0000] {dagbag.py:538} INFO - Filling up the DagBag from /workspaces/hands-on-introduction-data-engineering-4395021/airflow/dags/two_task_dag.py
[2023-08-04T03:17:54.398+0000] {processor.py:753} INFO - DAG(s) dict_keys(['two_task_dag']) retrieved from /workspaces/hands-on-introduction-data-engineering-4395021/airflow/dags/two_task_dag.py
[2023-08-04T03:17:54.414+0000] {logging_mixin.py:137} INFO - [2023-08-04T03:17:54.414+0000] {dag.py:2690} INFO - Sync 1 DAGs
[2023-08-04T03:17:54.432+0000] {logging_mixin.py:137} INFO - [2023-08-04T03:17:54.432+0000] {dag.py:3437} INFO - Setting next_dagrun for two_task_dag to None, run_after=None
[2023-08-04T03:17:54.480+0000] {processor.py:175} INFO - Processing /workspaces/hands-on-introduction-data-engineering-4395021/airflow/dags/two_task_dag.py took 0.100 seconds
[2023-08-04T03:18:24.650+0000] {processor.py:153} INFO - Started process (PID=30373) to work on /workspaces/hands-on-introduction-data-engineering-4395021/airflow/dags/two_task_dag.py
[2023-08-04T03:18:24.651+0000] {processor.py:743} INFO - Processing file /workspaces/hands-on-introduction-data-engineering-4395021/airflow/dags/two_task_dag.py for tasks to queue
[2023-08-04T03:18:24.652+0000] {logging_mixin.py:137} INFO - [2023-08-04T03:18:24.652+0000] {dagbag.py:538} INFO - Filling up the DagBag from /workspaces/hands-on-introduction-data-engineering-4395021/airflow/dags/two_task_dag.py
[2023-08-04T03:18:24.666+0000] {processor.py:753} INFO - DAG(s) dict_keys(['two_task_dag']) retrieved from /workspaces/hands-on-introduction-data-engineering-4395021/airflow/dags/two_task_dag.py
[2023-08-04T03:18:24.683+0000] {logging_mixin.py:137} INFO - [2023-08-04T03:18:24.682+0000] {dag.py:2690} INFO - Sync 1 DAGs
[2023-08-04T03:18:24.700+0000] {logging_mixin.py:137} INFO - [2023-08-04T03:18:24.700+0000] {dag.py:3437} INFO - Setting next_dagrun for two_task_dag to None, run_after=None
[2023-08-04T03:18:24.749+0000] {processor.py:175} INFO - Processing /workspaces/hands-on-introduction-data-engineering-4395021/airflow/dags/two_task_dag.py took 0.102 seconds
