[2023-08-04T18:01:06.793+0000] {taskinstance.py:1083} INFO - Dependencies all met for <TaskInstance: load_dag.load_task manual__2023-08-04T18:01:03.331054+00:00 [queued]>
[2023-08-04T18:01:06.800+0000] {taskinstance.py:1083} INFO - Dependencies all met for <TaskInstance: load_dag.load_task manual__2023-08-04T18:01:03.331054+00:00 [queued]>
[2023-08-04T18:01:06.801+0000] {taskinstance.py:1279} INFO - 
--------------------------------------------------------------------------------
[2023-08-04T18:01:06.801+0000] {taskinstance.py:1280} INFO - Starting attempt 1 of 1
[2023-08-04T18:01:06.801+0000] {taskinstance.py:1281} INFO - 
--------------------------------------------------------------------------------
[2023-08-04T18:01:06.843+0000] {taskinstance.py:1300} INFO - Executing <Task(BashOperator): load_task> on 2023-08-04 18:01:03.331054+00:00
[2023-08-04T18:01:06.846+0000] {standard_task_runner.py:55} INFO - Started process 25211 to run task
[2023-08-04T18:01:06.851+0000] {standard_task_runner.py:82} INFO - Running: ['airflow', 'tasks', 'run', 'load_dag', 'load_task', 'manual__2023-08-04T18:01:03.331054+00:00', '--job-id', '2', '--raw', '--subdir', 'DAGS_FOLDER/load_dag.py', '--cfg-path', '/tmp/tmppae9y1me']
[2023-08-04T18:01:06.853+0000] {standard_task_runner.py:83} INFO - Job 2: Subtask load_task
[2023-08-04T18:01:06.958+0000] {task_command.py:388} INFO - Running <TaskInstance: load_dag.load_task manual__2023-08-04T18:01:03.331054+00:00 [running]> on host codespaces-657b09
[2023-08-04T18:01:07.082+0000] {taskinstance.py:1507} INFO - Exporting the following env vars:
AIRFLOW_CTX_DAG_OWNER=airflow
AIRFLOW_CTX_DAG_ID=load_dag
AIRFLOW_CTX_TASK_ID=load_task
AIRFLOW_CTX_EXECUTION_DATE=2023-08-04T18:01:03.331054+00:00
AIRFLOW_CTX_TRY_NUMBER=1
AIRFLOW_CTX_DAG_RUN_ID=manual__2023-08-04T18:01:03.331054+00:00
[2023-08-04T18:01:07.084+0000] {subprocess.py:63} INFO - Tmp dir root location: 
 /tmp
[2023-08-04T18:01:07.084+0000] {subprocess.py:75} INFO - Running command: ['/usr/bin/bash', '-c', 'echo -e ".separator ","\n.import --skip 1 /workspaces/hands-on-introduction-data-engineering-4395021/lab/orchestrated/airflow-transform-data.csv top_level_domains" | sqlite3 /workspaces/hands-on-introduction-data-engineering-4395021/lab/orchestrated/airflow-load-db.db']
[2023-08-04T18:01:07.103+0000] {subprocess.py:86} INFO - Output:
[2023-08-04T18:01:07.247+0000] {subprocess.py:97} INFO - Command exited with return code 0
[2023-08-04T18:01:07.309+0000] {taskinstance.py:1318} INFO - Marking task as SUCCESS. dag_id=load_dag, task_id=load_task, execution_date=20230804T180103, start_date=20230804T180106, end_date=20230804T180107
[2023-08-04T18:01:07.385+0000] {local_task_job.py:208} INFO - Task exited with return code 0
[2023-08-04T18:01:07.396+0000] {taskinstance.py:2578} INFO - 0 downstream tasks scheduled from follow-on schedule check
