[2023-08-04T19:32:45.616+0000] {taskinstance.py:1083} INFO - Dependencies all met for <TaskInstance: basic_etl_dag.load_task manual__2023-08-04T19:32:32.958313+00:00 [queued]>
[2023-08-04T19:32:45.623+0000] {taskinstance.py:1083} INFO - Dependencies all met for <TaskInstance: basic_etl_dag.load_task manual__2023-08-04T19:32:32.958313+00:00 [queued]>
[2023-08-04T19:32:45.623+0000] {taskinstance.py:1279} INFO - 
--------------------------------------------------------------------------------
[2023-08-04T19:32:45.624+0000] {taskinstance.py:1280} INFO - Starting attempt 1 of 1
[2023-08-04T19:32:45.624+0000] {taskinstance.py:1281} INFO - 
--------------------------------------------------------------------------------
[2023-08-04T19:32:45.683+0000] {taskinstance.py:1300} INFO - Executing <Task(BashOperator): load_task> on 2023-08-04 19:32:32.958313+00:00
[2023-08-04T19:32:45.687+0000] {standard_task_runner.py:55} INFO - Started process 61839 to run task
[2023-08-04T19:32:45.692+0000] {standard_task_runner.py:82} INFO - Running: ['airflow', 'tasks', 'run', 'basic_etl_dag', 'load_task', 'manual__2023-08-04T19:32:32.958313+00:00', '--job-id', '4', '--raw', '--subdir', 'DAGS_FOLDER/basic_etl_dag.py', '--cfg-path', '/tmp/tmplreim2in']
[2023-08-04T19:32:45.693+0000] {standard_task_runner.py:83} INFO - Job 4: Subtask load_task
[2023-08-04T19:32:45.768+0000] {task_command.py:388} INFO - Running <TaskInstance: basic_etl_dag.load_task manual__2023-08-04T19:32:32.958313+00:00 [running]> on host codespaces-657b09
[2023-08-04T19:32:45.996+0000] {taskinstance.py:1507} INFO - Exporting the following env vars:
AIRFLOW_CTX_DAG_OWNER=airflow
AIRFLOW_CTX_DAG_ID=basic_etl_dag
AIRFLOW_CTX_TASK_ID=load_task
AIRFLOW_CTX_EXECUTION_DATE=2023-08-04T19:32:32.958313+00:00
AIRFLOW_CTX_TRY_NUMBER=1
AIRFLOW_CTX_DAG_RUN_ID=manual__2023-08-04T19:32:32.958313+00:00
[2023-08-04T19:32:45.997+0000] {subprocess.py:63} INFO - Tmp dir root location: 
 /tmp
[2023-08-04T19:32:45.998+0000] {subprocess.py:75} INFO - Running command: ['/usr/bin/bash', '-c', 'echo -e ".separator ","\n.import --skip 1 /workspaces/hands-on-introduction-data-engineering-4395021/lab/end-to-end/basic-etl-transform-data.csv top_level_domains" | sqlite3 /workspaces/hands-on-introduction-data-engineering-4395021/lab/end-to-end/basic-etl-load-db.db']
[2023-08-04T19:32:46.006+0000] {subprocess.py:86} INFO - Output:
[2023-08-04T19:32:46.058+0000] {subprocess.py:97} INFO - Command exited with return code 0
[2023-08-04T19:32:46.108+0000] {taskinstance.py:1318} INFO - Marking task as SUCCESS. dag_id=basic_etl_dag, task_id=load_task, execution_date=20230804T193232, start_date=20230804T193245, end_date=20230804T193246
[2023-08-04T19:32:46.184+0000] {local_task_job.py:208} INFO - Task exited with return code 0
[2023-08-04T19:32:46.195+0000] {taskinstance.py:2578} INFO - 0 downstream tasks scheduled from follow-on schedule check
